10:05:44.890 [Error] - 授权Key不存在！
10:06:00.171 Exit.

10:06:14.615 Start...
10:06:14.616 Config file: D:\Projects\LSApp-1215\x64\Debug\Config.ini
10:06:14.616 Script file: D:\Projects\LSApp-1215\x64\Debug\Script\PhoneWatch_231123.ini
10:07:04.845 [Error] - 授权Key不存在！
10:07:12.804 Exit.

10:07:31.614 Start...
10:07:31.615 Config file: D:\Projects\LSApp-1215\x64\Debug\Config.ini
10:07:31.615 Script file: D:\Projects\LSApp-1215\x64\Debug\Script\PhoneWatch_231123.ini
10:08:17.257 [Error] - 授权Key不存在！
10:08:24.991 [Error] - 打开Slot1端口(COM5, Baud=921600)异常: The port not exists.
10:08:24.991 [Error] - 打开Slot2端口(COM4, Baud=921600)异常: The port not exists.
10:08:24.992 [Error] - 打开Slot3端口(COM6, Baud=921600)异常: The port not exists.
10:08:24.992 [Error] - 打开Slot4端口(COM7, Baud=921600)异常: The port not exists.
10:08:31.789 测试开始...
10:09:10.956 Start...
10:09:10.957 Config file: D:\Projects\LSApp-1215\x64\Debug\Config.ini
10:09:10.957 Script file: D:\Projects\LSApp-1215\x64\Debug\Script\PhoneWatch_231123.ini
10:09:56.762 [Error] - 授权Key不存在！
10:10:01.340 [Error] - 打开Slot1端口(COM5, Baud=921600)异常: The port not exists.
10:10:01.341 [Error] - 打开Slot2端口(COM4, Baud=921600)异常: The port not exists.
10:10:01.342 [Error] - 打开Slot3端口(COM6, Baud=921600)异常: The port not exists.
10:10:01.343 [Error] - 打开Slot4端口(COM7, Baud=921600)异常: The port not exists.
10:10:08.527 测试开始...
10:10:59.234 Start...
10:10:59.235 Config file: D:\Projects\LSApp-1215\x64\Debug\Config.ini
10:10:59.235 Script file: D:\Projects\LSApp-1215\x64\Debug\Script\PhoneWatch_231123.ini
10:11:43.417 [Error] - 授权Key不存在！
10:11:47.936 [Error] - 打开Slot1端口(COM5, Baud=921600)异常: The port not exists.
10:11:47.937 [Error] - 打开Slot2端口(COM4, Baud=921600)异常: The port not exists.
10:11:47.937 [Error] - 打开Slot3端口(COM6, Baud=921600)异常: The port not exists.
10:11:47.938 [Error] - 打开Slot4端口(COM7, Baud=921600)异常: The port not exists.
10:11:51.928 测试开始...
10:11:51.930 [Error] - Slot1蓝牙适配器端口未打开！
10:11:51.930 [Error] - Slot2蓝牙适配器端口未打开！
10:11:51.930 [Error] - Slot3蓝牙适配器端口未打开！
10:11:51.930 [Error] - Slot4蓝牙适配器端口未打开！
10:11:51.931 DUT1蓝牙ID: ACB1EEDF216B
10:11:51.931 [Error] - Slot1蓝牙适配器端口未打开！
10:11:51.931 DUT2蓝牙ID: ACB1EEDF21D3
10:11:51.931 [Error] - Slot2蓝牙适配器端口未打开！
10:11:51.931 DUT3蓝牙ID: ACB1EEDF22B3
10:11:51.932 [Error] - Slot3蓝牙适配器端口未打开！
10:11:51.932 DUT4蓝牙ID: ACB1EEDF22BC
10:11:51.932 [Error] - Slot4蓝牙适配器端口未打开！
10:11:51.933 Spk模式测试开始...
10:11:51.934 Spk Mode
10:11:51.934 [Error] - Slot1蓝牙适配器未连接成功！
10:11:51.934 [Error] - Slot2蓝牙适配器未连接成功！
10:11:51.935 [Error] - Slot3蓝牙适配器未连接成功！
10:11:51.935 [Error] - Slot4蓝牙适配器未连接成功！
10:11:51.936 Spk模式测试完成
10:11:51.936 开始计算数据...
10:23:29.830 Start...
10:23:29.831 Config file: D:\soft\LSApp-1216\x64\Debug\Config.ini
10:23:29.832 Script file: D:\soft\LSApp-1216\x64\Debug\Script\PhoneWatch_231123.ini
10:24:09.254 [Error] - 授权Key不存在！
10:24:49.222 打开Slot1端口(COM5, Baud=921600)成功
10:24:49.438 打开Slot2端口(COM4, Baud=921600)成功
10:24:49.655 打开Slot3端口(COM6, Baud=921600)成功
10:24:49.872 打开Slot4端口(COM7, Baud=921600)成功
10:24:59.134 测试开始...
10:24:59.136 DUT1蓝牙ID: ACB1EEDF216B
10:24:59.209 Slot1执行蓝牙适配器命令(>PROFILE_SET=0&0)成功
10:25:01.291 Slot1执行蓝牙适配器命令(>CONN=ACB1EEDF216B)成功
10:25:01.806 Slot1执行蓝牙适配器命令(>SCO_DISC)成功
10:25:02.318 Slot1执行蓝牙适配器命令(>SCO_CONN)成功
10:25:02.320 Slot1连接蓝牙成功
10:25:02.321 DUT2蓝牙ID: ACB1EEDF21D3
10:25:02.365 Slot2执行蓝牙适配器命令(>PROFILE_SET=0&0)成功
10:25:04.094 Slot2执行蓝牙适配器命令(>CONN=ACB1EEDF21D3)成功
10:25:04.605 Slot2执行蓝牙适配器命令(>SCO_DISC)成功
10:25:05.118 Slot2执行蓝牙适配器命令(>SCO_CONN)成功
10:25:05.119 Slot2连接蓝牙成功
10:25:05.120 DUT3蓝牙ID: ACB1EEDF22B3
10:25:05.164 Slot3执行蓝牙适配器命令(>PROFILE_SET=0&0)成功
10:25:06.459 Slot3执行蓝牙适配器命令(>CONN=ACB1EEDF22B3)成功
10:25:06.968 Slot3执行蓝牙适配器命令(>SCO_DISC)成功
10:25:07.482 Slot3执行蓝牙适配器命令(>SCO_CONN)成功
10:25:07.483 Slot3连接蓝牙成功
10:25:07.484 DUT4蓝牙ID: ACB1EEDF22BC
10:25:07.527 Slot4执行蓝牙适配器命令(>PROFILE_SET=0&0)成功
10:25:08.772 Slot4执行蓝牙适配器命令(>CONN=ACB1EEDF22BC)成功
10:25:09.286 Slot4执行蓝牙适配器命令(>SCO_DISC)成功
10:25:09.801 Slot4执行蓝牙适配器命令(>SCO_CONN)成功
10:25:09.802 Slot4连接蓝牙成功
10:25:09.806 Spk模式测试开始...
10:25:09.806 Spk Mode
10:25:31.567 Spk模式测试完成
10:25:31.567 开始计算数据...
10:25:31.569 Slot1路由检查失败...
10:25:33.843 Slot2路由检查失败...
10:25:34.597 Slot3路由检查失败...
10:25:35.081 Slot4路由检查失败...
10:25:35.602 Mic模式测试开始...
10:25:57.573 Mic模式测试完成
10:25:57.573 开始计算数据...
10:25:57.573 Slot1路由检查失败...
10:25:59.183 Slot2路由检查失败...
10:25:59.615 Slot3路由检查失败...
10:26:00.029 Slot4路由检查失败...
10:26:00.444 测试完成

10:29:17.999 Start...
10:29:18.000 Config file: D:\soft\LSApp-1216\x64\Debug\Config.ini
10:29:18.000 Script file: D:\soft\LSApp-1216\x64\Debug\Script\PhoneWatch_231123.ini
10:29:59.703 [Error] - 授权Key不存在！
10:30:13.831 打开Slot1端口(COM5, Baud=921600)成功
10:30:14.048 打开Slot2端口(COM4, Baud=921600)成功
10:30:14.266 打开Slot3端口(COM6, Baud=921600)成功
10:30:14.483 打开Slot4端口(COM7, Baud=921600)成功
10:30:20.325 测试开始...
10:30:20.327 DUT1蓝牙ID: ACB1EEDF216B
10:30:20.401 Slot1执行蓝牙适配器命令(>PROFILE_SET=0&0)成功
10:30:22.225 Slot1执行蓝牙适配器命令(>CONN=ACB1EEDF216B)成功
10:30:22.734 Slot1执行蓝牙适配器命令(>SCO_DISC)成功
10:30:23.245 Slot1执行蓝牙适配器命令(>SCO_CONN)成功
10:30:23.246 Slot1连接蓝牙成功
10:30:23.247 DUT2蓝牙ID: ACB1EEDF21D3
10:30:33.274 [Error] - Slot2执行蓝牙适配器命令(>PROFILE_SET=0&0)超时
10:30:33.276 DUT3蓝牙ID: ACB1EEDF22B3
10:30:33.306 Slot3执行蓝牙适配器命令(>PROFILE_SET=0&0)成功
10:30:36.247 Slot3执行蓝牙适配器命令(>CONN=ACB1EEDF22B3)成功
10:30:36.760 Slot3执行蓝牙适配器命令(>SCO_DISC)成功
10:30:37.274 Slot3执行蓝牙适配器命令(>SCO_CONN)成功
10:30:37.275 Slot3连接蓝牙成功
10:30:37.276 DUT4蓝牙ID: ACB1EEDF22BC
10:30:37.320 Slot4执行蓝牙适配器命令(>PROFILE_SET=0&0)成功
10:30:38.844 Slot4执行蓝牙适配器命令(>CONN=ACB1EEDF22BC)成功
10:30:39.356 Slot4执行蓝牙适配器命令(>SCO_DISC)成功
10:30:39.871 Slot4执行蓝牙适配器命令(>SCO_CONN)成功
10:30:39.872 Slot4连接蓝牙成功
10:30:39.874 Spk模式测试开始...
10:30:39.874 Spk Mode
10:30:45.349 [Error] - Slot2蓝牙适配器未连接成功！
10:30:56.204 Spk模式测试完成
10:30:56.205 开始计算数据...
10:30:56.274 Slot1路由检查失败...
10:31:04.640 Slot2路由检查失败...
10:31:05.424 Slot3路由检查失败...
10:31:05.925 Slot4路由检查失败...
10:31:06.599 Mic模式测试开始...
10:31:28.973 Mic模式测试完成
10:31:28.974 开始计算数据...
10:31:29.000 Slot1路由检查失败...
10:31:32.309 Slot2路由检查失败...
10:31:32.945 Slot3路由检查失败...
10:31:33.937 Slot4路由检查失败...
10:31:34.726 测试完成

10:33:24.716 Start...
10:33:24.717 Config file: D:\soft\LSApp-1216\x64\Debug\Config.ini
10:33:24.717 Script file: D:\soft\LSApp-1216\x64\Debug\Script\PhoneWatch_231123.ini
10:34:04.702 [Error] - 授权Key不存在！
10:34:29.251 打开Slot1端口(COM5, Baud=921600)成功
10:34:29.470 打开Slot2端口(COM4, Baud=921600)成功
10:34:29.687 打开Slot3端口(COM6, Baud=921600)成功
10:34:29.904 打开Slot4端口(COM7, Baud=921600)成功
10:34:34.245 测试开始...
10:34:34.246 DUT1蓝牙ID: ACB1EEDF216B
10:34:34.337 Slot1执行蓝牙适配器命令(>PROFILE_SET=0&0)成功
10:34:36.169 Slot1执行蓝牙适配器命令(>CONN=ACB1EEDF216B)成功
10:34:36.683 Slot1执行蓝牙适配器命令(>SCO_DISC)成功
10:34:37.195 Slot1执行蓝牙适配器命令(>SCO_CONN)成功
10:34:37.196 Slot1连接蓝牙成功
10:34:37.198 DUT2蓝牙ID: ACB1EEDF21D3
10:34:37.242 Slot2执行蓝牙适配器命令(>PROFILE_SET=0&0)成功
10:34:39.439 Slot2执行蓝牙适配器命令(>CONN=ACB1EEDF21D3)成功
10:34:39.955 Slot2执行蓝牙适配器命令(>SCO_DISC)成功
10:34:40.469 Slot2执行蓝牙适配器命令(>SCO_CONN)成功
10:34:40.470 Slot2连接蓝牙成功
10:34:40.471 DUT3蓝牙ID: ACB1EEDF22B3
10:34:40.514 Slot3执行蓝牙适配器命令(>PROFILE_SET=0&0)成功
10:34:42.503 Slot3执行蓝牙适配器命令(>CONN=ACB1EEDF22B3)成功
10:34:43.016 Slot3执行蓝牙适配器命令(>SCO_DISC)成功
10:34:43.530 Slot3执行蓝牙适配器命令(>SCO_CONN)成功
10:34:43.531 Slot3连接蓝牙成功
10:34:43.532 DUT4蓝牙ID: ACB1EEDF22BC
10:34:43.576 Slot4执行蓝牙适配器命令(>PROFILE_SET=0&0)成功
10:34:47.360 Slot4执行蓝牙适配器命令(>CONN=ACB1EEDF22BC)成功
10:34:47.876 Slot4执行蓝牙适配器命令(>SCO_DISC)成功
10:34:48.390 Slot4执行蓝牙适配器命令(>SCO_CONN)成功
10:34:48.391 Slot4连接蓝牙成功
10:34:48.394 Spk模式测试开始...
10:34:48.394 Spk Mode
10:35:10.160 Spk模式测试完成
10:35:10.160 开始计算数据...
10:35:23.046 Mic模式测试开始...
10:35:45.241 Mic模式测试完成
10:35:45.242 开始计算数据...
10:35:57.374 测试完成

11:22:44.475 Start...
11:22:44.475 Config file: D:\soft\LSApp-1216\x64\Debug\Config.ini
11:22:44.476 Script file: D:\soft\LSApp-1216\x64\Debug\Script\PhoneWatch_231123.ini
11:23:22.008 Start...
11:23:22.008 Config file: D:\soft\LSApp-1216\x64\Debug\Config.ini
11:23:22.009 Script file: D:\soft\LSApp-1216\x64\Debug\Script\PhoneWatch_231123.ini
11:24:03.346 [Error] - 授权Key不存在！
11:24:20.666 打开Slot1端口(COM5, Baud=921600)成功
11:24:20.883 打开Slot2端口(COM4, Baud=921600)成功
11:24:21.100 打开Slot3端口(COM6, Baud=921600)成功
11:24:21.318 打开Slot4端口(COM7, Baud=921600)成功
11:24:52.367 测试开始...
11:24:52.369 DUT1蓝牙ID: ACB1EEDF22BC
11:24:52.445 Slot1执行蓝牙适配器命令(>PROFILE_SET=0&0)成功
11:24:54.270 Slot1执行蓝牙适配器命令(>CONN=ACB1EEDF22BC)成功
11:24:54.784 Slot1执行蓝牙适配器命令(>SCO_DISC)成功
11:24:55.296 Slot1执行蓝牙适配器命令(>SCO_CONN)成功
11:24:55.297 Slot1连接蓝牙成功
11:24:55.299 DUT2蓝牙ID: ACB1EEDF21D3
11:24:55.341 Slot2执行蓝牙适配器命令(>PROFILE_SET=0&0)成功
11:24:56.789 Slot2执行蓝牙适配器命令(>CONN=ACB1EEDF21D3)成功
11:24:57.300 Slot2执行蓝牙适配器命令(>SCO_DISC)成功
11:24:57.816 Slot2执行蓝牙适配器命令(>SCO_CONN)成功
11:24:57.817 Slot2连接蓝牙成功
11:24:57.818 DUT3蓝牙ID: ACB1EEDF216B
11:24:57.862 Slot3执行蓝牙适配器命令(>PROFILE_SET=0&0)成功
11:24:59.417 Slot3执行蓝牙适配器命令(>CONN=ACB1EEDF216B)成功
11:24:59.931 Slot3执行蓝牙适配器命令(>SCO_DISC)成功
11:25:00.444 Slot3执行蓝牙适配器命令(>SCO_CONN)成功
11:25:00.445 Slot3连接蓝牙成功
11:25:00.446 DUT4蓝牙ID: ACB1EEDF22B3
11:25:00.490 Slot4执行蓝牙适配器命令(>PROFILE_SET=0&0)成功
11:25:01.940 Slot4执行蓝牙适配器命令(>CONN=ACB1EEDF22B3)成功
11:25:02.455 Slot4执行蓝牙适配器命令(>SCO_DISC)成功
11:25:02.969 Slot4执行蓝牙适配器命令(>SCO_CONN)成功
11:25:02.970 Slot4连接蓝牙成功
11:25:02.973 Spk模式测试开始...
11:25:02.973 Spk Mode
11:25:24.737 Spk模式测试完成
11:25:24.738 开始计算数据...
11:26:41.732 Start...
11:26:41.733 Config file: D:\soft\LSApp-1216\x64\Debug\Config.ini
11:26:41.733 Script file: D:\soft\LSApp-1216\x64\Debug\Script\PhoneWatch_231123.ini
11:29:08.707 [Error] - 授权Key不存在！
11:29:18.953 打开Slot1端口(COM5, Baud=921600)成功
11:29:19.170 打开Slot2端口(COM4, Baud=921600)成功
11:29:19.387 打开Slot3端口(COM6, Baud=921600)成功
11:29:19.606 打开Slot4端口(COM7, Baud=921600)成功
11:29:44.751 测试开始...
11:29:44.752 DUT1蓝牙ID: ACB1EEDF22BC
11:29:44.838 Slot1执行蓝牙适配器命令(>PROFILE_SET=0&0)成功
11:29:46.694 Slot1执行蓝牙适配器命令(>CONN=ACB1EEDF22BC)成功
11:29:47.205 Slot1执行蓝牙适配器命令(>SCO_DISC)成功
11:29:47.718 Slot1执行蓝牙适配器命令(>SCO_CONN)成功
11:29:47.718 Slot1连接蓝牙成功
11:29:47.719 DUT2蓝牙ID: ACB1EEDF21D3
11:29:47.749 Slot2执行蓝牙适配器命令(>PROFILE_SET=0&0)成功
11:29:49.189 Slot2执行蓝牙适配器命令(>CONN=ACB1EEDF21D3)成功
11:29:49.692 Slot2执行蓝牙适配器命令(>SCO_DISC)成功
11:29:50.206 Slot2执行蓝牙适配器命令(>SCO_CONN)成功
11:29:50.207 Slot2连接蓝牙成功
11:29:50.208 DUT3蓝牙ID: ACB1EEDF216B
11:29:50.250 Slot3执行蓝牙适配器命令(>PROFILE_SET=0&0)成功
11:29:51.777 Slot3执行蓝牙适配器命令(>CONN=ACB1EEDF216B)成功
11:29:52.291 Slot3执行蓝牙适配器命令(>SCO_DISC)成功
11:29:52.805 Slot3执行蓝牙适配器命令(>SCO_CONN)成功
11:29:52.806 Slot3连接蓝牙成功
11:29:52.807 DUT4蓝牙ID: ACB1EEDF22B3
11:29:52.836 Slot4执行蓝牙适配器命令(>PROFILE_SET=0&0)成功
11:29:54.316 Slot4执行蓝牙适配器命令(>CONN=ACB1EEDF22B3)成功
11:29:54.833 Slot4执行蓝牙适配器命令(>SCO_DISC)成功
11:29:55.347 Slot4执行蓝牙适配器命令(>SCO_CONN)成功
11:29:55.348 Slot4连接蓝牙成功
11:29:55.351 Spk模式测试开始...
11:29:55.352 Spk Mode
11:30:17.135 Spk模式测试完成
11:30:17.135 开始计算数据...
11:31:24.033 Start...
11:31:24.034 Config file: D:\soft\LSApp-1216\x64\Debug\Config.ini
11:31:24.034 Script file: D:\soft\LSApp-1216\x64\Debug\Script\PhoneWatch_231123.ini
11:32:07.765 [Error] - 授权Key不存在！
11:32:16.609 打开Slot1端口(COM5, Baud=921600)成功
11:32:16.827 打开Slot2端口(COM4, Baud=921600)成功
11:32:17.046 打开Slot3端口(COM6, Baud=921600)成功
11:32:17.262 打开Slot4端口(COM7, Baud=921600)成功
11:32:44.567 测试开始...
11:32:44.568 DUT1蓝牙ID: ACB1EEDF22BC
11:32:44.649 Slot1执行蓝牙适配器命令(>PROFILE_SET=0&0)成功
11:32:46.473 Slot1执行蓝牙适配器命令(>CONN=ACB1EEDF22BC)成功
11:32:46.987 Slot1执行蓝牙适配器命令(>SCO_DISC)成功
11:32:47.501 Slot1执行蓝牙适配器命令(>SCO_CONN)成功
11:32:47.502 Slot1连接蓝牙成功
11:32:47.503 DUT2蓝牙ID: ACB1EEDF21D3
11:32:47.546 Slot2执行蓝牙适配器命令(>PROFILE_SET=0&0)成功
11:32:49.007 Slot2执行蓝牙适配器命令(>CONN=ACB1EEDF21D3)成功
11:32:49.521 Slot2执行蓝牙适配器命令(>SCO_DISC)成功
11:32:50.033 Slot2执行蓝牙适配器命令(>SCO_CONN)成功
11:32:50.034 Slot2连接蓝牙成功
11:32:50.035 DUT3蓝牙ID: ACB1EEDF216B
11:32:50.064 Slot3执行蓝牙适配器命令(>PROFILE_SET=0&0)成功
11:32:51.538 Slot3执行蓝牙适配器命令(>CONN=ACB1EEDF216B)成功
11:32:52.051 Slot3执行蓝牙适配器命令(>SCO_DISC)成功
11:32:52.566 Slot3执行蓝牙适配器命令(>SCO_CONN)成功
11:32:52.567 Slot3连接蓝牙成功
11:32:52.568 DUT4蓝牙ID: ACB1EEDF22B3
11:32:52.611 Slot4执行蓝牙适配器命令(>PROFILE_SET=0&0)成功
11:32:54.107 Slot4执行蓝牙适配器命令(>CONN=ACB1EEDF22B3)成功
11:32:54.623 Slot4执行蓝牙适配器命令(>SCO_DISC)成功
11:32:55.133 Slot4执行蓝牙适配器命令(>SCO_CONN)成功
11:32:55.134 Slot4连接蓝牙成功
11:32:55.138 Spk模式测试开始...
11:32:55.138 Spk Mode
11:33:16.918 Spk模式测试完成
11:33:16.918 开始计算数据...
11:33:59.535 Mic模式测试开始...
11:34:21.636 Mic模式测试完成
11:34:21.636 开始计算数据...
11:34:33.913 测试完成

11:35:52.553 Start...
11:35:52.554 Config file: D:\soft\LSApp-1216\x64\Debug\Config.ini
11:35:52.554 Script file: D:\soft\LSApp-1216\x64\Debug\Script\PhoneWatch_231123.ini
11:36:32.677 [Error] - 授权Key不存在！
11:37:30.184 打开Slot1端口(COM5, Baud=921600)成功
11:37:30.399 打开Slot2端口(COM4, Baud=921600)成功
11:37:30.616 打开Slot3端口(COM6, Baud=921600)成功
11:37:30.834 打开Slot4端口(COM7, Baud=921600)成功
11:37:54.287 测试开始...
11:37:54.288 DUT1蓝牙ID: ACB1EEDF22BC
11:37:54.379 Slot1执行蓝牙适配器命令(>PROFILE_SET=0&0)成功
11:37:56.216 Slot1执行蓝牙适配器命令(>CONN=ACB1EEDF22BC)成功
11:37:56.732 Slot1执行蓝牙适配器命令(>SCO_DISC)成功
11:37:57.242 Slot1执行蓝牙适配器命令(>SCO_CONN)成功
11:37:57.244 Slot1连接蓝牙成功
11:37:57.245 DUT2蓝牙ID: ACB1EEDF21D3
11:37:57.287 Slot2执行蓝牙适配器命令(>PROFILE_SET=0&0)成功
11:37:58.723 Slot2执行蓝牙适配器命令(>CONN=ACB1EEDF21D3)成功
11:37:59.238 Slot2执行蓝牙适配器命令(>SCO_DISC)成功
11:37:59.750 Slot2执行蓝牙适配器命令(>SCO_CONN)成功
11:37:59.751 Slot2连接蓝牙成功
11:37:59.752 DUT3蓝牙ID: ACB1EEDF216B
11:38:09.773 [Error] - Slot3执行蓝牙适配器命令(>PROFILE_SET=0&0)超时
11:38:09.774 DUT4蓝牙ID: ACB1EEDF22B3
11:38:09.804 Slot4执行蓝牙适配器命令(>PROFILE_SET=0&0)成功
11:38:11.532 Slot4执行蓝牙适配器命令(>CONN=ACB1EEDF22B3)成功
11:38:12.046 Slot4执行蓝牙适配器命令(>SCO_DISC)成功
11:38:12.558 Slot4执行蓝牙适配器命令(>SCO_CONN)成功
11:38:12.559 Slot4连接蓝牙成功
11:38:12.562 Spk模式测试开始...
11:38:12.562 Spk Mode
11:38:23.473 [Error] - Slot3蓝牙适配器未连接成功！
11:38:28.920 Spk模式测试完成
11:38:28.921 开始计算数据...
11:38:40.283 Mic模式测试开始...
11:39:02.462 Mic模式测试完成
11:39:02.462 开始计算数据...
11:39:14.668 测试完成

11:42:43.210 测试开始...
11:42:43.230 Spk模式测试开始...
11:42:43.230 Spk Mode
11:42:54.062 [Error] - Slot3蓝牙适配器未连接成功！
11:42:59.479 Spk模式测试完成
11:42:59.479 开始计算数据...
11:43:04.420 Mic模式测试开始...
11:43:25.824 Mic模式测试完成
11:43:25.824 开始计算数据...
11:43:37.153 测试完成

11:44:56.043 Start...
11:44:56.044 Config file: D:\soft\LSApp-1216\x64\Debug\Config.ini
11:44:56.045 Script file: D:\soft\LSApp-1216\x64\Debug\Script\PhoneWatch_231123.ini
11:45:35.744 [Error] - 授权Key不存在！
11:49:16.518 Start...
11:49:16.519 Config file: D:\soft\LSApp-1216\x64\Debug\Config.ini
11:49:16.520 Script file: D:\soft\LSApp-1216\x64\Debug\Script\PhoneWatch_231123.ini
11:49:56.960 [Error] - 授权Key不存在！
11:50:13.506 打开Slot1端口(COM5, Baud=921600)成功
11:50:13.723 打开Slot2端口(COM4, Baud=921600)成功
11:50:13.940 打开Slot3端口(COM6, Baud=921600)成功
11:50:14.158 打开Slot4端口(COM7, Baud=921600)成功
11:50:49.000 测试开始...
11:50:49.002 DUT1蓝牙ID: ACB1EEDF22BC
11:50:49.101 Slot1执行蓝牙适配器命令(>PROFILE_SET=0&0)成功
11:50:50.969 Slot1执行蓝牙适配器命令(>CONN=ACB1EEDF22BC)成功
11:50:51.484 Slot1执行蓝牙适配器命令(>SCO_DISC)成功
11:50:52.001 Slot1执行蓝牙适配器命令(>SCO_CONN)成功
11:50:52.002 Slot1连接蓝牙成功
11:50:52.003 DUT2蓝牙ID: ACB1EEDF21D3
11:50:52.046 Slot2执行蓝牙适配器命令(>PROFILE_SET=0&0)成功
11:50:53.418 Slot2执行蓝牙适配器命令(>CONN=ACB1EEDF21D3)成功
11:50:53.933 Slot2执行蓝牙适配器命令(>SCO_DISC)成功
11:50:54.448 Slot2执行蓝牙适配器命令(>SCO_CONN)成功
11:50:54.449 Slot2连接蓝牙成功
11:50:54.450 DUT3蓝牙ID: ACB1EEDF216B
11:50:54.479 Slot3执行蓝牙适配器命令(>PROFILE_SET=0&0)成功
11:50:55.634 Slot3执行蓝牙适配器命令(>CONN=ACB1EEDF216B)成功
11:50:56.149 Slot3执行蓝牙适配器命令(>SCO_DISC)成功
11:50:56.661 Slot3执行蓝牙适配器命令(>SCO_CONN)成功
11:50:56.662 Slot3连接蓝牙成功
11:50:56.663 DUT4蓝牙ID: ACB1EEDF22B3
11:50:56.692 Slot4执行蓝牙适配器命令(>PROFILE_SET=0&0)成功
11:50:58.577 Slot4执行蓝牙适配器命令(>CONN=ACB1EEDF22B3)成功
11:50:59.090 Slot4执行蓝牙适配器命令(>SCO_DISC)成功
11:50:59.603 Slot4执行蓝牙适配器命令(>SCO_CONN)成功
11:50:59.604 Slot4连接蓝牙成功
11:50:59.608 Spk模式测试开始...
11:50:59.608 Spk Mode
11:51:21.386 Spk模式测试完成
11:51:21.386 开始计算数据...
11:51:33.016 Mic模式测试开始...
11:51:55.241 Mic模式测试完成
11:51:55.242 开始计算数据...
11:52:07.531 测试完成

11:59:58.284 Start...
11:59:58.285 Config file: D:\soft\LSApp-1216\x64\Debug\Config.ini
11:59:58.285 Script file: D:\soft\LSApp-1216\x64\Debug\Script\PhoneWatch_231123.ini
12:00:39.534 [Error] - 授权Key不存在！
12:01:21.110 打开Slot1端口(COM5, Baud=921600)成功
12:01:21.326 打开Slot2端口(COM4, Baud=921600)成功
12:01:21.545 打开Slot3端口(COM6, Baud=921600)成功
12:01:21.762 打开Slot4端口(COM7, Baud=921600)成功
12:02:18.200 测试开始...
12:02:18.202 DUT1蓝牙ID: ACB1EEDF22BC
12:02:18.292 Slot1执行蓝牙适配器命令(>PROFILE_SET=0&0)成功
12:02:20.131 Slot1执行蓝牙适配器命令(>CONN=ACB1EEDF22BC)成功
12:02:20.643 Slot1执行蓝牙适配器命令(>SCO_DISC)成功
12:02:21.153 Slot1执行蓝牙适配器命令(>SCO_CONN)成功
12:02:21.154 Slot1连接蓝牙成功
12:02:21.155 DUT2蓝牙ID: ACB1EEDF21D3
12:02:21.198 Slot2执行蓝牙适配器命令(>PROFILE_SET=0&0)成功
12:02:22.647 Slot2执行蓝牙适配器命令(>CONN=ACB1EEDF21D3)成功
12:02:23.160 Slot2执行蓝牙适配器命令(>SCO_DISC)成功
12:02:23.673 Slot2执行蓝牙适配器命令(>SCO_CONN)成功
12:02:23.674 Slot2连接蓝牙成功
12:02:23.675 DUT3蓝牙ID: ACB1EEDF216B
12:02:23.718 Slot3执行蓝牙适配器命令(>PROFILE_SET=0&0)成功
12:02:25.225 Slot3执行蓝牙适配器命令(>CONN=ACB1EEDF216B)成功
12:02:25.739 Slot3执行蓝牙适配器命令(>SCO_DISC)成功
12:02:26.250 Slot3执行蓝牙适配器命令(>SCO_CONN)成功
12:02:26.251 Slot3连接蓝牙成功
12:02:26.252 DUT4蓝牙ID: ACB1EEDF22B3
12:02:36.280 [Error] - Slot4执行蓝牙适配器命令(>PROFILE_SET=0&0)超时
12:02:36.284 Spk模式测试开始...
12:02:36.285 Spk Mode
12:02:52.543 [Error] - Slot4蓝牙适配器未连接成功！
12:02:52.544 Spk模式测试完成
12:02:52.544 开始计算数据...
12:03:03.500 Mic模式测试开始...
12:03:25.550 Mic模式测试完成
12:03:25.550 开始计算数据...
12:03:37.939 测试完成

12:09:43.272 Start...
12:09:43.272 Config file: D:\soft\LSApp-1216\x64\Debug\Config.ini
12:09:43.273 Script file: D:\soft\LSApp-1216\x64\Debug\Script\PhoneWatch_231123.ini
12:10:23.501 [Error] - 授权Key不存在！
12:10:50.159 打开Slot1端口(COM5, Baud=921600)成功
12:10:50.377 打开Slot2端口(COM4, Baud=921600)成功
12:10:50.595 打开Slot3端口(COM6, Baud=921600)成功
12:10:50.811 打开Slot4端口(COM7, Baud=921600)成功
12:11:13.462 测试开始...
12:11:13.464 DUT1蓝牙ID: ACB1EEDF22BC
12:11:13.547 Slot1执行蓝牙适配器命令(>PROFILE_SET=0&0)成功
12:11:15.354 Slot1执行蓝牙适配器命令(>CONN=ACB1EEDF22BC)成功
12:11:15.870 Slot1执行蓝牙适配器命令(>SCO_DISC)成功
12:11:16.382 Slot1执行蓝牙适配器命令(>SCO_CONN)成功
12:11:16.383 Slot1连接蓝牙成功
12:11:16.384 DUT2蓝牙ID: ACB1EEDF21D3
12:11:16.413 Slot2执行蓝牙适配器命令(>PROFILE_SET=0&0)成功
12:11:17.902 Slot2执行蓝牙适配器命令(>CONN=ACB1EEDF21D3)成功
12:11:18.418 Slot2执行蓝牙适配器命令(>SCO_DISC)成功
12:11:18.933 Slot2执行蓝牙适配器命令(>SCO_CONN)成功
12:11:18.934 Slot2连接蓝牙成功
12:11:18.935 DUT3蓝牙ID: ACB1EEDF216B
12:11:28.962 [Error] - Slot3执行蓝牙适配器命令(>PROFILE_SET=0&0)超时
12:11:28.963 DUT4蓝牙ID: ACB1EEDF22B3
12:11:28.993 Slot4执行蓝牙适配器命令(>PROFILE_SET=0&0)成功
12:11:30.457 Slot4执行蓝牙适配器命令(>CONN=ACB1EEDF22B3)成功
12:11:30.975 Slot4执行蓝牙适配器命令(>SCO_DISC)成功
12:11:31.486 Slot4执行蓝牙适配器命令(>SCO_CONN)成功
12:11:31.491 Slot4连接蓝牙成功
12:11:31.495 Spk模式测试开始...
12:11:31.496 Spk Mode
12:11:42.378 [Error] - Slot3蓝牙适配器未连接成功！
12:11:47.809 Spk模式测试完成
12:11:47.809 开始计算数据...
12:11:58.770 Mic模式测试开始...
12:12:20.849 Mic模式测试完成
12:12:20.850 开始计算数据...
12:12:33.070 测试完成

12:17:29.200 测试开始...
12:17:29.222 DUT1蓝牙ID: ACB1EEDF22BC
12:17:29.293 Slot1执行蓝牙适配器命令(>PROFILE_SET=0&0)成功
12:17:31.078 Slot1执行蓝牙适配器命令(>CONN=ACB1EEDF22BC)成功
12:17:31.618 Slot1执行蓝牙适配器命令(>SCO_DISC)成功
12:17:32.175 Slot1执行蓝牙适配器命令(>SCO_CONN)成功
12:17:32.176 Slot1连接蓝牙成功
12:17:32.177 DUT2蓝牙ID: ACB1EEDF21D3
12:17:32.207 Slot2执行蓝牙适配器命令(>PROFILE_SET=0&0)成功
12:17:33.682 Slot2执行蓝牙适配器命令(>CONN=ACB1EEDF21D3)成功
12:17:34.196 Slot2执行蓝牙适配器命令(>SCO_DISC)成功
12:17:34.710 Slot2执行蓝牙适配器命令(>SCO_CONN)成功
12:17:34.711 Slot2连接蓝牙成功
12:17:34.712 DUT3蓝牙ID: ACB1EEDF216B
12:17:34.740 Slot3执行蓝牙适配器命令(>PROFILE_SET=0&0)成功
12:17:36.769 Slot3执行蓝牙适配器命令(>CONN=ACB1EEDF216B)成功
12:17:37.284 Slot3执行蓝牙适配器命令(>SCO_DISC)成功
12:17:37.797 Slot3执行蓝牙适配器命令(>SCO_CONN)成功
12:17:37.797 Slot3连接蓝牙成功
12:17:37.798 DUT4蓝牙ID: ACB1EEDF22B3
12:17:37.828 Slot4执行蓝牙适配器命令(>PROFILE_SET=0&0)成功
12:17:40.050 Slot4执行蓝牙适配器命令(>CONN=ACB1EEDF22B3)成功
12:17:40.563 Slot4执行蓝牙适配器命令(>SCO_DISC)成功
12:17:41.072 Slot4执行蓝牙适配器命令(>SCO_CONN)成功
12:17:41.072 Slot4连接蓝牙成功
12:17:41.073 Spk模式测试开始...
12:17:41.073 Spk Mode
12:18:02.741 Spk模式测试完成
12:18:02.741 开始计算数据...
12:18:30.525 Mic模式测试开始...
12:18:52.658 Mic模式测试完成
12:18:52.658 开始计算数据...
12:20:25.107 测试完成

12:23:18.218 测试开始...
12:23:18.240 DUT1蓝牙ID: ACB1EEDF22BC
12:23:18.317 Slot1执行蓝牙适配器命令(>PROFILE_SET=0&0)成功
12:23:20.077 Slot1执行蓝牙适配器命令(>CONN=ACB1EEDF22BC)成功
12:23:20.621 Slot1执行蓝牙适配器命令(>SCO_DISC)成功
12:23:21.178 Slot1执行蓝牙适配器命令(>SCO_CONN)成功
12:23:21.180 Slot1连接蓝牙成功
12:23:21.181 DUT2蓝牙ID: ACB1EEDF21D3
12:23:21.211 Slot2执行蓝牙适配器命令(>PROFILE_SET=0&0)成功
12:23:22.685 Slot2执行蓝牙适配器命令(>CONN=ACB1EEDF21D3)成功
12:23:23.189 Slot2执行蓝牙适配器命令(>SCO_DISC)成功
12:23:23.701 Slot2执行蓝牙适配器命令(>SCO_CONN)成功
12:23:23.702 Slot2连接蓝牙成功
12:23:23.702 DUT3蓝牙ID: ACB1EEDF216B
12:23:23.731 Slot3执行蓝牙适配器命令(>PROFILE_SET=0&0)成功
12:23:25.215 Slot3执行蓝牙适配器命令(>CONN=ACB1EEDF216B)成功
12:23:25.726 Slot3执行蓝牙适配器命令(>SCO_DISC)成功
12:23:26.230 Slot3执行蓝牙适配器命令(>SCO_CONN)成功
12:23:26.230 Slot3连接蓝牙成功
12:23:26.230 DUT4蓝牙ID: ACB1EEDF22B3
12:23:26.261 Slot4执行蓝牙适配器命令(>PROFILE_SET=0&0)成功
12:23:27.781 Slot4执行蓝牙适配器命令(>CONN=ACB1EEDF22B3)成功
12:23:28.295 Slot4执行蓝牙适配器命令(>SCO_DISC)成功
12:23:28.806 Slot4执行蓝牙适配器命令(>SCO_CONN)成功
12:23:28.807 Slot4连接蓝牙成功
12:23:28.810 Spk模式测试开始...
12:23:28.810 Spk Mode
12:23:50.484 Spk模式测试完成
12:23:50.485 开始计算数据...
12:24:00.114 Mic模式测试开始...
12:24:22.221 Mic模式测试完成
12:24:22.221 开始计算数据...
12:27:05.096 测试完成

12:31:21.495 Start...
12:31:21.496 Config file: D:\soft\LSApp-1216\x64\Debug\Config.ini
12:31:21.496 Script file: D:\soft\LSApp-1216\x64\Debug\Script\PhoneWatch_231123.ini
12:32:13.404 打开Slot1端口(COM5, Baud=921600)成功
12:32:13.620 打开Slot2端口(COM4, Baud=921600)成功
12:32:13.836 打开Slot3端口(COM6, Baud=921600)成功
12:32:14.053 打开Slot4端口(COM7, Baud=921600)成功
12:32:45.503 测试开始...
12:32:45.504 DUT1蓝牙ID: ACB1EEDF22BC
12:32:45.584 Slot1执行蓝牙适配器命令(>PROFILE_SET=0&0)成功
12:32:47.344 Slot1执行蓝牙适配器命令(>CONN=ACB1EEDF22BC)成功
12:32:47.889 Slot1执行蓝牙适配器命令(>SCO_DISC)成功
12:32:48.451 Slot1执行蓝牙适配器命令(>SCO_CONN)成功
12:32:48.452 Slot1连接蓝牙成功
12:32:48.453 DUT2蓝牙ID: ACB1EEDF21D3
12:32:58.477 [Error] - Slot2执行蓝牙适配器命令(>PROFILE_SET=0&0)超时
12:32:58.479 DUT3蓝牙ID: ACB1EEDF216B
12:32:58.508 Slot3执行蓝牙适配器命令(>PROFILE_SET=0&0)成功
12:33:00.157 Slot3执行蓝牙适配器命令(>CONN=ACB1EEDF216B)成功
12:33:00.674 Slot3执行蓝牙适配器命令(>SCO_DISC)成功
12:33:01.188 Slot3执行蓝牙适配器命令(>SCO_CONN)成功
12:33:01.190 Slot3连接蓝牙成功
12:33:01.191 DUT4蓝牙ID: ACB1EEDF22B3
12:33:11.228 [Error] - Slot4执行蓝牙适配器命令(>PROFILE_SET=0&0)超时
12:33:11.232 Spk模式测试开始...
12:33:11.233 Spk Mode
12:33:16.715 [Error] - Slot2蓝牙适配器未连接成功！
12:33:22.138 [Error] - Slot4蓝牙适配器未连接成功！
12:33:22.139 Spk模式测试完成
12:33:22.140 开始计算数据...
12:34:52.277 Start...
12:34:52.278 Config file: D:\soft\LSApp-1216\x64\Debug\Config.ini
12:34:52.278 Script file: D:\soft\LSApp-1216\x64\Debug\Script\PhoneWatch_231123.ini
12:35:39.053 打开Slot1端口(COM5, Baud=921600)成功
12:35:39.270 打开Slot2端口(COM4, Baud=921600)成功
12:35:39.487 打开Slot3端口(COM6, Baud=921600)成功
12:35:39.703 打开Slot4端口(COM7, Baud=921600)成功
12:36:05.014 测试开始...
12:36:05.016 DUT1蓝牙ID: ACB1EEDF22BC
12:36:05.090 Slot1执行蓝牙适配器命令(>PROFILE_SET=0&0)成功
12:36:06.843 Slot1执行蓝牙适配器命令(>CONN=ACB1EEDF22BC)成功
12:36:07.388 Slot1执行蓝牙适配器命令(>SCO_DISC)成功
12:36:07.934 Slot1执行蓝牙适配器命令(>SCO_CONN)成功
12:36:07.935 Slot1连接蓝牙成功
12:36:07.936 DUT2蓝牙ID: ACB1EEDF21D3
12:36:07.965 Slot2执行蓝牙适配器命令(>PROFILE_SET=0&0)成功
12:36:09.618 Slot2执行蓝牙适配器命令(>CONN=ACB1EEDF21D3)成功
12:36:10.133 Slot2执行蓝牙适配器命令(>SCO_DISC)成功
12:36:10.648 Slot2执行蓝牙适配器命令(>SCO_CONN)成功
12:36:10.649 Slot2连接蓝牙成功
12:36:10.650 DUT3蓝牙ID: ACB1EEDF216B
12:36:10.695 Slot3执行蓝牙适配器命令(>PROFILE_SET=0&0)成功
12:36:12.052 Slot3执行蓝牙适配器命令(>CONN=ACB1EEDF216B)成功
12:36:12.566 Slot3执行蓝牙适配器命令(>SCO_DISC)成功
12:36:13.079 Slot3执行蓝牙适配器命令(>SCO_CONN)成功
12:36:13.080 Slot3连接蓝牙成功
12:36:13.081 DUT4蓝牙ID: ACB1EEDF22B3
12:36:13.124 Slot4执行蓝牙适配器命令(>PROFILE_SET=0&0)成功
12:36:14.754 Slot4执行蓝牙适配器命令(>CONN=ACB1EEDF22B3)成功
12:36:15.269 Slot4执行蓝牙适配器命令(>SCO_DISC)成功
12:36:15.783 Slot4执行蓝牙适配器命令(>SCO_CONN)成功
12:36:15.784 Slot4连接蓝牙成功
12:36:15.787 Spk模式测试开始...
12:36:15.787 Spk Mode
12:36:37.536 Spk模式测试完成
12:36:37.536 开始计算数据...
12:36:50.674 Mic模式测试开始...
12:37:12.745 Mic模式测试完成
12:37:12.746 开始计算数据...
12:37:28.716 测试完成

12:38:41.474 测试开始...
12:38:41.494 Spk模式测试开始...
12:38:41.494 Spk Mode
12:39:03.168 Spk模式测试完成
12:39:03.168 开始计算数据...
12:39:13.553 Mic模式测试开始...
12:39:35.580 Mic模式测试完成
12:39:35.581 开始计算数据...
12:39:47.328 测试完成

12:45:46.371 测试开始...
12:45:46.393 DUT1蓝牙ID: ACB1EEDF22BC
12:45:46.470 Slot1执行蓝牙适配器命令(>PROFILE_SET=0&0)成功
12:45:48.251 Slot1执行蓝牙适配器命令(>CONN=ACB1EEDF22BC)成功
12:45:48.797 Slot1执行蓝牙适配器命令(>SCO_DISC)成功
12:45:49.358 Slot1执行蓝牙适配器命令(>SCO_CONN)成功
12:45:49.359 Slot1连接蓝牙成功
12:45:49.360 DUT2蓝牙ID: ACB1EEDF21D3
12:45:49.403 Slot2执行蓝牙适配器命令(>PROFILE_SET=0&0)成功
12:45:50.863 Slot2执行蓝牙适配器命令(>CONN=ACB1EEDF21D3)成功
12:45:51.377 Slot2执行蓝牙适配器命令(>SCO_DISC)成功
12:45:51.895 Slot2执行蓝牙适配器命令(>SCO_CONN)成功
12:45:51.896 Slot2连接蓝牙成功
12:45:51.897 DUT3蓝牙ID: ACB1EEDF216B
12:45:51.925 Slot3执行蓝牙适配器命令(>PROFILE_SET=0&0)成功
12:45:53.405 Slot3执行蓝牙适配器命令(>CONN=ACB1EEDF216B)成功
12:45:53.920 Slot3执行蓝牙适配器命令(>SCO_DISC)成功
12:45:54.432 Slot3执行蓝牙适配器命令(>SCO_CONN)成功
12:45:54.433 Slot3连接蓝牙成功
12:45:54.434 DUT4蓝牙ID: ACB1EEDF22B3
12:45:54.477 Slot4执行蓝牙适配器命令(>PROFILE_SET=0&0)成功
12:45:55.967 Slot4执行蓝牙适配器命令(>CONN=ACB1EEDF22B3)成功
12:45:56.479 Slot4执行蓝牙适配器命令(>SCO_DISC)成功
12:45:56.993 Slot4执行蓝牙适配器命令(>SCO_CONN)成功
12:45:56.995 Slot4连接蓝牙成功
12:45:56.997 Spk模式测试开始...
12:45:56.998 Spk Mode
12:46:18.667 Spk模式测试完成
12:46:18.667 开始计算数据...
12:48:23.140 Start...
12:48:23.141 Config file: D:\soft\LSApp-1216\x64\Debug\Config.ini
12:48:23.141 Script file: D:\soft\LSApp-1216\x64\Debug\Script\PhoneWatch_231123.ini
12:48:50.150 Start...
12:48:50.151 Config file: D:\soft\LSApp-1216\x64\Debug\Config.ini
12:48:50.151 Script file: D:\soft\LSApp-1216\x64\Debug\Script\PhoneWatch_231123.ini
12:50:00.915 打开Slot1端口(COM5, Baud=921600)成功
12:50:01.130 打开Slot2端口(COM4, Baud=921600)成功
12:50:01.349 打开Slot3端口(COM6, Baud=921600)成功
12:50:01.565 打开Slot4端口(COM7, Baud=921600)成功
12:50:27.311 测试开始...
12:50:27.312 DUT1蓝牙ID: ACB1EEDF22BC
12:50:27.394 Slot1执行蓝牙适配器命令(>PROFILE_SET=0&0)成功
12:50:29.146 Slot1执行蓝牙适配器命令(>CONN=ACB1EEDF22BC)成功
12:50:29.706 Slot1执行蓝牙适配器命令(>SCO_DISC)成功
12:50:30.271 Slot1执行蓝牙适配器命令(>SCO_CONN)成功
12:50:30.272 Slot1连接蓝牙成功
12:50:30.273 DUT2蓝牙ID: ACB1EEDF21D3
12:50:30.318 Slot2执行蓝牙适配器命令(>PROFILE_SET=0&0)成功
12:50:31.748 Slot2执行蓝牙适配器命令(>CONN=ACB1EEDF21D3)成功
12:50:32.262 Slot2执行蓝牙适配器命令(>SCO_DISC)成功
12:50:32.773 Slot2执行蓝牙适配器命令(>SCO_CONN)成功
12:50:32.775 Slot2连接蓝牙成功
12:50:32.776 DUT3蓝牙ID: ACB1EEDF216B
12:50:42.808 [Error] - Slot3执行蓝牙适配器命令(>PROFILE_SET=0&0)超时
12:50:42.809 DUT4蓝牙ID: ACB1EEDF22B3
12:50:42.839 Slot4执行蓝牙适配器命令(>PROFILE_SET=0&0)成功
12:50:44.540 Slot4执行蓝牙适配器命令(>CONN=ACB1EEDF22B3)成功
12:50:45.057 Slot4执行蓝牙适配器命令(>SCO_DISC)成功
12:50:45.571 Slot4执行蓝牙适配器命令(>SCO_CONN)成功
12:50:45.572 Slot4连接蓝牙成功
12:50:45.576 Spk模式测试开始...
12:50:45.576 Spk Mode
12:50:56.475 [Error] - Slot3蓝牙适配器未连接成功！
12:51:01.912 Spk模式测试完成
12:51:01.913 开始计算数据...
12:53:50.407 Mic模式测试开始...
12:54:12.476 Mic模式测试完成
12:54:12.476 开始计算数据...
12:55:00.797 测试完成

12:58:15.999 测试开始...
12:58:16.021 DUT1蓝牙ID: ACB1EEDF22BC
12:58:16.090 Slot1执行蓝牙适配器命令(>PROFILE_SET=0&0)成功
12:58:17.851 Slot1执行蓝牙适配器命令(>CONN=ACB1EEDF22BC)成功
12:58:18.395 Slot1执行蓝牙适配器命令(>SCO_DISC)成功
12:58:28.936 [Error] - Slot1执行蓝牙适配器命令(>SCO_CONN)超时
12:58:28.937 DUT2蓝牙ID: ACB1EEDF21D3
12:58:28.967 Slot2执行蓝牙适配器命令(>PROFILE_SET=0&0)成功
12:58:30.694 Slot2执行蓝牙适配器命令(>CONN=ACB1EEDF21D3)成功
12:58:31.208 Slot2执行蓝牙适配器命令(>SCO_DISC)成功
12:58:31.719 Slot2执行蓝牙适配器命令(>SCO_CONN)成功
12:58:31.720 Slot2连接蓝牙成功
12:58:31.721 DUT3蓝牙ID: ACB1EEDF216B
12:58:31.765 Slot3执行蓝牙适配器命令(>PROFILE_SET=0&0)成功
12:58:33.010 Slot3执行蓝牙适配器命令(>CONN=ACB1EEDF216B)成功
12:58:33.525 Slot3执行蓝牙适配器命令(>SCO_DISC)成功
12:58:34.036 Slot3执行蓝牙适配器命令(>SCO_CONN)成功
12:58:34.037 Slot3连接蓝牙成功
12:58:34.038 DUT4蓝牙ID: ACB1EEDF22B3
12:58:34.067 Slot4执行蓝牙适配器命令(>PROFILE_SET=0&0)成功
12:58:45.708 [Error] - Slot4执行蓝牙适配器命令(>CONN=ACB1EEDF22B3)超时
12:58:45.713 Spk模式测试开始...
12:58:45.713 Spk Mode
12:59:07.394 Spk模式测试完成
12:59:07.395 开始计算数据...
12:59:22.927 Mic模式测试开始...
12:59:45.009 Mic模式测试完成
12:59:45.009 开始计算数据...
12:59:56.267 测试完成

13:03:35.376 测试开始...
13:03:35.399 DUT1蓝牙ID: ACB1EEDF22BC
13:03:35.484 Slot1执行蓝牙适配器命令(>PROFILE_SET=0&0)成功
13:03:37.230 Slot1执行蓝牙适配器命令(>CONN=ACB1EEDF22BC)成功
13:03:37.777 Slot1执行蓝牙适配器命令(>SCO_DISC)成功
13:03:38.336 Slot1执行蓝牙适配器命令(>SCO_CONN)成功
13:03:38.336 Slot1连接蓝牙成功
13:03:38.336 DUT2蓝牙ID: ACB1EEDF21D3
13:03:38.367 Slot2执行蓝牙适配器命令(>PROFILE_SET=0&0)成功
13:03:39.862 Slot2执行蓝牙适配器命令(>CONN=ACB1EEDF21D3)成功
13:03:40.373 Slot2执行蓝牙适配器命令(>SCO_DISC)成功
13:03:40.883 Slot2执行蓝牙适配器命令(>SCO_CONN)成功
13:03:40.884 Slot2连接蓝牙成功
13:03:40.884 DUT3蓝牙ID: ACB1EEDF216B
13:03:50.911 [Error] - Slot3执行蓝牙适配器命令(>PROFILE_SET=0&0)超时
13:03:50.913 DUT4蓝牙ID: ACB1EEDF22B3
13:03:50.942 Slot4执行蓝牙适配器命令(>PROFILE_SET=0&0)成功
13:04:02.585 [Error] - Slot4执行蓝牙适配器命令(>CONN=ACB1EEDF22B3)超时
13:04:02.586 Spk模式测试开始...
13:04:02.586 Spk Mode
13:04:24.257 Spk模式测试完成
13:04:24.257 开始计算数据...
13:04:33.941 Mic模式测试开始...
13:04:56.004 Mic模式测试完成
13:04:56.004 开始计算数据...
13:05:07.030 测试完成

14:24:18.810 测试开始...
14:24:18.838 DUT1蓝牙ID: ACB1EEDF22BC
14:24:18.907 Slot1执行蓝牙适配器命令(>PROFILE_SET=0&0)成功
14:24:20.726 Slot1执行蓝牙适配器命令(>CONN=ACB1EEDF22BC)成功
14:24:21.272 Slot1执行蓝牙适配器命令(>SCO_DISC)成功
14:24:31.823 [Error] - Slot1执行蓝牙适配器命令(>SCO_CONN)超时
14:24:31.825 DUT2蓝牙ID: ACB1EEDF21D3
14:24:31.853 Slot2执行蓝牙适配器命令(>PROFILE_SET=0&0)成功
14:24:33.534 Slot2执行蓝牙适配器命令(>CONN=ACB1EEDF21D3)成功
14:24:34.050 Slot2执行蓝牙适配器命令(>SCO_DISC)成功
14:24:34.562 Slot2执行蓝牙适配器命令(>SCO_CONN)成功
14:24:34.563 Slot2连接蓝牙成功
14:24:34.564 DUT3蓝牙ID: ACB1EEDF216B
14:24:34.607 Slot3执行蓝牙适配器命令(>PROFILE_SET=0&0)成功
14:24:36.691 Slot3执行蓝牙适配器命令(>CONN=ACB1EEDF216B)成功
14:24:37.206 Slot3执行蓝牙适配器命令(>SCO_DISC)成功
14:24:37.721 Slot3执行蓝牙适配器命令(>SCO_CONN)成功
14:24:37.722 Slot3连接蓝牙成功
14:24:37.723 DUT4蓝牙ID: ACB1EEDF22B3
14:24:37.767 Slot4执行蓝牙适配器命令(>PROFILE_SET=0&0)成功
14:24:49.409 [Error] - Slot4执行蓝牙适配器命令(>CONN=ACB1EEDF22B3)超时
14:24:49.415 Spk模式测试开始...
14:24:49.415 Spk Mode
14:25:11.079 Spk模式测试完成
14:25:11.080 开始计算数据...
14:32:39.097 Mic模式测试开始...
14:33:01.097 Mic模式测试完成
14:33:01.098 开始计算数据...
14:33:52.230 测试完成

14:38:23.481 测试开始...
14:38:23.505 DUT1蓝牙ID: ACB1EEDF22BC
14:38:23.594 Slot1执行蓝牙适配器命令(>PROFILE_SET=0&0)成功
14:38:25.352 Slot1执行蓝牙适配器命令(>CONN=ACB1EEDF22BC)成功
14:38:25.897 Slot1执行蓝牙适配器命令(>SCO_DISC)成功
14:38:26.458 Slot1执行蓝牙适配器命令(>SCO_CONN)成功
14:38:26.459 Slot1连接蓝牙成功
14:38:26.460 DUT2蓝牙ID: ACB1EEDF21D3
14:38:26.490 Slot2执行蓝牙适配器命令(>PROFILE_SET=0&0)成功
14:38:27.938 Slot2执行蓝牙适配器命令(>CONN=ACB1EEDF21D3)成功
14:38:28.449 Slot2执行蓝牙适配器命令(>SCO_DISC)成功
14:38:28.967 Slot2执行蓝牙适配器命令(>SCO_CONN)成功
14:38:28.968 Slot2连接蓝牙成功
14:38:28.969 DUT3蓝牙ID: ACB1EEDF216B
14:38:29.011 Slot3执行蓝牙适配器命令(>PROFILE_SET=0&0)成功
14:38:30.554 Slot3执行蓝牙适配器命令(>CONN=ACB1EEDF216B)成功
14:38:31.071 Slot3执行蓝牙适配器命令(>SCO_DISC)成功
14:38:31.583 Slot3执行蓝牙适配器命令(>SCO_CONN)成功
14:38:31.584 Slot3连接蓝牙成功
14:38:31.585 DUT4蓝牙ID: ACB1EEDF22B3
14:38:41.625 [Error] - Slot4执行蓝牙适配器命令(>PROFILE_SET=0&0)超时
14:38:41.626 Spk模式测试开始...
14:38:41.626 Spk Mode
14:39:03.289 Spk模式测试完成
14:39:03.289 开始计算数据...
14:39:20.946 Mic模式测试开始...
14:39:42.915 Mic模式测试完成
14:39:42.916 开始计算数据...
14:39:54.736 测试完成

14:44:34.776 测试开始...
14:44:34.800 DUT1蓝牙ID: ACB1EEDF22BC
14:44:34.880 Slot1执行蓝牙适配器命令(>PROFILE_SET=0&0)成功
14:44:36.634 Slot1执行蓝牙适配器命令(>CONN=ACB1EEDF22BC)成功
14:44:37.180 Slot1执行蓝牙适配器命令(>SCO_DISC)成功
14:44:37.741 Slot1执行蓝牙适配器命令(>SCO_CONN)成功
14:44:37.741 Slot1连接蓝牙成功
14:44:37.742 DUT2蓝牙ID: ACB1EEDF21D3
14:44:37.772 Slot2执行蓝牙适配器命令(>PROFILE_SET=0&0)成功
14:44:39.239 Slot2执行蓝牙适配器命令(>CONN=ACB1EEDF21D3)成功
14:44:39.753 Slot2执行蓝牙适配器命令(>SCO_DISC)成功
14:44:40.269 Slot2执行蓝牙适配器命令(>SCO_CONN)成功
14:44:40.270 Slot2连接蓝牙成功
14:44:40.270 DUT3蓝牙ID: ACB1EEDF216B
14:44:40.299 Slot3执行蓝牙适配器命令(>PROFILE_SET=0&0)成功
14:44:41.857 Slot3执行蓝牙适配器命令(>CONN=ACB1EEDF216B)成功
14:44:42.369 Slot3执行蓝牙适配器命令(>SCO_DISC)成功
14:44:42.879 Slot3执行蓝牙适配器命令(>SCO_CONN)成功
14:44:42.880 Slot3连接蓝牙成功
14:44:42.881 DUT4蓝牙ID: ACB1EEDF22B3
14:44:42.910 Slot4执行蓝牙适配器命令(>PROFILE_SET=0&0)成功
14:44:54.571 [Error] - Slot4执行蓝牙适配器命令(>CONN=ACB1EEDF22B3)超时
14:44:54.576 Spk模式测试开始...
14:44:54.576 Spk Mode
14:45:16.233 Spk模式测试完成
14:45:16.234 开始计算数据...
14:47:58.002 Start...
14:47:58.003 Config file: D:\soft\LSApp-1216\x64\Debug\Config.ini
14:47:58.003 Script file: D:\soft\LSApp-1216\x64\Debug\Script\PhoneWatch_231123.ini
14:49:02.095 打开Slot1端口(COM5, Baud=921600)成功
14:49:02.312 打开Slot2端口(COM4, Baud=921600)成功
14:49:02.528 打开Slot3端口(COM6, Baud=921600)成功
14:49:02.747 打开Slot4端口(COM7, Baud=921600)成功
14:49:24.829 测试开始...
14:49:24.830 DUT1蓝牙ID: ACB1EEDF22BC
14:49:24.911 Slot1执行蓝牙适配器命令(>PROFILE_SET=0&0)成功
14:49:26.701 Slot1执行蓝牙适配器命令(>CONN=ACB1EEDF22BC)成功
14:49:27.247 Slot1执行蓝牙适配器命令(>SCO_DISC)成功
14:49:27.807 Slot1执行蓝牙适配器命令(>SCO_CONN)成功
14:49:27.808 Slot1连接蓝牙成功
14:49:27.809 DUT2蓝牙ID: ACB1EEDF21D3
14:49:27.838 Slot2执行蓝牙适配器命令(>PROFILE_SET=0&0)成功
14:49:29.286 Slot2执行蓝牙适配器命令(>CONN=ACB1EEDF21D3)成功
14:49:29.804 Slot2执行蓝牙适配器命令(>SCO_DISC)成功
14:49:30.313 Slot2执行蓝牙适配器命令(>SCO_CONN)成功
14:49:30.314 Slot2连接蓝牙成功
14:49:30.315 DUT3蓝牙ID: ACB1EEDF216B
14:49:30.358 Slot3执行蓝牙适配器命令(>PROFILE_SET=0&0)成功
14:49:31.823 Slot3执行蓝牙适配器命令(>CONN=ACB1EEDF216B)成功
14:49:32.339 Slot3执行蓝牙适配器命令(>SCO_DISC)成功
14:49:32.852 Slot3执行蓝牙适配器命令(>SCO_CONN)成功
14:49:32.853 Slot3连接蓝牙成功
14:49:32.855 DUT4蓝牙ID: ACB1EEDF22B3
14:49:32.898 Slot4执行蓝牙适配器命令(>PROFILE_SET=0&0)成功
14:49:44.550 [Error] - Slot4执行蓝牙适配器命令(>CONN=ACB1EEDF22B3)超时
14:49:44.555 Spk模式测试开始...
14:49:44.555 Spk Mode
14:50:00.895 [Error] - Slot4蓝牙适配器未连接成功！
14:50:00.896 Spk模式测试完成
14:50:00.896 开始计算数据...
14:50:17.316 Mic模式测试开始...
14:50:39.279 Mic模式测试完成
14:50:39.279 开始计算数据...
14:50:51.634 测试完成

14:56:04.562 Start...
14:56:04.563 Config file: D:\soft\LSApp-1216\x64\Debug\Config.ini
14:56:04.563 Script file: D:\soft\LSApp-1216\x64\Debug\Script\PhoneWatch_231123.ini
14:56:56.850 打开Slot1端口(COM5, Baud=921600)成功
14:56:57.066 打开Slot2端口(COM4, Baud=921600)成功
14:56:57.284 打开Slot3端口(COM6, Baud=921600)成功
14:56:57.500 打开Slot4端口(COM7, Baud=921600)成功
14:57:18.621 测试开始...
14:57:18.623 DUT1蓝牙ID: ACB1EEDF22BC
14:57:18.702 Slot1执行蓝牙适配器命令(>PROFILE_SET=0&0)成功
14:57:20.462 Slot1执行蓝牙适配器命令(>CONN=ACB1EEDF22BC)成功
14:57:21.005 Slot1执行蓝牙适配器命令(>SCO_DISC)成功
14:57:21.551 Slot1执行蓝牙适配器命令(>SCO_CONN)成功
14:57:21.551 Slot1连接蓝牙成功
14:57:21.551 DUT2蓝牙ID: ACB1EEDF21D3
14:57:21.582 Slot2执行蓝牙适配器命令(>PROFILE_SET=0&0)成功
14:57:23.076 Slot2执行蓝牙适配器命令(>CONN=ACB1EEDF21D3)成功
14:57:23.587 Slot2执行蓝牙适配器命令(>SCO_DISC)成功
14:57:24.098 Slot2执行蓝牙适配器命令(>SCO_CONN)成功
14:57:24.099 Slot2连接蓝牙成功
14:57:24.101 DUT3蓝牙ID: ACB1EEDF216B
14:57:24.143 Slot3执行蓝牙适配器命令(>PROFILE_SET=0&0)成功
14:57:25.622 Slot3执行蓝牙适配器命令(>CONN=ACB1EEDF216B)成功
14:57:26.137 Slot3执行蓝牙适配器命令(>SCO_DISC)成功
14:57:26.651 Slot3执行蓝牙适配器命令(>SCO_CONN)成功
14:57:26.652 Slot3连接蓝牙成功
14:57:26.652 DUT4蓝牙ID: ACB1EEDF22B3
14:57:26.696 Slot4执行蓝牙适配器命令(>PROFILE_SET=0&0)成功
14:57:38.331 [Error] - Slot4执行蓝牙适配器命令(>CONN=ACB1EEDF22B3)超时
14:57:38.336 Spk模式测试开始...
14:57:38.336 Spk Mode
14:57:54.655 [Error] - Slot4蓝牙适配器未连接成功！
14:57:54.656 Spk模式测试完成
14:57:54.656 开始计算数据...
14:58:05.663 Mic模式测试开始...
14:58:27.738 Mic模式测试完成
14:58:27.738 开始计算数据...
14:58:39.910 测试完成

15:07:32.591 测试开始...
15:07:32.612 DUT1蓝牙ID: ACB1EEDF22BC
15:07:32.688 Slot1执行蓝牙适配器命令(>PROFILE_SET=0&0)成功
15:07:34.485 Slot1执行蓝牙适配器命令(>CONN=ACB1EEDF22BC)成功
15:07:35.027 Slot1执行蓝牙适配器命令(>SCO_DISC)成功
15:07:35.589 Slot1执行蓝牙适配器命令(>SCO_CONN)成功
15:07:35.589 Slot1连接蓝牙成功
15:07:35.589 DUT2蓝牙ID: ACB1EEDF21D3
15:07:35.620 Slot2执行蓝牙适配器命令(>PROFILE_SET=0&0)成功
15:07:37.085 Slot2执行蓝牙适配器命令(>CONN=ACB1EEDF21D3)成功
15:07:37.598 Slot2执行蓝牙适配器命令(>SCO_DISC)成功
15:07:38.113 Slot2执行蓝牙适配器命令(>SCO_CONN)成功
15:07:38.114 Slot2连接蓝牙成功
15:07:38.115 DUT3蓝牙ID: ACB1EEDF216B
15:07:38.144 Slot3执行蓝牙适配器命令(>PROFILE_SET=0&0)成功
15:07:39.626 Slot3执行蓝牙适配器命令(>CONN=ACB1EEDF216B)成功
15:07:40.141 Slot3执行蓝牙适配器命令(>SCO_DISC)成功
15:07:40.643 Slot3执行蓝牙适配器命令(>SCO_CONN)成功
15:07:40.644 Slot3连接蓝牙成功
15:07:40.645 DUT4蓝牙ID: ACB1EEDF22B3
15:07:40.688 Slot4执行蓝牙适配器命令(>PROFILE_SET=0&0)成功
15:07:52.342 [Error] - Slot4执行蓝牙适配器命令(>CONN=ACB1EEDF22B3)超时
15:07:52.347 Spk模式测试开始...
15:07:52.347 Spk Mode
15:08:08.609 [Error] - Slot4蓝牙适配器未连接成功！
15:08:08.610 Spk模式测试完成
15:08:08.610 开始计算数据...
15:08:38.793 Mic模式测试开始...
15:09:00.904 Mic模式测试完成
15:09:00.904 开始计算数据...
15:09:12.418 测试完成

15:15:42.916 测试开始...
15:15:42.938 DUT1蓝牙ID: ACB1EEDF22BC
15:15:43.008 Slot1执行蓝牙适配器命令(>PROFILE_SET=0&0)成功
15:15:44.777 Slot1执行蓝牙适配器命令(>CONN=ACB1EEDF22BC)成功
15:15:45.320 Slot1执行蓝牙适配器命令(>SCO_DISC)成功
15:15:45.879 Slot1执行蓝牙适配器命令(>SCO_CONN)成功
15:15:45.879 Slot1连接蓝牙成功
15:15:45.881 DUT2蓝牙ID: ACB1EEDF21D3
15:15:45.910 Slot2执行蓝牙适配器命令(>PROFILE_SET=0&0)成功
15:15:47.358 Slot2执行蓝牙适配器命令(>CONN=ACB1EEDF21D3)成功
15:15:47.872 Slot2执行蓝牙适配器命令(>SCO_DISC)成功
15:15:48.389 Slot2执行蓝牙适配器命令(>SCO_CONN)成功
15:15:48.390 Slot2连接蓝牙成功
15:15:48.391 DUT3蓝牙ID: ACB1EEDF216B
15:15:48.435 Slot3执行蓝牙适配器命令(>PROFILE_SET=0&0)成功
15:15:49.899 Slot3执行蓝牙适配器命令(>CONN=ACB1EEDF216B)成功
15:15:50.440 Slot3执行蓝牙适配器命令(>SCO_DISC)成功
15:15:51.000 Slot3执行蓝牙适配器命令(>SCO_CONN)成功
15:15:51.000 Slot3连接蓝牙成功
15:15:51.000 DUT4蓝牙ID: ACB1EEDF22B3
15:15:51.031 Slot4执行蓝牙适配器命令(>PROFILE_SET=0&0)成功
15:16:02.681 [Error] - Slot4执行蓝牙适配器命令(>CONN=ACB1EEDF22B3)超时
15:16:02.686 Spk模式测试开始...
15:16:02.686 Spk Mode
15:16:18.930 [Error] - Slot4蓝牙适配器未连接成功！
15:16:18.930 Spk模式测试完成
15:16:18.931 开始计算数据...
15:18:02.370 Mic模式测试开始...
15:18:24.418 Mic模式测试完成
15:18:24.418 开始计算数据...
15:19:29.509 测试完成

15:21:52.432 Start...
15:21:52.433 Config file: D:\soft\LSApp-1216\x64\Debug\Config.ini
15:21:52.433 Script file: D:\soft\LSApp-1216\x64\Debug\Script\PhoneWatch_231123.ini
15:22:40.689 打开Slot1端口(COM5, Baud=921600)成功
15:22:40.906 打开Slot2端口(COM4, Baud=921600)成功
15:22:41.125 打开Slot3端口(COM6, Baud=921600)成功
15:22:41.344 打开Slot4端口(COM7, Baud=921600)成功
15:23:08.582 测试开始...
15:23:08.584 DUT1蓝牙ID: ACB1EEDF22BC
15:23:08.667 Slot1执行蓝牙适配器命令(>PROFILE_SET=0&0)成功
15:23:10.425 Slot1执行蓝牙适配器命令(>CONN=ACB1EEDF22BC)成功
15:23:10.972 Slot1执行蓝牙适配器命令(>SCO_DISC)成功
15:23:11.533 Slot1执行蓝牙适配器命令(>SCO_CONN)成功
15:23:11.534 Slot1连接蓝牙成功
15:23:11.535 DUT2蓝牙ID: ACB1EEDF21D3
15:23:11.579 Slot2执行蓝牙适配器命令(>PROFILE_SET=0&0)成功
15:23:12.949 Slot2执行蓝牙适配器命令(>CONN=ACB1EEDF21D3)成功
15:23:13.494 Slot2执行蓝牙适配器命令(>SCO_DISC)成功
15:23:14.038 Slot2执行蓝牙适配器命令(>SCO_CONN)成功
15:23:14.039 Slot2连接蓝牙成功
15:23:14.040 DUT3蓝牙ID: ACB1EEDF216B
15:23:14.068 Slot3执行蓝牙适配器命令(>PROFILE_SET=0&0)成功
15:23:15.533 Slot3执行蓝牙适配器命令(>CONN=ACB1EEDF216B)成功
15:23:16.064 Slot3执行蓝牙适配器命令(>SCO_DISC)成功
15:23:16.625 Slot3执行蓝牙适配器命令(>SCO_CONN)成功
15:23:16.627 Slot3连接蓝牙成功
15:23:16.627 DUT4蓝牙ID: ACB1EEDF22B3
15:23:26.656 [Error] - Slot4执行蓝牙适配器命令(>PROFILE_SET=0&0)超时
15:23:26.657 Spk模式测试开始...
15:23:26.657 Spk Mode
15:23:43.010 [Error] - Slot4蓝牙适配器未连接成功！
15:23:43.010 Spk模式测试完成
15:23:43.011 开始计算数据...
15:23:53.534 Mic模式测试开始...
15:24:15.535 Mic模式测试完成
15:24:15.536 开始计算数据...
15:36:23.476 Start...
15:36:23.477 Config file: D:\soft\LSApp-1216\x64\Debug\Config.ini
15:36:23.478 Script file: D:\soft\LSApp-1216\x64\Debug\Script\PhoneWatch_231123.ini
15:41:33.119 打开Slot1端口(COM5, Baud=921600)成功
15:41:33.335 打开Slot2端口(COM4, Baud=921600)成功
15:41:33.554 打开Slot3端口(COM6, Baud=921600)成功
15:41:33.773 打开Slot4端口(COM7, Baud=921600)成功
15:42:25.365 测试开始...
15:42:25.367 DUT1蓝牙ID: ACB1EEDF22BC
15:42:25.404 Slot1执行蓝牙适配器命令(>PROFILE_SET=0&0)成功
15:42:27.367 Slot1执行蓝牙适配器命令(>CONN=ACB1EEDF22BC)成功
15:42:27.883 Slot1执行蓝牙适配器命令(>SCO_DISC)成功
15:42:28.396 Slot1执行蓝牙适配器命令(>SCO_CONN)成功
15:42:28.396 Slot1连接蓝牙成功
15:42:28.397 DUT2蓝牙ID: ACB1EEDF21D3
15:42:28.428 Slot2执行蓝牙适配器命令(>PROFILE_SET=0&0)成功
15:42:29.864 Slot2执行蓝牙适配器命令(>CONN=ACB1EEDF21D3)成功
15:42:30.378 Slot2执行蓝牙适配器命令(>SCO_DISC)成功
15:42:30.896 Slot2执行蓝牙适配器命令(>SCO_CONN)成功
15:42:30.897 Slot2连接蓝牙成功
15:42:30.898 DUT3蓝牙ID: ACB1EEDF216B
15:42:30.941 Slot3执行蓝牙适配器命令(>PROFILE_SET=0&0)成功
15:42:32.473 Slot3执行蓝牙适配器命令(>CONN=ACB1EEDF216B)成功
15:42:32.990 Slot3执行蓝牙适配器命令(>SCO_DISC)成功
15:42:33.503 Slot3执行蓝牙适配器命令(>SCO_CONN)成功
15:42:33.504 Slot3连接蓝牙成功
15:42:33.504 DUT4蓝牙ID: ACB1EEDF22B3
15:42:33.534 Slot4执行蓝牙适配器命令(>PROFILE_SET=0&0)成功
15:42:45.182 [Error] - Slot4执行蓝牙适配器命令(>CONN=ACB1EEDF22B3)超时
15:42:45.187 Spk模式测试开始...
15:42:45.187 Spk Mode
15:43:01.467 [Error] - Slot4蓝牙适配器未连接成功！
15:43:01.468 Spk模式测试完成
15:43:01.468 开始计算数据...
15:43:57.945 Mic模式测试开始...
15:44:20.476 Mic模式测试完成
15:44:20.476 开始计算数据...
15:44:40.526 测试完成

15:47:06.903 Start...
15:47:06.904 Config file: D:\soft\LSApp-1216\x64\Debug\Config.ini
15:47:06.904 Script file: D:\soft\LSApp-1216\x64\Debug\Script\PhoneWatch_231123.ini
15:48:42.329 打开Slot1端口(COM5, Baud=921600)成功
15:48:42.545 打开Slot2端口(COM4, Baud=921600)成功
15:48:42.765 打开Slot3端口(COM6, Baud=921600)成功
15:48:42.982 打开Slot4端口(COM7, Baud=921600)成功
15:49:16.645 测试开始...
15:49:16.647 DUT1蓝牙ID: ACB1EEDF22BC
15:49:16.693 Slot1执行蓝牙适配器命令(>PROFILE_SET=0&0)成功
15:49:18.522 Slot1执行蓝牙适配器命令(>CONN=ACB1EEDF22BC)成功
15:49:19.025 Slot1执行蓝牙适配器命令(>SCO_DISC)成功
15:49:19.541 Slot1执行蓝牙适配器命令(>SCO_CONN)成功
15:49:19.542 Slot1连接蓝牙成功
15:49:19.543 DUT2蓝牙ID: ACB1EEDF21D3
15:49:19.572 Slot2执行蓝牙适配器命令(>PROFILE_SET=0&0)成功
15:49:21.056 Slot2执行蓝牙适配器命令(>CONN=ACB1EEDF21D3)成功
15:49:21.571 Slot2执行蓝牙适配器命令(>SCO_DISC)成功
15:49:22.087 Slot2执行蓝牙适配器命令(>SCO_CONN)成功
15:49:22.088 Slot2连接蓝牙成功
15:49:22.089 DUT3蓝牙ID: ACB1EEDF216B
15:49:22.118 Slot3执行蓝牙适配器命令(>PROFILE_SET=0&0)成功
15:49:23.599 Slot3执行蓝牙适配器命令(>CONN=ACB1EEDF216B)成功
15:49:24.101 Slot3执行蓝牙适配器命令(>SCO_DISC)成功
15:49:24.603 Slot3执行蓝牙适配器命令(>SCO_CONN)成功
15:49:24.605 Slot3连接蓝牙成功
15:49:24.605 DUT4蓝牙ID: ACB1EEDF22B3
15:49:24.650 Slot4执行蓝牙适配器命令(>PROFILE_SET=0&0)成功
15:49:36.287 [Error] - Slot4执行蓝牙适配器命令(>CONN=ACB1EEDF22B3)超时
15:49:36.294 Spk模式测试开始...
15:49:36.295 Spk Mode
15:49:52.635 [Error] - Slot4蓝牙适配器未连接成功！
15:49:52.636 Spk模式测试完成
15:49:52.636 开始计算数据...
15:50:04.000 Mic模式测试开始...
15:50:26.011 Mic模式测试完成
15:50:26.011 开始计算数据...
15:50:38.148 测试完成

15:56:32.487 测试开始...
15:56:32.509 DUT1蓝牙ID: ACB1EEDF22BC
15:56:32.555 Slot1执行蓝牙适配器命令(>PROFILE_SET=0&0)成功
15:56:34.424 Slot1执行蓝牙适配器命令(>CONN=ACB1EEDF22BC)成功
15:56:34.937 Slot1执行蓝牙适配器命令(>SCO_DISC)成功
15:56:35.450 Slot1执行蓝牙适配器命令(>SCO_CONN)成功
15:56:35.451 Slot1连接蓝牙成功
15:56:35.455 Spk模式测试开始...
15:56:35.455 Spk Mode
15:56:40.872 Spk模式测试完成
15:56:40.873 开始计算数据...
15:56:43.304 计算，Slot2未启用测试
15:56:43.304 计算，Slot3未启用测试
15:56:43.304 计算，Slot4未启用测试
15:56:43.305 Mic模式测试开始...
15:56:51.916 Mic模式测试完成
15:56:51.916 开始计算数据...
16:00:26.266 计算，Slot2未启用测试
16:00:26.267 计算，Slot3未启用测试
16:00:26.267 计算，Slot4未启用测试
16:00:26.267 测试完成

16:00:47.261 计算，Slot2未启用测试
16:00:47.261 计算，Slot3未启用测试
16:00:47.261 计算，Slot4未启用测试
16:02:51.220 测试开始...
16:02:51.229 DUT1蓝牙ID: ACB1EEDF22BC
16:02:51.279 Slot1执行蓝牙适配器命令(>PROFILE_SET=0&0)成功
16:02:53.121 Slot1执行蓝牙适配器命令(>CONN=ACB1EEDF22BC)成功
16:02:53.637 Slot1执行蓝牙适配器命令(>SCO_DISC)成功
16:02:54.151 Slot1执行蓝牙适配器命令(>SCO_CONN)成功
16:02:54.151 Slot1连接蓝牙成功
16:02:54.155 Spk模式测试开始...
16:02:54.155 Spk Mode
16:02:59.566 Spk模式测试完成
16:02:59.566 开始计算数据...
16:03:01.946 计算，Slot2未启用测试
16:03:01.946 计算，Slot3未启用测试
16:03:01.946 计算，Slot4未启用测试
16:03:01.947 Mic模式测试开始...
16:03:10.622 Mic模式测试完成
16:03:10.622 开始计算数据...
16:08:39.007 计算，Slot2未启用测试
16:08:39.008 计算，Slot3未启用测试
16:08:39.008 计算，Slot4未启用测试
16:08:39.009 测试完成

16:08:41.326 计算，Slot2未启用测试
16:08:41.326 计算，Slot3未启用测试
16:08:41.327 计算，Slot4未启用测试
16:11:32.785 测试开始...
16:11:32.793 DUT1蓝牙ID: ACB1EEDF22BC
16:11:32.848 Slot1执行蓝牙适配器命令(>PROFILE_SET=0&0)成功
16:11:34.667 Slot1执行蓝牙适配器命令(>CONN=ACB1EEDF22BC)成功
16:11:35.181 Slot1执行蓝牙适配器命令(>SCO_DISC)成功
16:11:35.693 Slot1执行蓝牙适配器命令(>SCO_CONN)成功
16:11:35.694 Slot1连接蓝牙成功
16:11:35.698 Spk模式测试开始...
16:11:35.698 Spk Mode
16:11:41.106 Spk模式测试完成
16:11:41.107 开始计算数据...
16:12:35.522 计算，Slot2未启用测试
16:12:35.522 计算，Slot3未启用测试
16:12:35.526 计算，Slot4未启用测试
16:12:35.527 Mic模式测试开始...
16:12:44.162 Mic模式测试完成
16:12:44.162 开始计算数据...
16:18:16.770 Start...
16:18:16.770 Config file: D:\soft\LSApp-1216\x64\Debug\Config.ini
16:18:16.771 Script file: D:\soft\LSApp-1216\x64\Debug\Script\PhoneWatch_231123.ini
16:19:18.303 打开Slot1端口(COM5, Baud=921600)成功
16:19:18.520 打开Slot2端口(COM4, Baud=921600)成功
16:19:18.737 打开Slot3端口(COM6, Baud=921600)成功
16:19:18.956 打开Slot4端口(COM7, Baud=921600)成功
16:19:39.761 测试开始...
16:19:39.762 DUT1蓝牙ID: ACB1EEDF22BC
16:19:39.813 Slot1执行蓝牙适配器命令(>PROFILE_SET=0&0)成功
16:19:41.659 Slot1执行蓝牙适配器命令(>CONN=ACB1EEDF22BC)成功
16:19:42.175 Slot1执行蓝牙适配器命令(>SCO_DISC)成功
16:19:42.689 Slot1执行蓝牙适配器命令(>SCO_CONN)成功
16:19:42.690 Slot1连接蓝牙成功
16:19:42.693 Spk模式测试开始...
16:19:42.694 Spk Mode
16:19:48.196 Spk模式测试完成
16:19:48.196 开始计算数据...
16:20:02.404 计算，Slot2未启用测试
16:20:02.404 计算，Slot3未启用测试
16:20:02.405 计算，Slot4未启用测试
16:20:02.406 Mic模式测试开始...
16:20:11.107 Mic模式测试完成
16:20:11.107 开始计算数据...
16:20:29.507 计算，Slot2未启用测试
16:20:29.507 计算，Slot3未启用测试
16:20:29.507 计算，Slot4未启用测试
16:20:29.508 测试完成

16:20:34.550 计算，Slot2未启用测试
16:20:34.551 计算，Slot3未启用测试
16:20:34.551 计算，Slot4未启用测试
16:26:14.771 Start...
16:26:14.772 Config file: D:\soft\LSApp-1216\x64\Debug\Config.ini
16:26:14.772 Script file: D:\soft\LSApp-1216\x64\Debug\Script\PhoneWatch_231123.ini
16:33:54.034 Start...
16:33:54.037 Config file: D:\Projects\LSApp-1216\x64\Debug\Config.ini
16:33:54.038 Script file: D:\Projects\LSApp-1216\x64\Debug\Script\PhoneWatch_231123.ini
16:34:45.064 [Error] - 授权Key不存在！
16:34:49.903 [Error] - 打开Slot1端口(COM5, Baud=921600)异常: The port not exists.
16:34:49.904 [Error] - 打开Slot2端口(COM4, Baud=921600)异常: The port not exists.
16:34:49.904 [Error] - 打开Slot3端口(COM6, Baud=921600)异常: The port not exists.
16:34:49.906 [Error] - 打开Slot4端口(COM7, Baud=921600)异常: The port not exists.
17:00:50.855 Start...
17:00:50.856 Config file: D:\soft\LSApp-1216-1\x64\Debug\Config.ini
17:00:50.856 Script file: D:\soft\LSApp-1216-1\x64\Debug\Script\PhoneWatch_231123.ini
17:01:44.657 打开Slot1端口(COM5, Baud=921600)成功
17:01:44.871 打开Slot2端口(COM4, Baud=921600)成功
17:01:45.088 打开Slot3端口(COM6, Baud=921600)成功
17:01:45.306 打开Slot4端口(COM7, Baud=921600)成功
17:02:13.121 测试开始...
17:02:13.123 DUT1蓝牙ID: ACB1EEDF22BC
17:02:13.191 Slot1执行蓝牙适配器命令(>PROFILE_SET=0&0)成功
17:02:15.026 Slot1执行蓝牙适配器命令(>CONN=ACB1EEDF22BC)成功
17:02:15.542 Slot1执行蓝牙适配器命令(>SCO_DISC)成功
17:02:16.056 Slot1执行蓝牙适配器命令(>SCO_CONN)成功
17:02:16.057 Slot1连接蓝牙成功
17:02:16.058 DUT2蓝牙ID: ACB1EEDF21D3
17:02:16.086 Slot2执行蓝牙适配器命令(>PROFILE_SET=0&0)成功
17:02:17.532 Slot2执行蓝牙适配器命令(>CONN=ACB1EEDF21D3)成功
17:02:18.047 Slot2执行蓝牙适配器命令(>SCO_DISC)成功
17:02:18.561 Slot2执行蓝牙适配器命令(>SCO_CONN)成功
17:02:18.562 Slot2连接蓝牙成功
17:02:18.563 DUT3蓝牙ID: ACB1EEDF216B
17:02:18.606 Slot3执行蓝牙适配器命令(>PROFILE_SET=0&0)成功
17:02:20.098 Slot3执行蓝牙适配器命令(>CONN=ACB1EEDF216B)成功
17:02:20.610 Slot3执行蓝牙适配器命令(>SCO_DISC)成功
17:02:21.122 Slot3执行蓝牙适配器命令(>SCO_CONN)成功
17:02:21.123 Slot3连接蓝牙成功
17:02:21.124 DUT4蓝牙ID: ACB1EEDF22B3
17:02:21.153 Slot4执行蓝牙适配器命令(>PROFILE_SET=0&0)成功
17:02:32.797 [Error] - Slot4执行蓝牙适配器命令(>CONN=ACB1EEDF22B3)超时
17:02:32.802 Spk模式测试开始...
17:02:32.803 Spk Mode
17:02:49.129 [Error] - Slot4蓝牙适配器未连接成功！
17:02:49.130 Spk模式测试完成
17:02:49.130 开始计算数据...
17:03:03.009 Mic模式测试开始...
17:03:25.167 Mic模式测试完成
17:03:25.167 开始计算数据...
17:03:37.533 测试完成

17:09:18.681 Start...
17:09:18.682 Config file: D:\soft\LSApp-1216-1\x64\Debug\Config.ini
17:09:18.682 Script file: D:\soft\LSApp-1216-1\x64\Debug\Script\PhoneWatch_231123.ini
17:10:06.841 打开Slot1端口(COM5, Baud=921600)成功
17:10:07.061 打开Slot2端口(COM4, Baud=921600)成功
17:10:07.279 打开Slot3端口(COM6, Baud=921600)成功
17:10:07.495 打开Slot4端口(COM7, Baud=921600)成功
17:10:34.600 测试开始...
17:10:34.601 DUT1蓝牙ID: ACB1EEDF22BC
17:10:34.666 Slot1执行蓝牙适配器命令(>PROFILE_SET=0&0)成功
17:10:36.490 Slot1执行蓝牙适配器命令(>CONN=ACB1EEDF22BC)成功
17:10:37.006 Slot1执行蓝牙适配器命令(>SCO_DISC)成功
17:10:37.520 Slot1执行蓝牙适配器命令(>SCO_CONN)成功
17:10:37.521 Slot1连接蓝牙成功
17:10:37.522 DUT2蓝牙ID: ACB1EEDF21D3
17:10:47.560 [Error] - Slot2执行蓝牙适配器命令(>PROFILE_SET=0&0)超时
17:10:47.561 DUT3蓝牙ID: ACB1EEDF216B
17:10:47.591 Slot3执行蓝牙适配器命令(>PROFILE_SET=0&0)成功
17:10:49.243 Slot3执行蓝牙适配器命令(>CONN=ACB1EEDF216B)成功
17:10:49.756 Slot3执行蓝牙适配器命令(>SCO_DISC)成功
17:10:50.271 Slot3执行蓝牙适配器命令(>SCO_CONN)成功
17:10:50.273 Slot3连接蓝牙成功
17:10:50.274 DUT4蓝牙ID: ACB1EEDF22B3
17:10:50.317 Slot4执行蓝牙适配器命令(>PROFILE_SET=0&0)成功
17:11:01.981 [Error] - Slot4执行蓝牙适配器命令(>CONN=ACB1EEDF22B3)超时
17:11:01.985 Spk模式测试开始...
17:11:01.986 Spk Mode
17:11:07.463 [Error] - Slot2蓝牙适配器未连接成功！
17:11:12.888 [Error] - Slot4蓝牙适配器未连接成功！
17:11:12.889 Spk模式测试完成
17:11:12.889 开始计算数据...
17:11:32.685 Mic模式测试开始...
17:11:54.832 Mic模式测试完成
17:11:54.833 开始计算数据...
17:12:06.825 测试完成

17:34:41.081 Start...
17:34:41.082 Config file: D:\soft\LSApp-1216-1\x64\Debug\Config.ini
17:34:41.082 Script file: D:\soft\LSApp-1216-1\x64\Debug\Script\PhoneWatch_231123.ini
17:35:39.674 打开Slot1端口(COM5, Baud=921600)成功
17:35:39.894 打开Slot2端口(COM4, Baud=921600)成功
17:35:40.112 打开Slot3端口(COM6, Baud=921600)成功
17:35:40.330 打开Slot4端口(COM7, Baud=921600)成功
17:36:08.145 测试开始...
17:36:08.147 DUT1蓝牙ID: ACB1EEDF22BC
17:36:08.199 Slot1执行蓝牙适配器命令(>PROFILE_SET=0&0)成功
17:36:10.034 Slot1执行蓝牙适配器命令(>CONN=ACB1EEDF22BC)成功
17:36:10.549 Slot1执行蓝牙适配器命令(>SCO_DISC)成功
17:36:11.066 Slot1执行蓝牙适配器命令(>SCO_CONN)成功
17:36:11.067 Slot1连接蓝牙成功
17:36:11.068 DUT2蓝牙ID: ACB1EEDF21D3
17:36:21.105 [Error] - Slot2执行蓝牙适配器命令(>PROFILE_SET=0&0)超时
17:36:21.107 DUT3蓝牙ID: ACB1EEDF216B
17:36:21.136 Slot3执行蓝牙适配器命令(>PROFILE_SET=0&0)成功
17:36:22.782 Slot3执行蓝牙适配器命令(>CONN=ACB1EEDF216B)成功
17:36:23.292 Slot3执行蓝牙适配器命令(>SCO_DISC)成功
17:36:23.807 Slot3执行蓝牙适配器命令(>SCO_CONN)成功
17:36:23.807 Slot3连接蓝牙成功
17:36:23.808 DUT4蓝牙ID: ACB1EEDF22B3
17:36:23.837 Slot4执行蓝牙适配器命令(>PROFILE_SET=0&0)成功
17:36:35.491 [Error] - Slot4执行蓝牙适配器命令(>CONN=ACB1EEDF22B3)超时
17:36:35.496 Spk模式测试开始...
17:36:35.497 Spk Mode
17:36:40.973 [Error] - Slot2蓝牙适配器未连接成功！
17:36:46.392 [Error] - Slot4蓝牙适配器未连接成功！
17:36:46.393 Spk模式测试完成
17:36:46.393 开始计算数据...
17:39:52.426 Mic模式测试开始...
17:40:14.495 Mic模式测试完成
17:40:14.495 开始计算数据...
17:40:51.177 测试完成

17:43:24.784 Start...
17:43:24.784 Config file: D:\soft\LSApp-1216-1\x64\Debug\Config.ini
17:43:24.785 Script file: D:\soft\LSApp-1216-1\x64\Debug\Script\PhoneWatch_231123.ini
17:44:24.284 打开Slot1端口(COM5, Baud=921600)成功
17:44:24.500 打开Slot2端口(COM4, Baud=921600)成功
17:44:24.716 打开Slot3端口(COM6, Baud=921600)成功
17:44:24.934 打开Slot4端口(COM7, Baud=921600)成功
17:44:55.873 测试开始...
17:44:55.874 DUT1蓝牙ID: ACB1EEDF22BC
17:44:55.937 Slot1执行蓝牙适配器命令(>PROFILE_SET=0&0)成功
17:44:57.814 Slot1执行蓝牙适配器命令(>CONN=ACB1EEDF22BC)成功
17:44:58.329 Slot1执行蓝牙适配器命令(>SCO_DISC)成功
17:44:58.840 Slot1执行蓝牙适配器命令(>SCO_CONN)成功
17:44:58.840 Slot1连接蓝牙成功
17:44:58.841 DUT2蓝牙ID: ACB1EEDF21D3
17:44:58.871 Slot2执行蓝牙适配器命令(>PROFILE_SET=0&0)成功
17:45:01.019 Slot2执行蓝牙适配器命令(>CONN=ACB1EEDF21D3)成功
17:45:01.532 Slot2执行蓝牙适配器命令(>SCO_DISC)成功
17:45:02.046 Slot2执行蓝牙适配器命令(>SCO_CONN)成功
17:45:02.047 Slot2连接蓝牙成功
17:45:02.048 DUT3蓝牙ID: ACB1EEDF216B
17:45:02.076 Slot3执行蓝牙适配器命令(>PROFILE_SET=0&0)成功
17:45:04.151 Slot3执行蓝牙适配器命令(>CONN=ACB1EEDF216B)成功
17:45:04.654 Slot3执行蓝牙适配器命令(>SCO_DISC)成功
17:45:05.166 Slot3执行蓝牙适配器命令(>SCO_CONN)成功
17:45:05.167 Slot3连接蓝牙成功
17:45:05.168 DUT4蓝牙ID: ACB1EEDF22B3
17:45:05.197 Slot4执行蓝牙适配器命令(>PROFILE_SET=0&0)成功
17:45:16.856 [Error] - Slot4执行蓝牙适配器命令(>CONN=ACB1EEDF22B3)超时
17:45:16.860 Spk模式测试开始...
17:45:16.861 Spk Mode
17:45:33.184 [Error] - Slot4蓝牙适配器未连接成功！
17:45:33.185 Spk模式测试完成
17:45:33.185 开始计算数据...
17:45:44.748 Mic模式测试开始...
17:46:06.463 Mic模式测试完成
17:46:06.464 开始计算数据...
17:46:18.681 测试完成

18:04:35.626 Start...
18:04:35.627 Config file: D:\soft\LSApp-1216-1\x64\Debug\Config.ini
18:04:35.627 Script file: D:\soft\LSApp-1216-1\x64\Debug\Script\PhoneWatch_231123.ini
18:05:31.639 打开Slot1端口(COM5, Baud=921600)成功
18:05:31.855 打开Slot2端口(COM4, Baud=921600)成功
18:05:32.072 打开Slot3端口(COM6, Baud=921600)成功
18:05:32.288 打开Slot4端口(COM7, Baud=921600)成功
18:06:06.017 测试开始...
18:06:06.019 DUT1蓝牙ID: ACB1EEDF22BC
18:06:06.082 Slot1执行蓝牙适配器命令(>PROFILE_SET=0&0)成功
18:06:07.915 Slot1执行蓝牙适配器命令(>CONN=ACB1EEDF22BC)成功
18:06:08.418 Slot1执行蓝牙适配器命令(>SCO_DISC)成功
18:06:08.930 Slot1执行蓝牙适配器命令(>SCO_CONN)成功
18:06:08.931 Slot1连接蓝牙成功
18:06:08.932 DUT2蓝牙ID: ACB1EEDF21D3
18:06:08.975 Slot2执行蓝牙适配器命令(>PROFILE_SET=0&0)成功
18:06:10.435 Slot2执行蓝牙适配器命令(>CONN=ACB1EEDF21D3)成功
18:06:10.952 Slot2执行蓝牙适配器命令(>SCO_DISC)成功
18:06:11.467 Slot2执行蓝牙适配器命令(>SCO_CONN)成功
18:06:11.468 Slot2连接蓝牙成功
18:06:11.470 DUT3蓝牙ID: ACB1EEDF216B
18:06:11.513 Slot3执行蓝牙适配器命令(>PROFILE_SET=0&0)成功
18:06:13.008 Slot3执行蓝牙适配器命令(>CONN=ACB1EEDF216B)成功
18:06:13.521 Slot3执行蓝牙适配器命令(>SCO_DISC)成功
18:06:14.034 Slot3执行蓝牙适配器命令(>SCO_CONN)成功
18:06:14.035 Slot3连接蓝牙成功
18:06:14.036 DUT4蓝牙ID: ACB1EEDF22B3
18:06:14.079 Slot4执行蓝牙适配器命令(>PROFILE_SET=0&0)成功
18:06:25.742 [Error] - Slot4执行蓝牙适配器命令(>CONN=ACB1EEDF22B3)超时
18:06:25.744 Spk模式测试开始...
18:06:25.744 Spk Mode
18:06:42.080 [Error] - Slot4蓝牙适配器未连接成功！
18:06:42.081 Spk模式测试完成
18:06:42.081 开始计算数据...
18:12:30.099 Start...
18:12:30.100 Config file: D:\soft\LSApp-1216-1\x64\Debug\Config.ini
18:12:30.100 Script file: D:\soft\LSApp-1216-1\x64\Debug\Script\PhoneWatch_231123.ini
18:13:16.919 打开Slot1端口(COM5, Baud=921600)成功
18:13:17.136 打开Slot2端口(COM4, Baud=921600)成功
18:13:17.352 打开Slot3端口(COM6, Baud=921600)成功
18:13:17.571 打开Slot4端口(COM7, Baud=921600)成功
18:13:49.563 测试开始...
18:13:49.564 Spk模式测试开始...
18:13:49.564 Spk Mode
18:13:49.564 [Error] - Slot1蓝牙适配器未连接成功！
18:13:49.565 [Error] - Slot2蓝牙适配器未连接成功！
18:13:49.565 [Error] - Slot3蓝牙适配器未连接成功！
18:13:49.565 [Error] - Slot4蓝牙适配器未连接成功！
18:13:49.566 Spk模式测试完成
18:13:49.566 开始计算数据...
18:14:08.349 Mic模式测试开始...
18:14:30.557 Mic模式测试完成
18:14:30.557 开始计算数据...
18:14:51.544 测试完成

18:15:40.739 测试开始...
18:15:40.761 DUT1蓝牙ID: ACB1EEDF22BC
18:15:40.822 Slot1执行蓝牙适配器命令(>PROFILE_SET=0&0)成功
18:15:42.644 Slot1执行蓝牙适配器命令(>CONN=ACB1EEDF22BC)成功
18:15:43.159 Slot1执行蓝牙适配器命令(>SCO_DISC)成功
18:15:43.669 Slot1执行蓝牙适配器命令(>SCO_CONN)成功
18:15:43.669 Slot1连接蓝牙成功
18:15:43.669 DUT2蓝牙ID: ACB1EEDF21D3
18:15:43.699 Slot2执行蓝牙适配器命令(>PROFILE_SET=0&0)成功
18:15:45.160 Slot2执行蓝牙适配器命令(>CONN=ACB1EEDF21D3)成功
18:15:45.675 Slot2执行蓝牙适配器命令(>SCO_DISC)成功
18:15:46.188 Slot2执行蓝牙适配器命令(>SCO_CONN)成功
18:15:46.189 Slot2连接蓝牙成功
18:15:46.190 DUT3蓝牙ID: ACB1EEDF216B
18:15:46.219 Slot3执行蓝牙适配器命令(>PROFILE_SET=0&0)成功
18:15:47.774 Slot3执行蓝牙适配器命令(>CONN=ACB1EEDF216B)成功
18:15:48.289 Slot3执行蓝牙适配器命令(>SCO_DISC)成功
18:15:48.803 Slot3执行蓝牙适配器命令(>SCO_CONN)成功
18:15:48.804 Slot3连接蓝牙成功
18:15:48.805 DUT4蓝牙ID: ACB1EEDF22B3
18:15:48.848 Slot4执行蓝牙适配器命令(>PROFILE_SET=0&0)成功
18:16:00.496 [Error] - Slot4执行蓝牙适配器命令(>CONN=ACB1EEDF22B3)超时
18:16:00.501 Spk模式测试开始...
18:16:00.501 Spk Mode
18:16:16.744 [Error] - Slot4蓝牙适配器未连接成功！
18:16:16.745 Spk模式测试完成
18:16:16.745 开始计算数据...
18:16:26.217 Mic模式测试开始...
18:16:48.426 Mic模式测试完成
18:16:48.426 开始计算数据...
18:16:59.849 测试完成

18:20:11.470 Start...
18:20:11.471 Config file: D:\soft\LSApp-1216-1\x64\Debug\Config.ini
18:20:11.471 Script file: D:\soft\LSApp-1216-1\x64\Debug\Script\PhoneWatch_231123.ini
18:21:01.999 打开Slot1端口(COM5, Baud=921600)成功
18:21:02.217 打开Slot2端口(COM4, Baud=921600)成功
18:21:02.434 打开Slot3端口(COM6, Baud=921600)成功
18:21:02.651 打开Slot4端口(COM7, Baud=921600)成功
18:21:29.371 测试开始...
18:21:29.373 DUT1蓝牙ID: ACB1EEDF22BC
18:21:29.443 Slot1执行蓝牙适配器命令(>PROFILE_SET=0&0)成功
18:21:31.265 Slot1执行蓝牙适配器命令(>CONN=ACB1EEDF22BC)成功
18:21:31.778 Slot1执行蓝牙适配器命令(>SCO_DISC)成功
18:21:32.292 Slot1执行蓝牙适配器命令(>SCO_CONN)成功
18:21:32.293 Slot1连接蓝牙成功
18:21:32.294 DUT2蓝牙ID: ACB1EEDF21D3
18:21:32.337 Slot2执行蓝牙适配器命令(>PROFILE_SET=0&0)成功
18:21:33.789 Slot2执行蓝牙适配器命令(>CONN=ACB1EEDF21D3)成功
18:21:34.298 Slot2执行蓝牙适配器命令(>SCO_DISC)成功
18:21:34.813 Slot2执行蓝牙适配器命令(>SCO_CONN)成功
18:21:34.814 Slot2连接蓝牙成功
18:21:34.815 DUT3蓝牙ID: ACB1EEDF216B
18:21:34.858 Slot3执行蓝牙适配器命令(>PROFILE_SET=0&0)成功
18:21:36.335 Slot3执行蓝牙适配器命令(>CONN=ACB1EEDF216B)成功
18:21:36.848 Slot3执行蓝牙适配器命令(>SCO_DISC)成功
18:21:37.360 Slot3执行蓝牙适配器命令(>SCO_CONN)成功
18:21:37.361 Slot3连接蓝牙成功
18:21:37.362 DUT4蓝牙ID: ACB1EEDF22B3
18:21:47.418 [Error] - Slot4执行蓝牙适配器命令(>PROFILE_SET=0&0)超时
18:21:47.423 Spk模式测试开始...
18:21:47.424 Spk Mode
18:22:03.775 [Error] - Slot4蓝牙适配器未连接成功！
18:22:03.776 Spk模式测试完成
18:22:03.776 开始计算数据...
18:22:15.304 Mic模式测试开始...
18:22:37.443 Mic模式测试完成
18:22:37.444 开始计算数据...
18:22:49.766 测试完成

18:26:26.507 测试开始...
18:26:26.529 DUT1蓝牙ID: ACB1EEDF22BC
18:26:26.594 Slot1执行蓝牙适配器命令(>PROFILE_SET=0&0)成功
18:26:28.422 Slot1执行蓝牙适配器命令(>CONN=ACB1EEDF22BC)成功
18:26:28.933 Slot1执行蓝牙适配器命令(>SCO_DISC)成功
18:26:29.445 Slot1执行蓝牙适配器命令(>SCO_CONN)成功
18:26:29.446 Slot1连接蓝牙成功
18:26:29.447 DUT2蓝牙ID: ACB1EEDF21D3
18:26:29.477 Slot2执行蓝牙适配器命令(>PROFILE_SET=0&0)成功
18:26:30.951 Slot2执行蓝牙适配器命令(>CONN=ACB1EEDF21D3)成功
18:26:31.462 Slot2执行蓝牙适配器命令(>SCO_DISC)成功
18:26:31.976 Slot2执行蓝牙适配器命令(>SCO_CONN)成功
18:26:31.977 Slot2连接蓝牙成功
18:26:31.978 DUT3蓝牙ID: ACB1EEDF216B
18:26:32.008 Slot3执行蓝牙适配器命令(>PROFILE_SET=0&0)成功
18:26:33.530 Slot3执行蓝牙适配器命令(>CONN=ACB1EEDF216B)成功
18:26:34.044 Slot3执行蓝牙适配器命令(>SCO_DISC)成功
18:26:34.560 Slot3执行蓝牙适配器命令(>SCO_CONN)成功
18:26:34.561 Slot3连接蓝牙成功
18:26:34.562 DUT4蓝牙ID: ACB1EEDF22B3
18:26:34.605 Slot4执行蓝牙适配器命令(>PROFILE_SET=0&0)成功
18:26:46.262 [Error] - Slot4执行蓝牙适配器命令(>CONN=ACB1EEDF22B3)超时
18:26:46.267 Spk模式测试开始...
18:26:46.267 Spk Mode
18:27:02.528 [Error] - Slot4蓝牙适配器未连接成功！
18:27:02.529 Spk模式测试完成
18:27:02.529 开始计算数据...
18:27:11.060 Mic模式测试开始...
18:27:33.112 Mic模式测试完成
18:27:33.113 开始计算数据...
18:27:44.555 测试完成

18:31:22.268 Start...
18:31:22.269 Config file: D:\soft\LSApp-1216-1\x64\Debug\Config.ini
18:31:22.269 Script file: D:\soft\LSApp-1216-1\x64\Debug\Script\PhoneWatch_231123.ini
18:32:12.642 打开Slot1端口(COM5, Baud=921600)成功
18:32:12.858 打开Slot2端口(COM4, Baud=921600)成功
18:32:13.078 打开Slot3端口(COM6, Baud=921600)成功
18:32:13.298 打开Slot4端口(COM7, Baud=921600)成功
18:32:43.573 测试开始...
18:32:43.575 DUT1蓝牙ID: ACB1EEDF22BC
18:32:43.643 Slot1执行蓝牙适配器命令(>PROFILE_SET=0&0)成功
18:32:45.430 Slot1执行蓝牙适配器命令(>CONN=ACB1EEDF22BC)成功
18:32:45.944 Slot1执行蓝牙适配器命令(>SCO_DISC)成功
18:32:46.459 Slot1执行蓝牙适配器命令(>SCO_CONN)成功
18:32:46.460 Slot1连接蓝牙成功
18:32:46.462 DUT2蓝牙ID: ACB1EEDF21D3
18:32:46.490 Slot2执行蓝牙适配器命令(>PROFILE_SET=0&0)成功
18:32:48.015 Slot2执行蓝牙适配器命令(>CONN=ACB1EEDF21D3)成功
18:32:48.530 Slot2执行蓝牙适配器命令(>SCO_DISC)成功
18:32:49.043 Slot2执行蓝牙适配器命令(>SCO_CONN)成功
18:32:49.044 Slot2连接蓝牙成功
18:32:49.044 DUT3蓝牙ID: ACB1EEDF216B
18:32:49.073 Slot3执行蓝牙适配器命令(>PROFILE_SET=0&0)成功
18:32:50.559 Slot3执行蓝牙适配器命令(>CONN=ACB1EEDF216B)成功
18:32:51.073 Slot3执行蓝牙适配器命令(>SCO_DISC)成功
18:32:51.588 Slot3执行蓝牙适配器命令(>SCO_CONN)成功
18:32:51.589 Slot3连接蓝牙成功
18:32:51.590 DUT4蓝牙ID: ACB1EEDF22B3
18:32:51.633 Slot4执行蓝牙适配器命令(>PROFILE_SET=0&0)成功
18:32:53.004 Slot4执行蓝牙适配器命令(>CONN=ACB1EEDF22B3)成功
18:32:53.519 Slot4执行蓝牙适配器命令(>SCO_DISC)成功
18:32:54.031 Slot4执行蓝牙适配器命令(>SCO_CONN)成功
18:32:54.033 Slot4连接蓝牙成功
18:32:54.037 Spk模式测试开始...
18:32:54.037 Spk Mode
18:33:15.793 Spk模式测试完成
18:33:15.794 开始计算数据...
18:33:28.654 Mic模式测试开始...
18:33:50.812 Mic模式测试完成
18:33:50.813 开始计算数据...
18:34:03.202 测试完成

19:02:57.884 Start...
19:02:57.885 Config file: D:\soft\LSApp-1216-1\x64\Debug\Config.ini
19:02:57.885 Script file: D:\soft\LSApp-1216-1\x64\Debug\Script\PhoneWatch_231123.ini
19:04:10.512 打开Slot1端口(COM5, Baud=921600)成功
19:04:10.730 打开Slot2端口(COM4, Baud=921600)成功
19:04:10.951 打开Slot3端口(COM6, Baud=921600)成功
19:04:11.169 打开Slot4端口(COM7, Baud=921600)成功
19:04:53.998 测试开始...
19:04:53.999 Spk模式测试开始...
19:04:54.000 Spk Mode
19:04:54.000 [Error] - Slot1蓝牙适配器未连接成功！
19:04:54.000 [Error] - Slot2蓝牙适配器未连接成功！
19:04:54.001 [Error] - Slot3蓝牙适配器未连接成功！
19:04:54.001 [Error] - Slot4蓝牙适配器未连接成功！
19:04:54.002 Spk模式测试完成
19:04:54.002 开始计算数据...
19:04:59.739 Mic模式测试开始...
19:05:22.206 Mic模式测试完成
19:05:22.206 开始计算数据...
19:07:09.818 Start...
19:07:09.819 Config file: D:\soft\LSApp-1216-1\x64\Debug\Config.ini
19:07:09.819 Script file: D:\soft\LSApp-1216-1\x64\Debug\Script\PhoneWatch_231123.ini
19:07:57.593 打开Slot1端口(COM5, Baud=921600)成功
19:07:57.809 打开Slot2端口(COM4, Baud=921600)成功
19:07:58.029 打开Slot3端口(COM6, Baud=921600)成功
19:07:58.244 打开Slot4端口(COM7, Baud=921600)成功
19:08:36.455 测试开始...
19:08:36.456 DUT1蓝牙ID: ACB1EEDF22BC
19:08:36.517 Slot1执行蓝牙适配器命令(>PROFILE_SET=0&0)成功
19:08:38.353 Slot1执行蓝牙适配器命令(>CONN=ACB1EEDF22BC)成功
19:08:38.868 Slot1执行蓝牙适配器命令(>SCO_DISC)成功
19:08:39.379 Slot1执行蓝牙适配器命令(>SCO_CONN)成功
19:08:39.379 Slot1连接蓝牙成功
19:08:39.379 DUT2蓝牙ID: ACB1EEDF21D3
19:08:39.411 Slot2执行蓝牙适配器命令(>PROFILE_SET=0&0)成功
19:08:40.855 Slot2执行蓝牙适配器命令(>CONN=ACB1EEDF21D3)成功
19:08:41.371 Slot2执行蓝牙适配器命令(>SCO_DISC)成功
19:08:41.884 Slot2执行蓝牙适配器命令(>SCO_CONN)成功
19:08:41.885 Slot2连接蓝牙成功
19:08:41.886 DUT3蓝牙ID: ACB1EEDF216B
19:08:41.915 Slot3执行蓝牙适配器命令(>PROFILE_SET=0&0)成功
19:08:43.441 Slot3执行蓝牙适配器命令(>CONN=ACB1EEDF216B)成功
19:08:43.953 Slot3执行蓝牙适配器命令(>SCO_DISC)成功
19:08:44.465 Slot3执行蓝牙适配器命令(>SCO_CONN)成功
19:08:44.466 Slot3连接蓝牙成功
19:08:44.466 DUT4蓝牙ID: ACB1EEDF22B3
19:08:44.495 Slot4执行蓝牙适配器命令(>PROFILE_SET=0&0)成功
19:08:45.974 Slot4执行蓝牙适配器命令(>CONN=ACB1EEDF22B3)成功
19:08:46.478 Slot4执行蓝牙适配器命令(>SCO_DISC)成功
19:08:46.990 Slot4执行蓝牙适配器命令(>SCO_CONN)成功
19:08:46.991 Slot4连接蓝牙成功
19:08:46.994 Spk模式测试开始...
19:08:46.994 Spk Mode
19:09:08.755 Spk模式测试完成
19:09:08.756 开始计算数据...
19:12:47.049 Mic模式测试开始...
19:13:09.189 Mic模式测试完成
19:13:09.190 开始计算数据...
19:13:21.173 测试完成

19:16:21.047 测试开始...
19:16:21.069 DUT1蓝牙ID: ACB1EEDF22BC
19:16:21.142 Slot1执行蓝牙适配器命令(>PROFILE_SET=0&0)成功
19:16:22.973 Slot1执行蓝牙适配器命令(>CONN=ACB1EEDF22BC)成功
19:16:23.489 Slot1执行蓝牙适配器命令(>SCO_DISC)成功
19:16:24.007 Slot1执行蓝牙适配器命令(>SCO_CONN)成功
19:16:24.008 Slot1连接蓝牙成功
19:16:24.009 DUT2蓝牙ID: ACB1EEDF21D3
19:16:24.053 Slot2执行蓝牙适配器命令(>PROFILE_SET=0&0)成功
19:16:25.507 Slot2执行蓝牙适配器命令(>CONN=ACB1EEDF21D3)成功
19:16:26.020 Slot2执行蓝牙适配器命令(>SCO_DISC)成功
19:16:26.522 Slot2执行蓝牙适配器命令(>SCO_CONN)成功
19:16:26.523 Slot2连接蓝牙成功
19:16:26.524 DUT3蓝牙ID: ACB1EEDF216B
19:16:26.553 Slot3执行蓝牙适配器命令(>PROFILE_SET=0&0)成功
19:16:28.074 Slot3执行蓝牙适配器命令(>CONN=ACB1EEDF216B)成功
19:16:28.585 Slot3执行蓝牙适配器命令(>SCO_DISC)成功
19:16:29.101 Slot3执行蓝牙适配器命令(>SCO_CONN)成功
19:16:29.102 Slot3连接蓝牙成功
19:16:29.103 DUT4蓝牙ID: ACB1EEDF22B3
19:16:29.131 Slot4执行蓝牙适配器命令(>PROFILE_SET=0&0)成功
19:16:30.626 Slot4执行蓝牙适配器命令(>CONN=ACB1EEDF22B3)成功
19:16:31.140 Slot4执行蓝牙适配器命令(>SCO_DISC)成功
19:16:31.652 Slot4执行蓝牙适配器命令(>SCO_CONN)成功
19:16:31.653 Slot4连接蓝牙成功
19:16:31.657 Spk模式测试开始...
19:16:31.657 Spk Mode
19:16:53.306 Spk模式测试完成
19:16:53.307 开始计算数据...
19:16:59.339 Mic模式测试开始...
19:17:20.915 Mic模式测试完成
19:17:20.915 开始计算数据...
19:17:32.467 测试完成

19:19:34.511 测试开始...
19:19:34.533 DUT1蓝牙ID: ACB1EEDF22BC
19:19:34.597 Slot1执行蓝牙适配器命令(>PROFILE_SET=0&0)成功
19:19:36.435 Slot1执行蓝牙适配器命令(>CONN=ACB1EEDF22BC)成功
19:19:36.945 Slot1执行蓝牙适配器命令(>SCO_DISC)成功
19:19:37.461 Slot1执行蓝牙适配器命令(>SCO_CONN)成功
19:19:37.462 Slot1连接蓝牙成功
19:19:37.463 DUT2蓝牙ID: ACB1EEDF21D3
19:19:37.492 Slot2执行蓝牙适配器命令(>PROFILE_SET=0&0)成功
19:19:38.970 Slot2执行蓝牙适配器命令(>CONN=ACB1EEDF21D3)成功
19:19:39.473 Slot2执行蓝牙适配器命令(>SCO_DISC)成功
19:19:39.984 Slot2执行蓝牙适配器命令(>SCO_CONN)成功
19:19:39.984 Slot2连接蓝牙成功
19:19:39.985 DUT3蓝牙ID: ACB1EEDF216B
19:19:40.014 Slot3执行蓝牙适配器命令(>PROFILE_SET=0&0)成功
19:19:41.523 Slot3执行蓝牙适配器命令(>CONN=ACB1EEDF216B)成功
19:19:42.038 Slot3执行蓝牙适配器命令(>SCO_DISC)成功
19:19:42.553 Slot3执行蓝牙适配器命令(>SCO_CONN)成功
19:19:42.554 Slot3连接蓝牙成功
19:19:42.555 DUT4蓝牙ID: ACB1EEDF22B3
19:19:52.586 [Error] - Slot4执行蓝牙适配器命令(>PROFILE_SET=0&0)超时
19:19:52.587 Spk模式测试开始...
19:19:52.587 Spk Mode
19:20:14.255 Spk模式测试完成
19:20:14.255 开始计算数据...
19:20:23.877 Mic模式测试开始...
19:20:45.101 Mic模式测试完成
19:20:45.101 开始计算数据...
19:20:56.520 测试完成

19:23:25.696 Start...
19:23:25.697 Config file: D:\soft\LSApp-1216-1\x64\Debug\Config.ini
19:23:25.697 Script file: D:\soft\LSApp-1216-1\x64\Debug\Script\PhoneWatch_231123.ini
19:24:13.507 打开Slot1端口(COM5, Baud=921600)成功
19:24:13.724 打开Slot2端口(COM4, Baud=921600)成功
19:24:13.944 打开Slot3端口(COM6, Baud=921600)成功
19:24:14.163 打开Slot4端口(COM7, Baud=921600)成功
19:24:45.864 测试开始...
19:24:45.866 DUT1蓝牙ID: ACB1EEDF22BC
19:24:45.931 Slot1执行蓝牙适配器命令(>PROFILE_SET=0&0)成功
19:24:47.736 Slot1执行蓝牙适配器命令(>CONN=ACB1EEDF22BC)成功
19:24:48.238 Slot1执行蓝牙适配器命令(>SCO_DISC)成功
19:24:48.752 Slot1执行蓝牙适配器命令(>SCO_CONN)成功
19:24:48.753 Slot1连接蓝牙成功
19:24:48.754 DUT2蓝牙ID: ACB1EEDF21D3
19:24:48.782 Slot2执行蓝牙适配器命令(>PROFILE_SET=0&0)成功
19:24:50.293 Slot2执行蓝牙适配器命令(>CONN=ACB1EEDF21D3)成功
19:24:50.809 Slot2执行蓝牙适配器命令(>SCO_DISC)成功
19:24:51.323 Slot2执行蓝牙适配器命令(>SCO_CONN)成功
19:24:51.324 Slot2连接蓝牙成功
19:24:51.324 DUT3蓝牙ID: ACB1EEDF216B
19:24:51.367 Slot3执行蓝牙适配器命令(>PROFILE_SET=0&0)成功
19:24:52.857 Slot3执行蓝牙适配器命令(>CONN=ACB1EEDF216B)成功
19:24:53.370 Slot3执行蓝牙适配器命令(>SCO_DISC)成功
19:24:53.883 Slot3执行蓝牙适配器命令(>SCO_CONN)成功
19:24:53.884 Slot3连接蓝牙成功
19:24:53.885 DUT4蓝牙ID: ACB1EEDF22B3
19:24:53.914 Slot4执行蓝牙适配器命令(>PROFILE_SET=0&0)成功
19:24:55.115 Slot4执行蓝牙适配器命令(>CONN=ACB1EEDF22B3)成功
19:24:55.617 Slot4执行蓝牙适配器命令(>SCO_DISC)成功
19:24:56.130 Slot4执行蓝牙适配器命令(>SCO_CONN)成功
19:24:56.131 Slot4连接蓝牙成功
19:24:56.134 Spk模式测试开始...
19:24:56.134 Spk Mode
19:25:17.893 Spk模式测试完成
19:25:17.893 开始计算数据...
19:25:30.379 Mic模式测试开始...
19:25:52.509 Mic模式测试完成
19:25:52.510 开始计算数据...
19:26:04.692 测试完成

19:27:48.064 测试开始...
19:27:48.087 DUT1蓝牙ID: ACB1EEDF22BC
19:27:48.161 Slot1执行蓝牙适配器命令(>PROFILE_SET=0&0)成功
19:27:50.009 Slot1执行蓝牙适配器命令(>CONN=ACB1EEDF22BC)成功
19:27:50.521 Slot1执行蓝牙适配器命令(>SCO_DISC)成功
19:27:51.034 Slot1执行蓝牙适配器命令(>SCO_CONN)成功
19:27:51.035 Slot1连接蓝牙成功
19:27:51.036 DUT2蓝牙ID: ACB1EEDF21D3
19:27:51.065 Slot2执行蓝牙适配器命令(>PROFILE_SET=0&0)成功
19:27:52.484 Slot2执行蓝牙适配器命令(>CONN=ACB1EEDF21D3)成功
19:27:52.997 Slot2执行蓝牙适配器命令(>SCO_DISC)成功
19:27:53.511 Slot2执行蓝牙适配器命令(>SCO_CONN)成功
19:27:53.512 Slot2连接蓝牙成功
19:27:53.513 DUT3蓝牙ID: ACB1EEDF216B
19:27:53.556 Slot3执行蓝牙适配器命令(>PROFILE_SET=0&0)成功
19:27:55.082 Slot3执行蓝牙适配器命令(>CONN=ACB1EEDF216B)成功
19:27:55.595 Slot3执行蓝牙适配器命令(>SCO_DISC)成功
19:27:56.105 Slot3执行蓝牙适配器命令(>SCO_CONN)成功
19:27:56.106 Slot3连接蓝牙成功
19:27:56.107 DUT4蓝牙ID: ACB1EEDF22B3
19:27:56.150 Slot4执行蓝牙适配器命令(>PROFILE_SET=0&0)成功
19:27:57.602 Slot4执行蓝牙适配器命令(>CONN=ACB1EEDF22B3)成功
19:27:58.112 Slot4执行蓝牙适配器命令(>SCO_DISC)成功
19:27:58.629 Slot4执行蓝牙适配器命令(>SCO_CONN)成功
19:27:58.630 Slot4连接蓝牙成功
19:27:58.633 Spk模式测试开始...
19:27:58.634 Spk Mode
19:28:20.291 Spk模式测试完成
19:28:20.292 开始计算数据...
19:28:30.055 Mic模式测试开始...
19:28:52.172 Mic模式测试完成
19:28:52.172 开始计算数据...
19:29:03.989 测试完成

19:31:25.771 Start...
19:31:25.772 Config file: D:\soft\LSApp-1216-1\x64\Debug\Config.ini
19:31:25.772 Script file: D:\soft\LSApp-1216-1\x64\Debug\Script\PhoneWatch_231123.ini
19:32:14.856 打开Slot1端口(COM5, Baud=921600)成功
19:32:15.075 打开Slot2端口(COM4, Baud=921600)成功
19:32:15.293 打开Slot3端口(COM6, Baud=921600)成功
19:32:15.508 打开Slot4端口(COM7, Baud=921600)成功
19:33:34.400 测试开始...
19:33:34.402 DUT1蓝牙ID: ACB1EEDF22BC
19:33:34.477 Slot1执行蓝牙适配器命令(>PROFILE_SET=0&0)成功
19:33:36.316 Slot1执行蓝牙适配器命令(>CONN=ACB1EEDF22BC)成功
19:33:36.831 Slot1执行蓝牙适配器命令(>SCO_DISC)成功
19:33:37.346 Slot1执行蓝牙适配器命令(>SCO_CONN)成功
19:33:37.347 Slot1连接蓝牙成功
19:33:37.348 DUT2蓝牙ID: ACB1EEDF21D3
19:33:47.389 [Error] - Slot2执行蓝牙适配器命令(>PROFILE_SET=0&0)超时
19:33:47.391 DUT3蓝牙ID: ACB1EEDF216B
19:33:47.420 Slot3执行蓝牙适配器命令(>PROFILE_SET=0&0)成功
19:33:49.064 Slot3执行蓝牙适配器命令(>CONN=ACB1EEDF216B)成功
19:33:49.567 Slot3执行蓝牙适配器命令(>SCO_DISC)成功
19:33:50.084 Slot3执行蓝牙适配器命令(>SCO_CONN)成功
19:33:50.085 Slot3连接蓝牙成功
19:33:50.087 DUT4蓝牙ID: ACB1EEDF22B3
19:33:50.129 Slot4执行蓝牙适配器命令(>PROFILE_SET=0&0)成功
19:33:51.637 Slot4执行蓝牙适配器命令(>CONN=ACB1EEDF22B3)成功
19:33:52.152 Slot4执行蓝牙适配器命令(>SCO_DISC)成功
19:33:52.668 Slot4执行蓝牙适配器命令(>SCO_CONN)成功
19:33:52.669 Slot4连接蓝牙成功
19:33:52.673 Spk模式测试开始...
19:33:52.674 Spk Mode
19:33:58.161 [Error] - Slot2蓝牙适配器未连接成功！
19:34:09.011 Spk模式测试完成
19:34:09.011 开始计算数据...
19:34:20.160 Mic模式测试开始...
19:34:42.392 Mic模式测试完成
19:34:42.393 开始计算数据...
19:34:54.869 测试完成

19:38:04.552 测试开始...
19:38:04.575 DUT1蓝牙ID: ACB1EEDF22BC
19:38:04.657 Slot1执行蓝牙适配器命令(>PROFILE_SET=0&0)成功
19:38:06.493 Slot1执行蓝牙适配器命令(>CONN=ACB1EEDF22BC)成功
19:38:07.008 Slot1执行蓝牙适配器命令(>SCO_DISC)成功
19:38:07.525 Slot1执行蓝牙适配器命令(>SCO_CONN)成功
19:38:07.527 Slot1连接蓝牙成功
19:38:07.527 DUT2蓝牙ID: ACB1EEDF21D3
19:38:07.571 Slot2执行蓝牙适配器命令(>PROFILE_SET=0&0)成功
19:38:08.940 Slot2执行蓝牙适配器命令(>CONN=ACB1EEDF21D3)成功
19:38:09.452 Slot2执行蓝牙适配器命令(>SCO_DISC)成功
19:38:09.964 Slot2执行蓝牙适配器命令(>SCO_CONN)成功
19:38:09.966 Slot2连接蓝牙成功
19:38:09.967 DUT3蓝牙ID: ACB1EEDF216B
19:38:10.009 Slot3执行蓝牙适配器命令(>PROFILE_SET=0&0)成功
19:38:11.593 Slot3执行蓝牙适配器命令(>CONN=ACB1EEDF216B)成功
19:38:12.105 Slot3执行蓝牙适配器命令(>SCO_DISC)成功
19:38:12.617 Slot3执行蓝牙适配器命令(>SCO_CONN)成功
19:38:12.618 Slot3连接蓝牙成功
19:38:12.619 DUT4蓝牙ID: ACB1EEDF22B3
19:38:12.662 Slot4执行蓝牙适配器命令(>PROFILE_SET=0&0)成功
19:38:14.128 Slot4执行蓝牙适配器命令(>CONN=ACB1EEDF22B3)成功
19:38:14.644 Slot4执行蓝牙适配器命令(>SCO_DISC)成功
19:38:15.158 Slot4执行蓝牙适配器命令(>SCO_CONN)成功
19:38:15.159 Slot4连接蓝牙成功
19:38:15.163 Spk模式测试开始...
19:38:15.164 Spk Mode
19:38:36.828 Spk模式测试完成
19:38:36.828 开始计算数据...
19:38:46.877 Mic模式测试开始...
19:39:07.928 Mic模式测试完成
19:39:07.928 开始计算数据...
19:39:19.787 测试完成

19:41:49.047 Start...
19:41:49.048 Config file: D:\soft\LSApp-1216-1\x64\Debug\Config.ini
19:41:49.048 Script file: D:\soft\LSApp-1216-1\x64\Debug\Script\PhoneWatch_231123.ini
19:42:40.338 打开Slot1端口(COM5, Baud=921600)成功
19:42:40.555 打开Slot2端口(COM4, Baud=921600)成功
19:42:40.773 打开Slot3端口(COM6, Baud=921600)成功
19:42:40.992 打开Slot4端口(COM7, Baud=921600)成功
19:43:17.408 测试开始...
19:43:17.410 DUT1蓝牙ID: ACB1EEDF22BC
19:43:17.485 Slot1执行蓝牙适配器命令(>PROFILE_SET=0&0)成功
19:43:19.283 Slot1执行蓝牙适配器命令(>CONN=ACB1EEDF22BC)成功
19:43:19.799 Slot1执行蓝牙适配器命令(>SCO_DISC)成功
19:43:20.311 Slot1执行蓝牙适配器命令(>SCO_CONN)成功
19:43:20.312 Slot1连接蓝牙成功
19:43:20.313 DUT2蓝牙ID: ACB1EEDF21D3
19:43:20.342 Slot2执行蓝牙适配器命令(>PROFILE_SET=0&0)成功
19:43:21.856 Slot2执行蓝牙适配器命令(>CONN=ACB1EEDF21D3)成功
19:43:22.371 Slot2执行蓝牙适配器命令(>SCO_DISC)成功
19:43:22.886 Slot2执行蓝牙适配器命令(>SCO_CONN)成功
19:43:22.887 Slot2连接蓝牙成功
19:43:22.888 DUT3蓝牙ID: ACB1EEDF216B
19:43:22.917 Slot3执行蓝牙适配器命令(>PROFILE_SET=0&0)成功
19:43:24.412 Slot3执行蓝牙适配器命令(>CONN=ACB1EEDF216B)成功
19:43:24.929 Slot3执行蓝牙适配器命令(>SCO_DISC)成功
19:43:25.443 Slot3执行蓝牙适配器命令(>SCO_CONN)成功
19:43:25.444 Slot3连接蓝牙成功
19:43:25.446 DUT4蓝牙ID: ACB1EEDF22B3
19:43:25.488 Slot4执行蓝牙适配器命令(>PROFILE_SET=0&0)成功
19:43:26.967 Slot4执行蓝牙适配器命令(>CONN=ACB1EEDF22B3)成功
19:43:27.471 Slot4执行蓝牙适配器命令(>SCO_DISC)成功
19:43:27.983 Slot4执行蓝牙适配器命令(>SCO_CONN)成功
19:43:27.984 Slot4连接蓝牙成功
19:43:27.987 Spk模式测试开始...
19:43:27.987 Spk Mode
19:43:49.736 Spk模式测试完成
19:43:49.736 开始计算数据...
19:44:02.642 Mic模式测试开始...
19:44:24.837 Mic模式测试完成
19:44:24.837 开始计算数据...
19:44:37.030 测试完成

