09:53:41.009 Start...
09:53:41.009 Config file: D:\soft\LSApp-1218\x64\Debug\Config.ini
09:53:41.010 Script file: D:\soft\LSApp-1218\x64\Debug\Script\PhoneWatch_231123.ini
09:54:04.629 Start...
09:54:04.630 Config file: D:\soft\LSApp-1218\x64\Debug\Config.ini
09:54:04.630 Script file: D:\soft\LSApp-1218\x64\Debug\Script\PhoneWatch_231123.ini
09:54:47.901 打开Slot1端口(COM6, Baud=921600)成功
09:54:48.121 打开Slot2端口(COM4, Baud=921600)成功
09:54:48.124 [Error] - 打开Slot3端口(COM3, Baud=921600)异常: The port refuses to visit.
09:54:48.341 打开Slot4端口(COM7, Baud=921600)成功
09:55:06.678 测试开始...
09:55:06.681 [Error] - Slot3蓝牙适配器端口未打开！
09:55:06.681 DUT1蓝牙ID: ACB1EEDF216B
09:55:07.808 Slot1连接蓝牙成功
09:55:07.811 DUT2蓝牙ID: ACB1EEDF22B3
09:55:08.947 Slot2连接蓝牙成功
09:55:08.948 DUT3蓝牙ID: ACB1EEDF22BC
09:55:08.949 [Error] - Slot3蓝牙适配器端口未打开！
09:55:08.950 DUT4蓝牙ID: ACB1EEDF21D3
09:55:10.081 Slot4连接蓝牙成功
09:56:15.535 Start...
09:56:15.537 Config file: D:\soft\LSApp-1218\x64\Debug\Config.ini
09:56:15.537 Script file: D:\soft\LSApp-1218\x64\Debug\Script\PhoneWatch_231123.ini
09:56:48.172 Start...
09:56:48.173 Config file: D:\soft\LSApp-1218\x64\Debug\Config.ini
09:56:48.173 Script file: D:\soft\LSApp-1218\x64\Debug\Script\PhoneWatch_231123.ini
09:57:28.256 Start...
09:57:28.257 Config file: D:\soft\LSApp-1218\x64\Debug\Config.ini
09:57:28.257 Script file: D:\soft\LSApp-1218\x64\Debug\Script\PhoneWatch_231123.ini
09:58:11.846 打开Slot1端口(COM6, Baud=921600)成功
09:58:12.063 打开Slot2端口(COM4, Baud=921600)成功
09:58:12.283 打开Slot3端口(COM3, Baud=921600)成功
09:58:12.500 打开Slot4端口(COM7, Baud=921600)成功
09:58:16.114 测试开始...
09:58:16.116 DUT1蓝牙ID: ACB1EEDF216B
09:58:17.230 Slot1连接蓝牙成功
09:58:17.231 DUT2蓝牙ID: ACB1EEDF22B3
09:58:18.369 Slot2连接蓝牙成功
09:58:18.370 DUT3蓝牙ID: ACB1EEDF22BC
09:58:19.506 Slot3连接蓝牙成功
09:58:19.507 DUT4蓝牙ID: ACB1EEDF21D3
09:58:20.636 Slot4连接蓝牙成功
09:58:20.641 Spk模式测试开始...
09:58:20.641 Spk Mode
09:58:46.578 Spk模式测试完成
09:58:46.580 开始计算数据...
09:58:54.699 Mic模式测试开始...
09:59:09.806 Mic模式测试完成
09:59:09.806 开始计算数据...
09:59:21.997 测试完成

10:01:07.960 Start...
10:01:07.961 Config file: D:\soft\LSApp-1218\x64\Debug\Config.ini
10:01:07.961 Script file: D:\soft\LSApp-1218\x64\Debug\Script\PhoneWatch_231123.ini
10:01:51.260 打开Slot1端口(COM6, Baud=921600)成功
10:01:51.479 打开Slot2端口(COM4, Baud=921600)成功
10:01:51.695 打开Slot3端口(COM3, Baud=921600)成功
10:01:51.914 打开Slot4端口(COM7, Baud=921600)成功
10:01:55.509 测试开始...
10:01:55.510 DUT1蓝牙ID: ACB1EEDF216B
10:01:57.155 Slot1连接蓝牙成功
10:01:57.156 DUT2蓝牙ID: ACB1EEDF22B3
10:01:58.809 Slot2连接蓝牙成功
10:01:58.811 DUT3蓝牙ID: ACB1EEDF22BC
10:02:00.464 Slot3连接蓝牙成功
10:02:00.465 DUT4蓝牙ID: ACB1EEDF21D3
10:02:02.118 Slot4连接蓝牙成功
10:02:02.123 Spk模式测试开始...
10:02:02.123 Spk Mode
10:02:28.128 Spk模式测试完成
10:02:28.130 开始计算数据...
10:02:36.213 Mic模式测试开始...
10:02:51.419 Mic模式测试完成
10:02:51.420 开始计算数据...
10:03:02.301 测试完成

10:04:02.167 Start...
10:04:02.168 Config file: D:\soft\LSApp-1218\x64\Debug\Config.ini
10:04:02.168 Script file: D:\soft\LSApp-1218\x64\Debug\Script\PhoneWatch_231123.ini
10:42:10.060 Start...
10:42:10.061 Config file: D:\soft\LSApp-1218\x64\Debug\Config.ini
10:42:10.061 Script file: D:\soft\LSApp-1218\x64\Debug\Script\PhoneWatch_231123.ini
10:42:53.534 打开Slot1端口(COM6, Baud=921600)成功
10:42:53.753 打开Slot2端口(COM4, Baud=921600)成功
10:42:53.969 打开Slot3端口(COM3, Baud=921600)成功
10:42:54.188 打开Slot4端口(COM7, Baud=921600)成功
10:43:41.057 测试开始...
10:43:41.059 DUT1蓝牙ID: ACB1EEDF216B
10:43:41.121 Slot1执行蓝牙适配器命令(>PROFILE_SET=0&0)成功
10:43:42.945 Slot1执行蓝牙适配器命令(>CONN=ACB1EEDF216B)成功
10:43:43.460 Slot1执行蓝牙适配器命令(>SCO_DISC)成功
10:43:43.973 Slot1执行蓝牙适配器命令(>SCO_CONN)成功
10:43:43.974 Slot1连接蓝牙成功
10:43:43.975 DUT2蓝牙ID: ACB1EEDF22B3
10:43:44.019 Slot2执行蓝牙适配器命令(>PROFILE_SET=0&0)成功
10:43:45.457 Slot2执行蓝牙适配器命令(>CONN=ACB1EEDF22B3)成功
10:43:45.971 Slot2执行蓝牙适配器命令(>SCO_DISC)成功
10:43:46.487 Slot2执行蓝牙适配器命令(>SCO_CONN)成功
10:43:46.488 Slot2连接蓝牙成功
10:43:46.489 DUT3蓝牙ID: ACB1EEDF22BC
10:43:46.532 Slot3执行蓝牙适配器命令(>PROFILE_SET=0&0)成功
10:43:48.278 Slot3执行蓝牙适配器命令(>CONN=ACB1EEDF22BC)成功
10:43:48.823 Slot3执行蓝牙适配器命令(>SCO_DISC)成功
10:43:49.384 Slot3执行蓝牙适配器命令(>SCO_CONN)成功
10:43:49.386 Slot3连接蓝牙成功
10:43:49.387 DUT4蓝牙ID: ACB1EEDF21D3
10:43:49.416 Slot4执行蓝牙适配器命令(>PROFILE_SET=0&0)成功
10:43:50.613 Slot4执行蓝牙适配器命令(>CONN=ACB1EEDF21D3)成功
10:43:51.115 Slot4执行蓝牙适配器命令(>SCO_DISC)成功
10:43:51.632 Slot4执行蓝牙适配器命令(>SCO_CONN)成功
10:43:51.632 Slot4连接蓝牙成功
10:43:51.636 Spk模式测试开始...
10:43:51.637 Spk Mode
10:44:17.888 Spk模式测试完成
10:44:17.889 开始计算数据...
10:44:26.260 Mic模式测试开始...
10:44:41.265 Mic模式测试完成
10:44:41.265 开始计算数据...
10:44:52.580 测试完成

10:45:21.383 测试开始...
10:45:21.402 Spk模式测试开始...
10:45:21.403 Spk Mode
10:45:47.125 Spk模式测试完成
10:45:47.126 开始计算数据...
10:45:53.145 Mic模式测试开始...
10:46:08.278 Mic模式测试完成
10:46:08.278 开始计算数据...
10:46:15.096 测试完成

10:48:11.512 测试开始...
10:48:11.531 DUT1蓝牙ID: ACB1EEDF216B
10:48:11.585 Slot1执行蓝牙适配器命令(>PROFILE_SET=0&0)成功
10:48:13.441 Slot1执行蓝牙适配器命令(>CONN=ACB1EEDF216B)成功
10:48:13.955 Slot1执行蓝牙适配器命令(>SCO_DISC)成功
10:48:14.470 Slot1执行蓝牙适配器命令(>SCO_CONN)成功
10:48:14.472 Slot1连接蓝牙成功
10:48:14.474 Spk模式测试开始...
10:48:14.475 Spk Mode
10:48:20.640 Spk模式测试完成
10:48:20.640 开始计算数据...
10:48:22.138 计算，Slot2未启用测试
10:48:22.147 计算，Slot3未启用测试
10:48:22.158 计算，Slot4未启用测试
10:48:22.170 Mic模式测试开始...
10:48:28.303 Mic模式测试完成
10:48:28.303 开始计算数据...
10:48:29.896 计算，Slot2未启用测试
10:48:29.903 计算，Slot3未启用测试
10:48:29.910 计算，Slot4未启用测试
10:48:29.919 测试完成

10:48:32.578 计算，Slot2未启用测试
10:48:32.578 计算，Slot3未启用测试
10:48:32.578 计算，Slot4未启用测试
10:49:08.070 测试开始...
10:49:08.091 Spk模式测试开始...
10:49:08.091 Spk Mode
10:49:14.264 Spk模式测试完成
10:49:14.264 开始计算数据...
10:49:15.755 计算，Slot2未启用测试
10:49:15.763 计算，Slot3未启用测试
10:49:15.771 计算，Slot4未启用测试
10:49:15.781 Mic模式测试开始...
10:49:21.939 Mic模式测试完成
10:49:21.939 开始计算数据...
10:49:23.576 计算，Slot2未启用测试
10:49:23.583 计算，Slot3未启用测试
10:49:23.590 计算，Slot4未启用测试
10:49:23.599 测试完成

10:49:25.186 计算，Slot2未启用测试
10:49:25.186 计算，Slot3未启用测试
10:49:25.186 计算，Slot4未启用测试
10:49:58.886 测试开始...
10:49:58.905 Spk模式测试开始...
10:49:58.906 Spk Mode
10:50:05.096 Spk模式测试完成
10:50:05.097 开始计算数据...
10:50:06.577 计算，Slot2未启用测试
10:50:06.585 计算，Slot3未启用测试
10:50:06.592 计算，Slot4未启用测试
10:50:06.601 Mic模式测试开始...
10:50:12.793 Mic模式测试完成
10:50:12.793 开始计算数据...
10:50:14.412 计算，Slot2未启用测试
10:50:14.420 计算，Slot3未启用测试
10:50:14.429 计算，Slot4未启用测试
10:50:14.438 测试完成

10:50:15.808 计算，Slot2未启用测试
10:50:15.809 计算，Slot3未启用测试
10:50:15.809 计算，Slot4未启用测试
10:50:31.750 测试开始...
10:50:31.770 Spk模式测试开始...
10:50:31.770 Spk Mode
10:50:37.951 Spk模式测试完成
10:50:37.951 开始计算数据...
10:50:39.422 计算，Slot2未启用测试
10:50:39.430 计算，Slot3未启用测试
10:50:39.437 计算，Slot4未启用测试
10:50:39.446 Mic模式测试开始...
10:50:45.647 Mic模式测试完成
10:50:45.648 开始计算数据...
10:50:47.284 计算，Slot2未启用测试
10:50:47.291 计算，Slot3未启用测试
10:50:47.298 计算，Slot4未启用测试
10:50:47.307 测试完成

10:50:49.137 计算，Slot2未启用测试
10:50:49.138 计算，Slot3未启用测试
10:50:49.138 计算，Slot4未启用测试
10:51:39.766 测试开始...
10:51:39.786 Spk模式测试开始...
10:51:39.788 Spk Mode
10:51:45.966 Spk模式测试完成
10:51:45.966 开始计算数据...
10:51:47.456 计算，Slot2未启用测试
10:51:47.463 计算，Slot3未启用测试
10:51:47.470 计算，Slot4未启用测试
10:51:47.479 Mic模式测试开始...
10:51:53.690 Mic模式测试完成
10:51:53.691 开始计算数据...
10:51:56.022 计算，Slot2未启用测试
10:51:56.032 计算，Slot3未启用测试
10:51:56.043 计算，Slot4未启用测试
10:51:56.053 测试完成

10:51:58.079 计算，Slot2未启用测试
10:51:58.079 计算，Slot3未启用测试
10:51:58.079 计算，Slot4未启用测试
10:53:24.406 测试开始...
10:53:24.428 Spk模式测试开始...
10:53:24.428 Spk Mode
10:53:30.624 Spk模式测试完成
10:53:30.624 开始计算数据...
10:53:32.112 计算，Slot2未启用测试
10:53:32.119 计算，Slot3未启用测试
10:53:32.127 计算，Slot4未启用测试
10:53:32.140 Mic模式测试开始...
10:53:38.311 Mic模式测试完成
10:53:38.312 开始计算数据...
10:53:39.947 计算，Slot2未启用测试
10:53:39.956 计算，Slot3未启用测试
10:53:39.965 计算，Slot4未启用测试
10:53:39.973 测试完成

10:53:41.378 计算，Slot2未启用测试
10:53:41.379 计算，Slot3未启用测试
10:53:41.379 计算，Slot4未启用测试
10:53:51.782 测试开始...
10:53:51.803 Spk模式测试开始...
10:53:51.803 Spk Mode
10:53:57.990 Spk模式测试完成
10:53:57.990 开始计算数据...
10:53:59.480 计算，Slot2未启用测试
10:53:59.487 计算，Slot3未启用测试
10:53:59.499 计算，Slot4未启用测试
10:53:59.507 Mic模式测试开始...
10:54:05.679 Mic模式测试完成
10:54:05.679 开始计算数据...
10:54:07.323 计算，Slot2未启用测试
10:54:07.329 计算，Slot3未启用测试
10:54:07.335 计算，Slot4未启用测试
10:54:07.342 测试完成

10:54:12.762 计算，Slot2未启用测试
10:54:12.762 计算，Slot3未启用测试
10:54:12.762 计算，Slot4未启用测试
10:56:00.388 测试开始...
10:56:00.410 DUT2蓝牙ID: ACB1EEDF216B
10:56:00.475 Slot2执行蓝牙适配器命令(>PROFILE_SET=0&0)成功
10:56:11.953 [Error] - Slot2执行蓝牙适配器命令(>CONN=ACB1EEDF216B)超时
10:57:31.747 测试开始...
10:57:31.749 DUT2蓝牙ID: ACB1EEDF216B
10:57:31.802 Slot2执行蓝牙适配器命令(>PROFILE_SET=0&0)成功
10:57:33.357 Slot2执行蓝牙适配器命令(>CONN=ACB1EEDF216B)成功
10:57:33.872 Slot2执行蓝牙适配器命令(>SCO_DISC)成功
10:57:34.389 Slot2执行蓝牙适配器命令(>SCO_CONN)成功
10:57:34.389 Slot2连接蓝牙成功
10:57:34.391 Spk模式测试开始...
10:57:34.392 Spk Mode
10:57:40.579 Spk模式测试完成
10:57:40.579 开始计算数据...
10:57:40.579 计算，Slot1未启用测试
10:57:42.065 计算，Slot3未启用测试
10:57:42.072 计算，Slot4未启用测试
10:57:42.080 Mic模式测试开始...
10:57:48.292 Mic模式测试完成
10:57:48.292 开始计算数据...
10:57:48.292 计算，Slot1未启用测试
10:57:49.947 计算，Slot3未启用测试
10:57:49.954 计算，Slot4未启用测试
10:57:49.961 测试完成

10:57:49.962 计算，Slot1未启用测试
10:57:52.065 计算，Slot3未启用测试
10:57:52.065 计算，Slot4未启用测试
10:58:20.743 测试开始...
10:58:20.764 Spk模式测试开始...
10:58:20.764 Spk Mode
10:58:26.966 Spk模式测试完成
10:58:26.966 开始计算数据...
10:58:26.966 计算，Slot1未启用测试
10:58:28.456 计算，Slot3未启用测试
10:58:28.463 计算，Slot4未启用测试
10:58:28.470 Mic模式测试开始...
10:58:34.648 Mic模式测试完成
10:58:34.648 开始计算数据...
10:58:34.648 计算，Slot1未启用测试
10:58:36.287 计算，Slot3未启用测试
10:58:36.294 计算，Slot4未启用测试
10:58:36.301 测试完成

10:58:36.302 计算，Slot1未启用测试
10:58:37.761 计算，Slot3未启用测试
10:58:37.762 计算，Slot4未启用测试
10:59:20.437 测试开始...
10:59:20.457 Spk模式测试开始...
10:59:20.457 Spk Mode
10:59:26.625 Spk模式测试完成
10:59:26.625 开始计算数据...
10:59:26.625 计算，Slot1未启用测试
10:59:28.116 计算，Slot3未启用测试
10:59:28.123 计算，Slot4未启用测试
10:59:28.131 Mic模式测试开始...
10:59:34.328 Mic模式测试完成
10:59:34.328 开始计算数据...
10:59:34.328 计算，Slot1未启用测试
10:59:35.946 计算，Slot3未启用测试
10:59:35.953 计算，Slot4未启用测试
10:59:35.961 测试完成

10:59:35.961 计算，Slot1未启用测试
10:59:37.698 计算，Slot3未启用测试
10:59:37.698 计算，Slot4未启用测试
11:01:17.526 测试开始...
11:01:17.547 Spk模式测试开始...
11:01:17.547 Spk Mode
11:01:23.745 Spk模式测试完成
11:01:23.746 开始计算数据...
11:01:23.746 计算，Slot1未启用测试
11:01:25.213 计算，Slot3未启用测试
11:01:25.220 计算，Slot4未启用测试
11:01:25.229 Mic模式测试开始...
11:01:31.230 Mic模式测试完成
11:01:31.230 开始计算数据...
11:01:31.231 计算，Slot1未启用测试
11:01:32.854 计算，Slot3未启用测试
11:01:32.861 计算，Slot4未启用测试
11:01:32.869 测试完成

11:01:32.869 计算，Slot1未启用测试
11:01:36.482 计算，Slot3未启用测试
11:01:36.482 计算，Slot4未启用测试
11:02:29.061 测试开始...
11:02:29.083 Spk模式测试开始...
11:02:29.084 Spk Mode
11:02:35.238 Spk模式测试完成
11:02:35.238 开始计算数据...
11:02:35.239 计算，Slot1未启用测试
11:02:36.701 计算，Slot3未启用测试
11:02:36.709 计算，Slot4未启用测试
11:02:36.717 Mic模式测试开始...
11:02:42.821 Mic模式测试完成
11:02:42.821 开始计算数据...
11:02:42.821 计算，Slot1未启用测试
11:02:44.454 计算，Slot3未启用测试
11:02:44.462 计算，Slot4未启用测试
11:02:44.468 测试完成

11:02:44.468 计算，Slot1未启用测试
11:02:46.387 计算，Slot3未启用测试
11:02:46.387 计算，Slot4未启用测试
11:35:36.197 测试开始...
11:35:36.219 DUT1蓝牙ID: ACB1EEDF216B
11:35:36.267 Slot1执行蓝牙适配器命令(>PROFILE_SET=0&0)成功
11:35:38.061 Slot1执行蓝牙适配器命令(>CONN=ACB1EEDF216B)成功
11:35:38.576 Slot1执行蓝牙适配器命令(>SCO_DISC)成功
11:35:39.090 Slot1执行蓝牙适配器命令(>SCO_CONN)成功
11:35:39.091 Slot1连接蓝牙成功
11:35:39.091 DUT2蓝牙ID: ACB1EEDF22B3
11:35:39.120 Slot2执行蓝牙适配器命令(>PROFILE_SET=0&0)成功
11:35:40.382 Slot2执行蓝牙适配器命令(>CONN=ACB1EEDF22B3)成功
11:35:40.897 Slot2执行蓝牙适配器命令(>SCO_DISC)成功
11:35:41.413 Slot2执行蓝牙适配器命令(>SCO_CONN)成功
11:35:41.415 Slot2连接蓝牙成功
11:35:41.416 DUT3蓝牙ID: ACB1EEDF22BC
11:35:41.459 Slot3执行蓝牙适配器命令(>PROFILE_SET=0&0)成功
11:35:43.144 Slot3执行蓝牙适配器命令(>CONN=ACB1EEDF22BC)成功
11:35:43.692 Slot3执行蓝牙适配器命令(>SCO_DISC)成功
11:35:44.256 Slot3执行蓝牙适配器命令(>SCO_CONN)成功
11:35:44.257 Slot3连接蓝牙成功
11:35:44.258 DUT4蓝牙ID: ACB1EEDF21D3
11:35:44.288 Slot4执行蓝牙适配器命令(>PROFILE_SET=0&0)成功
11:35:45.784 Slot4执行蓝牙适配器命令(>CONN=ACB1EEDF21D3)成功
11:35:46.300 Slot4执行蓝牙适配器命令(>SCO_DISC)成功
11:35:46.812 Slot4执行蓝牙适配器命令(>SCO_CONN)成功
11:35:46.812 Slot4连接蓝牙成功
11:35:46.817 Spk模式测试开始...
11:35:46.817 Spk Mode
11:36:12.580 Spk模式测试完成
11:36:12.582 开始计算数据...
11:36:18.545 Mic模式测试开始...
11:36:33.974 Mic模式测试完成
11:36:33.974 开始计算数据...
11:36:40.540 测试完成

11:39:55.160 测试开始...
11:39:55.179 Spk模式测试开始...
11:39:55.180 Spk Mode
11:40:20.897 Spk模式测试完成
11:40:20.899 开始计算数据...
11:40:26.805 Mic模式测试开始...
11:40:42.103 Mic模式测试完成
11:40:42.104 开始计算数据...
11:40:49.158 测试完成

11:49:30.883 Start...
11:49:30.884 Config file: D:\soft\LSApp-1218\x64\Debug\Config.ini
11:49:30.884 Script file: D:\soft\LSApp-1218\x64\Debug\Script\PhoneWatch_231123.ini
11:50:15.003 打开Slot1端口(COM6, Baud=921600)成功
11:50:15.222 打开Slot2端口(COM4, Baud=921600)成功
11:50:15.440 打开Slot3端口(COM3, Baud=921600)成功
11:50:15.659 打开Slot4端口(COM7, Baud=921600)成功
11:50:26.870 测试开始...
11:50:26.870 Spk模式测试开始...
11:50:26.872 Spk Mode
11:50:26.872 [Error] - Slot1蓝牙适配器未连接成功！
11:50:26.872 [Error] - Slot2蓝牙适配器未连接成功！
11:50:26.872 [Error] - Slot3蓝牙适配器未连接成功！
11:50:26.873 [Error] - Slot4蓝牙适配器未连接成功！
11:50:26.873 Spk模式测试完成
11:50:26.873 开始计算数据...
11:50:26.975 Mic模式测试开始...
11:50:41.877 Mic模式测试完成
11:50:41.877 开始计算数据...
11:50:53.012 测试完成

11:51:04.453 测试开始...
11:51:04.477 DUT1蓝牙ID: ACB1EEDF216B
11:51:04.535 Slot1执行蓝牙适配器命令(>PROFILE_SET=0&0)成功
11:51:06.361 Slot1执行蓝牙适配器命令(>CONN=ACB1EEDF216B)成功
11:51:06.862 Slot1执行蓝牙适配器命令(>SCO_DISC)成功
11:51:07.378 Slot1执行蓝牙适配器命令(>SCO_CONN)成功
11:51:07.379 Slot1连接蓝牙成功
11:51:07.379 DUT2蓝牙ID: ACB1EEDF22B3
11:51:17.414 [Error] - Slot2执行蓝牙适配器命令(>PROFILE_SET=0&0)超时
11:51:17.415 DUT3蓝牙ID: ACB1EEDF22BC
11:51:17.445 Slot3执行蓝牙适配器命令(>PROFILE_SET=0&0)成功
11:51:19.099 Slot3执行蓝牙适配器命令(>CONN=ACB1EEDF22BC)成功
11:51:19.630 Slot3执行蓝牙适配器命令(>SCO_DISC)成功
11:51:20.191 Slot3执行蓝牙适配器命令(>SCO_CONN)成功
11:51:20.192 Slot3连接蓝牙成功
11:51:20.193 DUT4蓝牙ID: ACB1EEDF21D3
11:51:30.224 [Error] - Slot4执行蓝牙适配器命令(>PROFILE_SET=0&0)超时
11:51:39.393 测试开始...
11:51:39.395 DUT1蓝牙ID: ACB1EEDF216B
11:51:39.445 Slot1执行蓝牙适配器命令(>PROFILE_SET=0&0)成功
11:51:41.304 Slot1执行蓝牙适配器命令(>CONN=ACB1EEDF216B)成功
11:51:41.819 Slot1执行蓝牙适配器命令(>SCO_DISC)成功
11:51:42.334 Slot1执行蓝牙适配器命令(>SCO_CONN)成功
11:51:42.335 Slot1连接蓝牙成功
11:51:42.336 DUT2蓝牙ID: ACB1EEDF22B3
11:51:42.380 Slot2执行蓝牙适配器命令(>PROFILE_SET=0&0)成功
11:51:43.447 Slot2执行蓝牙适配器命令(>CONN=ACB1EEDF22B3)成功
11:51:43.950 Slot2执行蓝牙适配器命令(>SCO_DISC)成功
11:51:44.466 Slot2执行蓝牙适配器命令(>SCO_CONN)成功
11:51:44.468 Slot2连接蓝牙成功
11:51:44.469 DUT3蓝牙ID: ACB1EEDF22BC
11:51:44.511 Slot3执行蓝牙适配器命令(>PROFILE_SET=0&0)成功
11:51:46.325 Slot3执行蓝牙适配器命令(>CONN=ACB1EEDF22BC)成功
11:51:46.872 Slot3执行蓝牙适配器命令(>SCO_DISC)成功
11:51:47.434 Slot3执行蓝牙适配器命令(>SCO_CONN)成功
11:51:47.435 Slot3连接蓝牙成功
11:51:47.436 DUT4蓝牙ID: ACB1EEDF21D3
11:51:47.465 Slot4执行蓝牙适配器命令(>PROFILE_SET=0&0)成功
11:51:48.574 Slot4执行蓝牙适配器命令(>CONN=ACB1EEDF21D3)成功
11:51:49.077 Slot4执行蓝牙适配器命令(>SCO_DISC)成功
11:51:49.581 Slot4执行蓝牙适配器命令(>SCO_CONN)成功
11:51:49.582 Slot4连接蓝牙成功
11:51:49.586 Spk模式测试开始...
11:51:49.586 Spk Mode
11:52:15.427 Spk模式测试完成
11:52:15.428 开始计算数据...
11:52:22.180 Mic模式测试开始...
11:52:37.217 Mic模式测试完成
11:52:37.217 开始计算数据...
11:52:43.915 测试完成

11:53:15.481 测试开始...
11:53:15.504 Spk模式测试开始...
11:53:15.505 Spk Mode
11:53:41.255 Spk模式测试完成
11:53:41.256 开始计算数据...
11:53:47.318 Mic模式测试开始...
11:54:02.392 Mic模式测试完成
11:54:02.392 开始计算数据...
11:54:08.929 测试完成

11:54:55.336 测试开始...
11:54:55.359 Spk模式测试开始...
11:54:55.359 Spk Mode
11:55:21.093 Spk模式测试完成
11:55:21.094 开始计算数据...
11:55:27.097 Mic模式测试开始...
11:55:42.401 Mic模式测试完成
11:55:42.401 开始计算数据...
11:55:49.579 测试完成

11:56:09.013 测试开始...
11:56:09.034 Spk模式测试开始...
11:56:09.035 Spk Mode
11:56:34.737 Spk模式测试完成
11:56:34.739 开始计算数据...
11:56:40.758 Mic模式测试开始...
11:56:55.598 Mic模式测试完成
11:56:55.598 开始计算数据...
11:57:02.122 测试完成

12:02:19.882 测试开始...
12:02:19.902 Spk模式测试开始...
12:02:19.903 Spk Mode
12:02:45.705 Spk模式测试完成
12:02:45.706 开始计算数据...
12:02:51.687 Mic模式测试开始...
12:03:06.810 Mic模式测试完成
12:03:06.810 开始计算数据...
12:03:13.308 测试完成

12:03:47.097 测试开始...
12:03:47.117 Spk模式测试开始...
12:03:47.118 Spk Mode
12:04:12.811 Spk模式测试完成
12:04:12.812 开始计算数据...
12:04:18.777 Mic模式测试开始...
12:04:33.233 Mic模式测试完成
12:04:33.233 开始计算数据...
12:04:39.711 测试完成

13:17:05.151 测试开始...
13:17:05.173 DUT1蓝牙ID: ACB1EEDF216B
13:17:05.233 Slot1执行蓝牙适配器命令(>PROFILE_SET=0&0)成功
13:17:06.481 Slot1执行蓝牙适配器命令(>CONN=ACB1EEDF216B)成功
13:17:06.994 Slot1执行蓝牙适配器命令(>SCO_DISC)成功
13:17:07.503 Slot1执行蓝牙适配器命令(>SCO_CONN)成功
13:17:07.503 Slot1连接蓝牙成功
13:17:07.505 Spk模式测试开始...
13:17:07.505 Spk Mode
13:17:13.719 Spk模式测试完成
13:17:13.720 开始计算数据...
13:17:15.187 计算，Slot2未启用测试
13:17:15.195 计算，Slot3未启用测试
13:17:15.204 计算，Slot4未启用测试
13:17:15.213 Mic模式测试开始...
13:17:21.419 Mic模式测试完成
13:17:21.419 开始计算数据...
13:17:23.053 计算，Slot2未启用测试
13:17:23.061 计算，Slot3未启用测试
13:17:23.068 计算，Slot4未启用测试
13:17:23.076 测试完成

13:17:24.987 计算，Slot2未启用测试
13:17:24.987 计算，Slot3未启用测试
13:17:24.988 计算，Slot4未启用测试
13:18:13.969 测试开始...
13:18:13.993 Spk模式测试开始...
13:18:13.993 Spk Mode
13:18:20.171 Spk模式测试完成
13:18:20.172 开始计算数据...
13:18:21.818 计算，Slot2未启用测试
13:18:21.828 计算，Slot3未启用测试
13:18:21.838 计算，Slot4未启用测试
13:18:21.848 Mic模式测试开始...
13:18:27.941 Mic模式测试完成
13:18:27.941 开始计算数据...
13:18:29.573 计算，Slot2未启用测试
13:18:29.580 计算，Slot3未启用测试
13:18:29.588 计算，Slot4未启用测试
13:18:29.596 测试完成

13:18:32.634 计算，Slot2未启用测试
13:18:32.634 计算，Slot3未启用测试
13:18:32.634 计算，Slot4未启用测试
13:18:57.279 测试开始...
13:18:57.306 Spk模式测试开始...
13:18:57.306 Spk Mode
13:19:03.485 Spk模式测试完成
13:19:03.486 开始计算数据...
13:19:05.133 计算，Slot2未启用测试
13:19:05.143 计算，Slot3未启用测试
13:19:05.153 计算，Slot4未启用测试
13:19:05.163 Mic模式测试开始...
13:19:11.340 Mic模式测试完成
13:19:11.340 开始计算数据...
13:19:12.985 计算，Slot2未启用测试
13:19:12.993 计算，Slot3未启用测试
13:19:13.001 计算，Slot4未启用测试
13:19:13.009 测试完成

13:19:14.507 计算，Slot2未启用测试
13:19:14.507 计算，Slot3未启用测试
13:19:14.507 计算，Slot4未启用测试
13:19:46.175 测试开始...
13:19:46.199 Spk模式测试开始...
13:19:46.200 Spk Mode
13:19:52.351 Spk模式测试完成
13:19:52.351 开始计算数据...
13:19:53.843 计算，Slot2未启用测试
13:19:53.851 计算，Slot3未启用测试
13:19:53.858 计算，Slot4未启用测试
13:19:53.866 Mic模式测试开始...
13:19:59.993 Mic模式测试完成
13:19:59.993 开始计算数据...
13:20:01.628 计算，Slot2未启用测试
13:20:01.635 计算，Slot3未启用测试
13:20:01.642 计算，Slot4未启用测试
13:20:01.649 测试完成

13:20:18.923 计算，Slot2未启用测试
13:20:18.924 计算，Slot3未启用测试
13:20:18.924 计算，Slot4未启用测试
13:20:44.337 测试开始...
13:20:44.361 Spk模式测试开始...
13:20:44.361 Spk Mode
13:20:50.544 Spk模式测试完成
13:20:50.545 开始计算数据...
13:20:52.048 计算，Slot2未启用测试
13:20:52.055 计算，Slot3未启用测试
13:20:52.063 计算，Slot4未启用测试
13:20:52.071 Mic模式测试开始...
13:20:58.325 Mic模式测试完成
13:20:58.325 开始计算数据...
13:20:59.959 计算，Slot2未启用测试
13:20:59.967 计算，Slot3未启用测试
13:20:59.975 计算，Slot4未启用测试
13:20:59.982 测试完成

13:21:03.084 计算，Slot2未启用测试
13:21:03.084 计算，Slot3未启用测试
13:21:03.084 计算，Slot4未启用测试
13:21:56.848 测试开始...
13:21:56.871 DUT2蓝牙ID: ACB1EEDF216B
13:21:56.926 Slot2执行蓝牙适配器命令(>PROFILE_SET=0&0)成功
13:21:58.301 Slot2执行蓝牙适配器命令(>CONN=ACB1EEDF216B)成功
13:21:58.817 Slot2执行蓝牙适配器命令(>SCO_DISC)成功
13:21:59.330 Slot2执行蓝牙适配器命令(>SCO_CONN)成功
13:21:59.330 Slot2连接蓝牙成功
13:21:59.332 Spk模式测试开始...
13:21:59.332 Spk Mode
13:22:05.528 Spk模式测试完成
13:22:05.528 开始计算数据...
13:22:05.528 计算，Slot1未启用测试
13:22:07.042 计算，Slot3未启用测试
13:22:07.049 计算，Slot4未启用测试
13:22:07.057 Mic模式测试开始...
13:22:13.249 Mic模式测试完成
13:22:13.250 开始计算数据...
13:22:13.250 计算，Slot1未启用测试
13:22:14.899 计算，Slot3未启用测试
13:22:14.906 计算，Slot4未启用测试
13:22:14.913 测试完成

13:22:14.913 计算，Slot1未启用测试
13:22:16.955 计算，Slot3未启用测试
13:22:16.955 计算，Slot4未启用测试
13:22:36.705 测试开始...
13:22:36.729 Spk模式测试开始...
13:22:36.729 Spk Mode
13:22:42.912 Spk模式测试完成
13:22:42.913 开始计算数据...
13:22:42.913 计算，Slot1未启用测试
13:22:44.429 计算，Slot3未启用测试
13:22:44.437 计算，Slot4未启用测试
13:22:44.446 Mic模式测试开始...
13:22:50.653 Mic模式测试完成
13:22:50.653 开始计算数据...
13:22:50.653 计算，Slot1未启用测试
13:22:52.271 计算，Slot3未启用测试
13:22:52.279 计算，Slot4未启用测试
13:22:52.289 测试完成

13:22:52.289 计算，Slot1未启用测试
13:23:06.380 计算，Slot3未启用测试
13:23:06.380 计算，Slot4未启用测试
13:23:52.145 测试开始...
13:23:52.170 Spk模式测试开始...
13:23:52.170 Spk Mode
13:23:58.381 Spk模式测试完成
13:23:58.381 开始计算数据...
13:23:58.381 计算，Slot1未启用测试
13:23:59.931 计算，Slot3未启用测试
13:23:59.939 计算，Slot4未启用测试
13:23:59.946 Mic模式测试开始...
13:24:06.169 Mic模式测试完成
13:24:06.169 开始计算数据...
13:24:06.169 计算，Slot1未启用测试
13:24:07.814 计算，Slot3未启用测试
13:24:07.822 计算，Slot4未启用测试
13:24:07.829 测试完成

13:24:07.829 计算，Slot1未启用测试
13:24:10.123 计算，Slot3未启用测试
13:24:10.123 计算，Slot4未启用测试
13:25:13.456 测试开始...
13:25:13.479 DUT3蓝牙ID: ACB1EEDF216B
13:25:13.548 Slot3执行蓝牙适配器命令(>PROFILE_SET=0&0)成功
13:25:24.483 [Error] - Slot3执行蓝牙适配器命令(>CONN=ACB1EEDF216B)超时
13:27:34.168 测试开始...
13:27:34.170 DUT3蓝牙ID: ACB1EEDF216B
13:27:34.230 Slot3执行蓝牙适配器命令(>PROFILE_SET=0&0)成功
13:27:45.849 [Error] - Slot3执行蓝牙适配器命令(>CONN=ACB1EEDF216B)超时
13:28:39.133 测试开始...
13:28:39.134 DUT3蓝牙ID: ACB1EEDF216B
13:28:39.193 Slot3执行蓝牙适配器命令(>PROFILE_SET=0&0)成功
13:28:50.461 [Error] - Slot3执行蓝牙适配器命令(>CONN=ACB1EEDF216B)超时
13:29:55.037 测试开始...
13:29:55.038 DUT3蓝牙ID: ACB1EEDF216B
13:29:55.110 Slot3执行蓝牙适配器命令(>PROFILE_SET=0&0)成功
13:30:06.945 [Error] - Slot3执行蓝牙适配器命令(>CONN=ACB1EEDF216B)超时
13:32:04.830 Start...
13:32:04.830 Config file: D:\soft\LSApp-1218\x64\Debug\Config.ini
13:32:04.830 Script file: D:\soft\LSApp-1218\x64\Debug\Script\PhoneWatch_231123.ini
13:32:50.793 打开Slot1端口(COM6, Baud=921600)成功
13:32:51.010 打开Slot2端口(COM4, Baud=921600)成功
13:32:51.229 打开Slot3端口(COM3, Baud=921600)成功
13:32:51.446 打开Slot4端口(COM7, Baud=921600)成功
13:33:15.996 测试开始...
13:33:15.997 DUT3蓝牙ID: ACB1EEDF216B
13:33:16.040 Slot3执行蓝牙适配器命令(>PROFILE_SET=0&0)成功
13:33:17.601 Slot3执行蓝牙适配器命令(>CONN=ACB1EEDF216B)成功
13:33:18.116 Slot3执行蓝牙适配器命令(>SCO_DISC)成功
13:33:18.629 Slot3执行蓝牙适配器命令(>SCO_CONN)成功
13:33:18.630 Slot3连接蓝牙成功
13:33:18.633 Spk模式测试开始...
13:33:18.633 Spk Mode
13:33:24.839 Spk模式测试完成
13:33:24.840 开始计算数据...
13:33:24.840 计算，Slot1未启用测试
13:33:24.856 计算，Slot2未启用测试
13:33:27.996 计算，Slot4未启用测试
13:33:28.007 Mic模式测试开始...
13:33:34.149 Mic模式测试完成
13:33:34.149 开始计算数据...
13:33:34.150 计算，Slot1未启用测试
13:33:34.159 计算，Slot2未启用测试
13:33:38.884 计算，Slot4未启用测试
13:33:38.892 测试完成

13:33:38.893 计算，Slot1未启用测试
13:33:38.893 计算，Slot2未启用测试
13:33:41.164 计算，Slot4未启用测试
13:34:04.497 测试开始...
13:34:04.519 Spk模式测试开始...
13:34:04.520 Spk Mode
13:34:10.715 Spk模式测试完成
13:34:10.715 开始计算数据...
13:34:10.715 计算，Slot1未启用测试
13:34:10.727 计算，Slot2未启用测试
13:34:12.313 计算，Slot4未启用测试
13:34:12.322 Mic模式测试开始...
13:34:18.512 Mic模式测试完成
13:34:18.512 开始计算数据...
13:34:18.513 计算，Slot1未启用测试
13:34:18.522 计算，Slot2未启用测试
13:34:20.190 计算，Slot4未启用测试
13:34:20.198 测试完成

13:34:20.198 计算，Slot1未启用测试
13:34:20.198 计算，Slot2未启用测试
13:34:21.723 计算，Slot4未启用测试
13:34:48.785 测试开始...
13:34:48.808 Spk模式测试开始...
13:34:48.808 Spk Mode
13:34:54.986 Spk模式测试完成
13:34:54.986 开始计算数据...
13:34:54.986 计算，Slot1未启用测试
13:34:54.997 计算，Slot2未启用测试
13:34:57.277 计算，Slot4未启用测试
13:34:57.285 Mic模式测试开始...
13:35:03.514 Mic模式测试完成
13:35:03.514 开始计算数据...
13:35:03.514 计算，Slot1未启用测试
13:35:03.524 计算，Slot2未启用测试
13:35:05.354 计算，Slot4未启用测试
13:35:05.363 测试完成

13:35:05.363 计算，Slot1未启用测试
13:35:05.363 计算，Slot2未启用测试
13:35:06.778 计算，Slot4未启用测试
13:35:28.479 测试开始...
13:35:28.502 Spk模式测试开始...
13:35:28.502 Spk Mode
13:35:34.686 Spk模式测试完成
13:35:34.687 开始计算数据...
13:35:34.687 计算，Slot1未启用测试
13:35:34.698 计算，Slot2未启用测试
13:35:36.199 计算，Slot4未启用测试
13:35:36.206 Mic模式测试开始...
13:35:42.396 Mic模式测试完成
13:35:42.396 开始计算数据...
13:35:42.396 计算，Slot1未启用测试
13:35:42.406 计算，Slot2未启用测试
13:35:44.054 计算，Slot4未启用测试
13:35:44.061 测试完成

13:35:44.062 计算，Slot1未启用测试
13:35:44.062 计算，Slot2未启用测试
13:35:45.562 计算，Slot4未启用测试
13:36:38.818 测试开始...
13:36:38.840 DUT4蓝牙ID: ACB1EEDF216B
13:36:38.898 Slot4执行蓝牙适配器命令(>PROFILE_SET=0&0)成功
13:36:40.830 Slot4执行蓝牙适配器命令(>CONN=ACB1EEDF216B)成功
13:36:41.347 Slot4执行蓝牙适配器命令(>SCO_DISC)成功
13:36:41.862 Slot4执行蓝牙适配器命令(>SCO_CONN)成功
13:36:41.863 Slot4连接蓝牙成功
13:36:41.867 Spk模式测试开始...
13:36:41.867 Spk Mode
13:36:49.059 Spk模式测试完成
13:36:49.061 开始计算数据...
13:36:49.062 计算，Slot1未启用测试
13:36:49.073 计算，Slot2未启用测试
13:36:49.082 计算，Slot3未启用测试
13:36:51.032 Mic模式测试开始...
13:36:57.201 Mic模式测试完成
13:36:57.202 开始计算数据...
13:36:57.202 计算，Slot1未启用测试
13:36:57.210 计算，Slot2未启用测试
13:36:57.218 计算，Slot3未启用测试
13:36:58.975 测试完成

13:36:58.975 计算，Slot1未启用测试
13:36:58.975 计算，Slot2未启用测试
13:36:58.976 计算，Slot3未启用测试
13:37:22.848 测试开始...
13:37:22.872 Spk模式测试开始...
13:37:22.872 Spk Mode
13:37:30.071 Spk模式测试完成
13:37:30.072 开始计算数据...
13:37:30.074 计算，Slot1未启用测试
13:37:30.086 计算，Slot2未启用测试
13:37:30.095 计算，Slot3未启用测试
13:37:31.632 Mic模式测试开始...
13:37:37.754 Mic模式测试完成
13:37:37.755 开始计算数据...
13:37:37.755 计算，Slot1未启用测试
13:37:37.765 计算，Slot2未启用测试
13:37:37.773 计算，Slot3未启用测试
13:37:39.435 测试完成

13:37:39.435 计算，Slot1未启用测试
13:37:39.435 计算，Slot2未启用测试
13:37:39.435 计算，Slot3未启用测试
13:38:07.023 测试开始...
13:38:07.045 Spk模式测试开始...
13:38:07.045 Spk Mode
13:38:14.236 Spk模式测试完成
13:38:14.237 开始计算数据...
13:38:14.238 计算，Slot1未启用测试
13:38:14.249 计算，Slot2未启用测试
13:38:14.257 计算，Slot3未启用测试
13:38:15.784 Mic模式测试开始...
13:38:21.934 Mic模式测试完成
13:38:21.935 开始计算数据...
13:38:21.935 计算，Slot1未启用测试
13:38:21.944 计算，Slot2未启用测试
13:38:21.953 计算，Slot3未启用测试
13:38:23.595 测试完成

13:38:23.595 计算，Slot1未启用测试
13:38:23.595 计算，Slot2未启用测试
13:38:23.595 计算，Slot3未启用测试
13:39:02.561 测试开始...
13:39:02.582 Spk模式测试开始...
13:39:02.583 Spk Mode
13:39:09.795 Spk模式测试完成
13:39:09.797 开始计算数据...
13:39:09.798 计算，Slot1未启用测试
13:39:09.812 计算，Slot2未启用测试
13:39:09.820 计算，Slot3未启用测试
13:39:11.329 Mic模式测试开始...
13:39:17.506 Mic模式测试完成
13:39:17.506 开始计算数据...
13:39:17.507 计算，Slot1未启用测试
13:39:17.515 计算，Slot2未启用测试
13:39:17.523 计算，Slot3未启用测试
13:39:19.174 测试完成

13:39:19.175 计算，Slot1未启用测试
13:39:19.175 计算，Slot2未启用测试
13:39:19.175 计算，Slot3未启用测试
13:39:44.336 测试开始...
13:39:44.359 Spk模式测试开始...
13:39:44.359 Spk Mode
13:39:51.542 Spk模式测试完成
13:39:51.543 开始计算数据...
13:39:51.544 计算，Slot1未启用测试
13:39:51.556 计算，Slot2未启用测试
13:39:51.566 计算，Slot3未启用测试
13:39:53.087 Mic模式测试开始...
13:39:59.237 Mic模式测试完成
13:39:59.237 开始计算数据...
13:39:59.237 计算，Slot1未启用测试
13:39:59.246 计算，Slot2未启用测试
13:39:59.255 计算，Slot3未启用测试
13:40:00.903 测试完成

13:40:00.903 计算，Slot1未启用测试
13:40:00.904 计算，Slot2未启用测试
13:40:00.904 计算，Slot3未启用测试
13:40:24.753 测试开始...
13:40:24.774 Spk模式测试开始...
13:40:24.774 Spk Mode
13:40:31.991 Spk模式测试完成
13:40:31.993 开始计算数据...
13:40:31.993 计算，Slot1未启用测试
13:40:32.007 计算，Slot2未启用测试
13:40:32.016 计算，Slot3未启用测试
13:40:33.527 Mic模式测试开始...
13:40:39.682 Mic模式测试完成
13:40:39.682 开始计算数据...
13:40:39.682 计算，Slot1未启用测试
13:40:39.691 计算，Slot2未启用测试
13:40:39.699 计算，Slot3未启用测试
13:40:41.305 测试完成

13:40:41.305 计算，Slot1未启用测试
13:40:41.305 计算，Slot2未启用测试
13:40:41.306 计算，Slot3未启用测试
13:45:03.745 测试开始...
13:45:03.768 DUT1蓝牙ID: ACB1EEDF22BC
13:45:03.828 Slot1执行蓝牙适配器命令(>PROFILE_SET=0&0)成功
13:45:04.994 Slot1执行蓝牙适配器命令(>CONN=ACB1EEDF22BC)成功
13:45:05.510 Slot1执行蓝牙适配器命令(>SCO_DISC)成功
13:45:06.024 Slot1执行蓝牙适配器命令(>SCO_CONN)成功
13:45:06.026 Slot1连接蓝牙成功
13:45:06.031 Spk模式测试开始...
13:45:06.031 Spk Mode
13:45:12.247 Spk模式测试完成
13:45:12.248 开始计算数据...
13:45:13.732 计算，Slot2未启用测试
13:45:13.739 计算，Slot3未启用测试
13:45:13.747 计算，Slot4未启用测试
13:45:13.756 Mic模式测试开始...
13:45:19.805 Mic模式测试完成
13:45:19.805 开始计算数据...
13:45:21.428 计算，Slot2未启用测试
13:45:21.436 计算，Slot3未启用测试
13:45:21.443 计算，Slot4未启用测试
13:45:21.451 测试完成

13:45:23.658 计算，Slot2未启用测试
13:45:23.659 计算，Slot3未启用测试
13:45:23.659 计算，Slot4未启用测试
13:46:53.569 测试开始...
13:46:53.593 Spk模式测试开始...
13:46:53.593 Spk Mode
13:46:59.806 Spk模式测试完成
13:46:59.806 开始计算数据...
13:47:01.303 计算，Slot2未启用测试
13:47:01.311 计算，Slot3未启用测试
13:47:01.319 计算，Slot4未启用测试
13:47:01.328 Mic模式测试开始...
13:47:07.510 Mic模式测试完成
13:47:07.510 开始计算数据...
13:47:09.088 计算，Slot2未启用测试
13:47:09.096 计算，Slot3未启用测试
13:47:09.104 计算，Slot4未启用测试
13:47:09.113 测试完成

13:47:10.875 计算，Slot2未启用测试
13:47:10.875 计算，Slot3未启用测试
13:47:10.876 计算，Slot4未启用测试
13:47:30.017 测试开始...
13:47:30.040 Spk模式测试开始...
13:47:30.040 Spk Mode
13:47:36.197 Spk模式测试完成
13:47:36.198 开始计算数据...
13:47:37.690 计算，Slot2未启用测试
13:47:37.698 计算，Slot3未启用测试
13:47:37.706 计算，Slot4未启用测试
13:47:37.715 Mic模式测试开始...
13:47:43.913 Mic模式测试完成
13:47:43.914 开始计算数据...
13:47:46.006 计算，Slot2未启用测试
13:47:46.016 计算，Slot3未启用测试
13:47:46.026 计算，Slot4未启用测试
13:47:46.035 测试完成

13:47:47.419 计算，Slot2未启用测试
13:47:47.419 计算，Slot3未启用测试
13:47:47.419 计算，Slot4未启用测试
13:48:25.649 测试开始...
13:48:25.671 Spk模式测试开始...
13:48:25.671 Spk Mode
13:48:31.858 Spk模式测试完成
13:48:31.858 开始计算数据...
13:48:33.379 计算，Slot2未启用测试
13:48:33.386 计算，Slot3未启用测试
13:48:33.393 计算，Slot4未启用测试
13:48:33.402 Mic模式测试开始...
13:48:39.504 Mic模式测试完成
13:48:39.504 开始计算数据...
13:48:41.112 计算，Slot2未启用测试
13:48:41.119 计算，Slot3未启用测试
13:48:41.127 计算，Slot4未启用测试
13:48:41.134 测试完成

13:48:42.715 计算，Slot2未启用测试
13:48:42.715 计算，Slot3未启用测试
13:48:42.715 计算，Slot4未启用测试
13:49:03.041 测试开始...
13:49:03.063 Spk模式测试开始...
13:49:03.063 Spk Mode
13:49:09.267 Spk模式测试完成
13:49:09.267 开始计算数据...
13:49:10.718 计算，Slot2未启用测试
13:49:10.725 计算，Slot3未启用测试
13:49:10.733 计算，Slot4未启用测试
13:49:10.741 Mic模式测试开始...
13:49:16.791 Mic模式测试完成
13:49:16.791 开始计算数据...
13:49:18.410 计算，Slot2未启用测试
13:49:18.418 计算，Slot3未启用测试
13:49:18.426 计算，Slot4未启用测试
13:49:18.434 测试完成

13:49:19.723 计算，Slot2未启用测试
13:49:19.723 计算，Slot3未启用测试
13:49:19.723 计算，Slot4未启用测试
13:50:05.521 测试开始...
13:50:05.542 DUT2蓝牙ID: ACB1EEDF22BC
13:50:05.591 Slot2执行蓝牙适配器命令(>PROFILE_SET=0&0)成功
13:50:07.800 Slot2执行蓝牙适配器命令(>CONN=ACB1EEDF22BC)成功
13:50:08.304 Slot2执行蓝牙适配器命令(>SCO_DISC)成功
13:50:08.808 Slot2执行蓝牙适配器命令(>SCO_CONN)成功
13:50:08.809 Slot2连接蓝牙成功
13:50:08.812 Spk模式测试开始...
13:50:08.813 Spk Mode
13:50:14.998 Spk模式测试完成
13:50:14.998 开始计算数据...
13:50:14.998 计算，Slot1未启用测试
13:50:16.493 计算，Slot3未启用测试
13:50:16.500 计算，Slot4未启用测试
13:50:16.508 Mic模式测试开始...
13:50:22.644 Mic模式测试完成
13:50:22.644 开始计算数据...
13:50:22.645 计算，Slot1未启用测试
13:50:24.306 计算，Slot3未启用测试
13:50:24.313 计算，Slot4未启用测试
13:50:24.321 测试完成

13:50:24.321 计算，Slot1未启用测试
13:50:30.348 计算，Slot3未启用测试
13:50:30.348 计算，Slot4未启用测试
13:51:16.721 测试开始...
13:51:16.745 Spk模式测试开始...
13:51:16.745 Spk Mode
13:51:22.916 Spk模式测试完成
13:51:22.916 开始计算数据...
13:51:22.917 计算，Slot1未启用测试
13:51:24.439 计算，Slot3未启用测试
13:51:24.447 计算，Slot4未启用测试
13:51:24.455 Mic模式测试开始...
13:51:30.627 Mic模式测试完成
13:51:30.627 开始计算数据...
13:51:30.627 计算，Slot1未启用测试
13:51:32.276 计算，Slot3未启用测试
13:51:32.285 计算，Slot4未启用测试
13:51:32.296 测试完成

13:51:32.296 计算，Slot1未启用测试
13:51:40.972 计算，Slot3未启用测试
13:51:40.972 计算，Slot4未启用测试
13:51:59.522 测试开始...
13:51:59.543 Spk模式测试开始...
13:51:59.544 Spk Mode
13:52:05.725 Spk模式测试完成
13:52:05.725 开始计算数据...
13:52:05.725 计算，Slot1未启用测试
13:52:07.226 计算，Slot3未启用测试
13:52:07.234 计算，Slot4未启用测试
13:52:07.242 Mic模式测试开始...
13:52:13.393 Mic模式测试完成
13:52:13.394 开始计算数据...
13:52:13.394 计算，Slot1未启用测试
13:52:15.033 计算，Slot3未启用测试
13:52:15.040 计算，Slot4未启用测试
13:52:15.048 测试完成

13:52:15.048 计算，Slot1未启用测试
13:52:16.348 计算，Slot3未启用测试
13:52:16.348 计算，Slot4未启用测试
13:52:47.073 测试开始...
13:52:47.095 Spk模式测试开始...
13:52:47.095 Spk Mode
13:52:53.283 Spk模式测试完成
13:52:53.283 开始计算数据...
13:52:53.283 计算，Slot1未启用测试
13:52:54.819 计算，Slot3未启用测试
13:52:54.827 计算，Slot4未启用测试
13:52:54.834 Mic模式测试开始...
13:53:00.992 Mic模式测试完成
13:53:00.992 开始计算数据...
13:53:00.992 计算，Slot1未启用测试
13:53:02.638 计算，Slot3未启用测试
13:53:02.646 计算，Slot4未启用测试
13:53:02.654 测试完成

13:53:02.655 计算，Slot1未启用测试
13:53:02.699 计算，Slot3未启用测试
13:53:02.699 计算，Slot4未启用测试
13:53:21.585 测试开始...
13:53:21.607 Spk模式测试开始...
13:53:21.607 Spk Mode
13:53:27.804 Spk模式测试完成
13:53:27.805 开始计算数据...
13:53:27.805 计算，Slot1未启用测试
13:53:29.315 计算，Slot3未启用测试
13:53:29.323 计算，Slot4未启用测试
13:53:29.332 Mic模式测试开始...
13:53:35.502 Mic模式测试完成
13:53:35.502 开始计算数据...
13:53:35.502 计算，Slot1未启用测试
13:53:37.140 计算，Slot3未启用测试
13:53:37.148 计算，Slot4未启用测试
13:53:37.157 测试完成

13:53:37.157 计算，Slot1未启用测试
13:53:38.972 计算，Slot3未启用测试
13:53:38.973 计算，Slot4未启用测试
13:54:44.672 测试开始...
13:54:44.692 DUT3蓝牙ID: ACB1EEDF22BC
13:54:44.736 Slot3执行蓝牙适配器命令(>PROFILE_SET=0&0)成功
13:54:46.390 Slot3执行蓝牙适配器命令(>CONN=ACB1EEDF22BC)成功
13:54:46.902 Slot3执行蓝牙适配器命令(>SCO_DISC)成功
13:54:47.417 Slot3执行蓝牙适配器命令(>SCO_CONN)成功
13:54:47.418 Slot3连接蓝牙成功
13:54:47.422 Spk模式测试开始...
13:54:47.422 Spk Mode
13:54:53.628 Spk模式测试完成
13:54:53.629 开始计算数据...
13:54:53.629 计算，Slot1未启用测试
13:54:53.640 计算，Slot2未启用测试
13:54:55.125 计算，Slot4未启用测试
13:54:55.132 Mic模式测试开始...
13:55:01.243 Mic模式测试完成
13:55:01.243 开始计算数据...
13:55:01.244 计算，Slot1未启用测试
13:55:01.254 计算，Slot2未启用测试
13:55:02.895 计算，Slot4未启用测试
13:55:02.903 测试完成

13:55:02.903 计算，Slot1未启用测试
13:55:02.903 计算，Slot2未启用测试
13:55:29.932 计算，Slot4未启用测试
13:55:42.497 测试开始...
13:55:42.519 Spk模式测试开始...
13:55:42.519 Spk Mode
13:55:48.696 Spk模式测试完成
13:55:48.696 开始计算数据...
13:55:48.696 计算，Slot1未启用测试
13:55:48.707 计算，Slot2未启用测试
13:55:50.231 计算，Slot4未启用测试
13:55:50.239 Mic模式测试开始...
13:55:56.395 Mic模式测试完成
13:55:56.395 开始计算数据...
13:55:56.395 计算，Slot1未启用测试
13:55:56.404 计算，Slot2未启用测试
13:55:58.053 计算，Slot4未启用测试
13:55:58.061 测试完成

13:55:58.061 计算，Slot1未启用测试
13:55:58.062 计算，Slot2未启用测试
13:56:03.659 计算，Slot4未启用测试
13:56:16.545 测试开始...
13:56:16.568 Spk模式测试开始...
13:56:16.568 Spk Mode
13:56:22.756 Spk模式测试完成
13:56:22.756 开始计算数据...
13:56:22.756 计算，Slot1未启用测试
13:56:22.767 计算，Slot2未启用测试
13:56:24.262 计算，Slot4未启用测试
13:56:24.270 Mic模式测试开始...
13:56:30.357 Mic模式测试完成
13:56:30.357 开始计算数据...
13:56:30.357 计算，Slot1未启用测试
13:56:30.367 计算，Slot2未启用测试
13:56:31.963 计算，Slot4未启用测试
13:56:31.970 测试完成

13:56:31.971 计算，Slot1未启用测试
13:56:31.971 计算，Slot2未启用测试
13:56:33.195 计算，Slot4未启用测试
13:56:57.810 测试开始...
13:56:57.831 Spk模式测试开始...
13:56:57.831 Spk Mode
13:57:04.019 Spk模式测试完成
13:57:04.019 开始计算数据...
13:57:04.020 计算，Slot1未启用测试
13:57:04.031 计算，Slot2未启用测试
13:57:05.542 计算，Slot4未启用测试
13:57:05.550 Mic模式测试开始...
13:57:11.790 Mic模式测试完成
13:57:11.790 开始计算数据...
13:57:11.790 计算，Slot1未启用测试
13:57:11.800 计算，Slot2未启用测试
13:57:13.424 计算，Slot4未启用测试
13:57:13.432 测试完成

13:57:13.432 计算，Slot1未启用测试
13:57:13.432 计算，Slot2未启用测试
13:57:16.459 计算，Slot4未启用测试
13:57:29.649 测试开始...
13:57:29.671 Spk模式测试开始...
13:57:29.671 Spk Mode
13:57:35.853 Spk模式测试完成
13:57:35.854 开始计算数据...
13:57:35.854 计算，Slot1未启用测试
13:57:35.863 计算，Slot2未启用测试
13:57:37.376 计算，Slot4未启用测试
13:57:37.384 Mic模式测试开始...
13:57:43.737 Mic模式测试完成
13:57:43.737 开始计算数据...
13:57:43.738 计算，Slot1未启用测试
13:57:43.748 计算，Slot2未启用测试
13:57:45.409 计算，Slot4未启用测试
13:57:45.417 测试完成

13:57:45.417 计算，Slot1未启用测试
13:57:45.418 计算，Slot2未启用测试
13:57:46.716 计算，Slot4未启用测试
13:57:58.497 测试开始...
13:57:58.519 Spk模式测试开始...
13:57:58.519 Spk Mode
13:58:04.693 Spk模式测试完成
13:58:04.693 开始计算数据...
13:58:04.694 计算，Slot1未启用测试
13:58:04.702 计算，Slot2未启用测试
13:58:06.208 计算，Slot4未启用测试
13:58:06.216 Mic模式测试开始...
13:58:12.482 Mic模式测试完成
13:58:12.482 开始计算数据...
13:58:12.483 计算，Slot1未启用测试
13:58:12.492 计算，Slot2未启用测试
13:58:14.343 计算，Slot4未启用测试
13:58:14.352 测试完成

13:58:14.352 计算，Slot1未启用测试
13:58:14.352 计算，Slot2未启用测试
13:58:16.043 计算，Slot4未启用测试
13:59:01.137 测试开始...
13:59:01.160 DUT4蓝牙ID: ACB1EEDF22BC
13:59:01.213 Slot4执行蓝牙适配器命令(>PROFILE_SET=0&0)成功
13:59:02.571 Slot4执行蓝牙适配器命令(>CONN=ACB1EEDF22BC)成功
13:59:03.085 Slot4执行蓝牙适配器命令(>SCO_DISC)成功
13:59:03.599 Slot4执行蓝牙适配器命令(>SCO_CONN)成功
13:59:03.600 Slot4连接蓝牙成功
13:59:03.603 Spk模式测试开始...
13:59:03.603 Spk Mode
13:59:10.819 Spk模式测试完成
13:59:10.820 开始计算数据...
13:59:10.821 计算，Slot1未启用测试
13:59:10.835 计算，Slot2未启用测试
13:59:10.843 计算，Slot3未启用测试
13:59:12.391 Mic模式测试开始...
13:59:18.559 Mic模式测试完成
13:59:18.559 开始计算数据...
13:59:18.559 计算，Slot1未启用测试
13:59:18.567 计算，Slot2未启用测试
13:59:18.576 计算，Slot3未启用测试
13:59:20.249 测试完成

13:59:20.249 计算，Slot1未启用测试
13:59:20.249 计算，Slot2未启用测试
13:59:20.250 计算，Slot3未启用测试
13:59:42.705 测试开始...
13:59:42.730 Spk模式测试开始...
13:59:42.731 Spk Mode
13:59:49.920 Spk模式测试完成
13:59:49.921 开始计算数据...
13:59:49.922 计算，Slot1未启用测试
13:59:49.938 计算，Slot2未启用测试
13:59:49.948 计算，Slot3未启用测试
13:59:51.458 Mic模式测试开始...
13:59:57.629 Mic模式测试完成
13:59:57.629 开始计算数据...
13:59:57.629 计算，Slot1未启用测试
13:59:57.638 计算，Slot2未启用测试
13:59:57.647 计算，Slot3未启用测试
13:59:59.268 测试完成

13:59:59.268 计算，Slot1未启用测试
13:59:59.268 计算，Slot2未启用测试
13:59:59.268 计算，Slot3未启用测试
14:00:42.129 测试开始...
14:00:42.151 Spk模式测试开始...
14:00:42.151 Spk Mode
14:00:49.348 Spk模式测试完成
14:00:49.349 开始计算数据...
14:00:49.349 计算，Slot1未启用测试
14:00:49.364 计算，Slot2未启用测试
14:00:49.373 计算，Slot3未启用测试
14:00:50.897 Mic模式测试开始...
14:00:57.037 Mic模式测试完成
14:00:57.037 开始计算数据...
14:00:57.037 计算，Slot1未启用测试
14:00:57.046 计算，Slot2未启用测试
14:00:57.056 计算，Slot3未启用测试
14:00:58.694 测试完成

14:00:58.694 计算，Slot1未启用测试
14:00:58.694 计算，Slot2未启用测试
14:00:58.695 计算，Slot3未启用测试
14:01:20.945 测试开始...
14:01:20.967 Spk模式测试开始...
14:01:20.968 Spk Mode
14:01:28.162 Spk模式测试完成
14:01:28.163 开始计算数据...
14:01:28.164 计算，Slot1未启用测试
14:01:28.176 计算，Slot2未启用测试
14:01:28.183 计算，Slot3未启用测试
14:01:29.735 Mic模式测试开始...
14:01:35.863 Mic模式测试完成
14:01:35.864 开始计算数据...
14:01:35.864 计算，Slot1未启用测试
14:01:35.872 计算，Slot2未启用测试
14:01:35.880 计算，Slot3未启用测试
14:01:37.519 测试完成

14:01:37.519 计算，Slot1未启用测试
14:01:37.520 计算，Slot2未启用测试
14:01:37.520 计算，Slot3未启用测试
14:02:08.785 测试开始...
14:02:08.807 Spk模式测试开始...
14:02:08.807 Spk Mode
14:02:16.015 Spk模式测试完成
14:02:16.016 开始计算数据...
14:02:16.017 计算，Slot1未启用测试
14:02:16.028 计算，Slot2未启用测试
14:02:16.038 计算，Slot3未启用测试
14:02:17.596 Mic模式测试开始...
14:02:23.796 Mic模式测试完成
14:02:23.797 开始计算数据...
14:02:23.797 计算，Slot1未启用测试
14:02:23.806 计算，Slot2未启用测试
14:02:23.814 计算，Slot3未启用测试
14:02:25.466 测试完成

14:02:25.466 计算，Slot1未启用测试
14:02:25.467 计算，Slot2未启用测试
14:02:25.467 计算，Slot3未启用测试
14:02:45.458 测试开始...
14:02:45.479 Spk模式测试开始...
14:02:45.480 Spk Mode
14:02:52.682 Spk模式测试完成
14:02:52.683 开始计算数据...
14:02:52.684 计算，Slot1未启用测试
14:02:52.695 计算，Slot2未启用测试
14:02:52.705 计算，Slot3未启用测试
14:02:54.246 Mic模式测试开始...
14:03:00.453 Mic模式测试完成
14:03:00.453 开始计算数据...
14:03:00.453 计算，Slot1未启用测试
14:03:00.463 计算，Slot2未启用测试
14:03:00.472 计算，Slot3未启用测试
14:03:02.107 测试完成

14:03:02.107 计算，Slot1未启用测试
14:03:02.107 计算，Slot2未启用测试
14:03:02.108 计算，Slot3未启用测试
14:03:24.434 测试开始...
14:03:24.454 Spk模式测试开始...
14:03:24.455 Spk Mode
14:03:31.664 Spk模式测试完成
14:03:31.666 开始计算数据...
14:03:31.666 计算，Slot1未启用测试
14:03:31.679 计算，Slot2未启用测试
14:03:31.688 计算，Slot3未启用测试
14:03:33.234 Mic模式测试开始...
14:03:39.380 Mic模式测试完成
14:03:39.380 开始计算数据...
14:03:39.380 计算，Slot1未启用测试
14:03:39.390 计算，Slot2未启用测试
14:03:39.398 计算，Slot3未启用测试
14:03:41.052 测试完成

14:03:41.052 计算，Slot1未启用测试
14:03:41.052 计算，Slot2未启用测试
14:03:41.052 计算，Slot3未启用测试
15:10:37.679 测试开始...
15:10:37.701 DUT1蓝牙ID: ACB1EEDF216B
15:10:37.753 Slot1执行蓝牙适配器命令(>PROFILE_SET=0&0)成功
15:10:39.322 Slot1执行蓝牙适配器命令(>CONN=ACB1EEDF216B)成功
15:10:39.834 Slot1执行蓝牙适配器命令(>SCO_DISC)成功
15:10:40.347 Slot1执行蓝牙适配器命令(>SCO_CONN)成功
15:10:40.347 Slot1连接蓝牙成功
15:10:40.347 DUT2蓝牙ID: ACB1EEDF22B3
15:10:40.378 Slot2执行蓝牙适配器命令(>PROFILE_SET=0&0)成功
15:10:42.365 Slot2执行蓝牙适配器命令(>CONN=ACB1EEDF22B3)成功
15:10:42.877 Slot2执行蓝牙适配器命令(>SCO_DISC)成功
15:10:43.386 Slot2执行蓝牙适配器命令(>SCO_CONN)成功
15:10:43.386 Slot2连接蓝牙成功
15:10:43.386 DUT3蓝牙ID: ACB1EEDF22BC
15:10:43.417 Slot3执行蓝牙适配器命令(>PROFILE_SET=0&0)成功
15:10:45.952 Slot3执行蓝牙适配器命令(>CONN=ACB1EEDF22BC)成功
15:10:46.466 Slot3执行蓝牙适配器命令(>SCO_DISC)成功
15:10:46.974 Slot3执行蓝牙适配器命令(>SCO_CONN)成功
15:10:46.975 Slot3连接蓝牙成功
15:10:46.975 DUT4蓝牙ID: ACB1EEDF21D3
15:10:47.005 Slot4执行蓝牙适配器命令(>PROFILE_SET=0&0)成功
15:10:48.105 Slot4执行蓝牙适配器命令(>CONN=ACB1EEDF21D3)成功
15:10:48.617 Slot4执行蓝牙适配器命令(>SCO_DISC)成功
15:10:49.128 Slot4执行蓝牙适配器命令(>SCO_CONN)成功
15:10:49.128 Slot4连接蓝牙成功
15:10:49.129 Spk模式测试开始...
15:10:49.130 Spk Mode
15:11:14.952 Spk模式测试完成
15:11:14.952 开始计算数据...
15:11:20.998 Mic模式测试开始...
15:11:36.257 Mic模式测试完成
15:11:36.257 开始计算数据...
15:11:42.837 测试完成

15:11:53.203 测试开始...
15:11:53.226 Spk模式测试开始...
15:11:53.227 Spk Mode
15:12:19.043 Spk模式测试完成
15:12:19.044 开始计算数据...
15:12:25.172 Mic模式测试开始...
15:12:40.698 Mic模式测试完成
15:12:40.698 开始计算数据...
15:12:47.431 测试完成

15:13:02.098 测试开始...
15:13:02.120 Spk模式测试开始...
15:13:02.120 Spk Mode
15:13:28.049 Spk模式测试完成
15:13:28.051 开始计算数据...
15:13:34.375 Mic模式测试开始...
15:13:49.646 Mic模式测试完成
15:13:49.646 开始计算数据...
15:13:56.264 测试完成

15:14:05.139 测试开始...
15:14:05.163 Spk模式测试开始...
15:14:05.163 Spk Mode
15:14:31.090 Spk模式测试完成
15:14:31.091 开始计算数据...
15:14:37.594 Mic模式测试开始...
15:14:52.851 Mic模式测试完成
15:14:52.851 开始计算数据...
15:14:59.480 测试完成

15:16:01.219 测试开始...
15:16:01.243 Spk模式测试开始...
15:16:01.243 Spk Mode
15:16:27.098 Spk模式测试完成
15:16:27.099 开始计算数据...
15:16:33.418 Mic模式测试开始...
15:16:48.750 Mic模式测试完成
15:16:48.751 开始计算数据...
15:16:55.365 测试完成

15:17:18.530 测试开始...
15:17:18.554 Spk模式测试开始...
15:17:18.554 Spk Mode
15:17:44.427 Spk模式测试完成
15:17:44.429 开始计算数据...
15:17:50.749 Mic模式测试开始...
15:18:06.109 Mic模式测试完成
15:18:06.109 开始计算数据...
15:18:13.000 测试完成

16:01:38.015 Start...
16:01:38.015 Config file: D:\soft\LSApp-1218\x64\Debug\Config.ini
16:01:38.016 Script file: D:\soft\LSApp-1218\x64\Debug\Script\PhoneWatch_231123.ini
16:02:18.966 打开Slot1端口(COM6, Baud=921600)成功
16:02:19.183 打开Slot2端口(COM4, Baud=921600)成功
16:02:19.401 打开Slot3端口(COM3, Baud=921600)成功
16:02:19.619 打开Slot4端口(COM7, Baud=921600)成功
16:38:17.939 Start...
16:38:17.941 Config file: D:\soft\LSApp-1218\x64\Debug\Config.ini
16:38:17.941 Script file: D:\soft\LSApp-1218\x64\Debug\Script\PhoneWatch_231123.ini
16:43:41.467 打开Slot1端口(COM6, Baud=921600)成功
16:43:41.682 打开Slot2端口(COM4, Baud=921600)成功
16:43:41.902 打开Slot3端口(COM3, Baud=921600)成功
16:43:42.120 打开Slot4端口(COM7, Baud=921600)成功
16:44:15.858 测试开始...
16:44:15.859 DUT1蓝牙ID: ACB1EEDF216B
16:44:15.911 Slot1执行蓝牙适配器命令(>PROFILE_SET=0&0)成功
16:44:17.136 Slot1执行蓝牙适配器命令(>CONN=ACB1EEDF216B)成功
16:44:17.640 Slot1执行蓝牙适配器命令(>SCO_DISC)成功
16:44:18.156 Slot1执行蓝牙适配器命令(>SCO_CONN)成功
16:44:18.157 Slot1连接蓝牙成功
16:44:18.158 DUT2蓝牙ID: ACB1EEDF22B3
16:44:18.186 Slot2执行蓝牙适配器命令(>PROFILE_SET=0&0)成功
16:44:19.654 Slot2执行蓝牙适配器命令(>CONN=ACB1EEDF22B3)成功
16:44:20.168 Slot2执行蓝牙适配器命令(>SCO_DISC)成功
16:44:20.684 Slot2执行蓝牙适配器命令(>SCO_CONN)成功
16:44:20.685 Slot2连接蓝牙成功
16:44:20.686 DUT3蓝牙ID: ACB1EEDF22BC
16:44:20.715 Slot3执行蓝牙适配器命令(>PROFILE_SET=0&0)成功
16:44:22.550 Slot3执行蓝牙适配器命令(>CONN=ACB1EEDF22BC)成功
16:44:23.068 Slot3执行蓝牙适配器命令(>SCO_DISC)成功
16:44:23.571 Slot3执行蓝牙适配器命令(>SCO_CONN)成功
16:44:23.573 Slot3连接蓝牙成功
16:44:23.574 DUT4蓝牙ID: ACB1EEDF21D3
16:44:23.616 Slot4执行蓝牙适配器命令(>PROFILE_SET=0&0)成功
16:44:27.273 Slot4执行蓝牙适配器命令(>CONN=ACB1EEDF21D3)成功
16:44:27.791 Slot4执行蓝牙适配器命令(>SCO_DISC)成功
16:44:28.305 Slot4执行蓝牙适配器命令(>SCO_CONN)成功
16:44:28.305 Slot4连接蓝牙成功
16:44:28.307 Spk模式测试开始...
16:44:28.307 Spk Mode
16:44:54.250 Spk模式测试完成
16:44:54.251 开始计算数据...
16:45:25.496 Mic模式测试开始...
16:45:40.202 Mic模式测试完成
16:45:40.203 开始计算数据...
16:46:29.471 测试完成

16:47:59.083 测试开始...
16:47:59.103 Spk模式测试开始...
16:47:59.105 Spk Mode
16:48:24.836 Spk模式测试完成
16:48:24.837 开始计算数据...
16:48:31.488 Mic模式测试开始...
16:48:46.525 Mic模式测试完成
16:48:46.525 开始计算数据...
16:48:53.136 测试完成

16:54:42.670 测试开始...
16:54:42.690 Spk模式测试开始...
16:54:42.691 Spk Mode
16:55:08.353 Spk模式测试完成
16:55:08.354 开始计算数据...
16:55:14.302 Mic模式测试开始...
16:55:29.422 Mic模式测试完成
16:55:29.422 开始计算数据...
16:55:35.712 测试完成

17:00:32.270 测试开始...
17:00:32.292 Spk模式测试开始...
17:00:32.292 Spk Mode
17:00:57.972 Spk模式测试完成
17:00:57.973 开始计算数据...
17:01:05.056 Mic模式测试开始...
17:01:19.713 Mic模式测试完成
17:01:19.713 开始计算数据...
17:01:26.164 测试完成

17:02:22.494 测试开始...
17:02:22.513 Spk模式测试开始...
17:02:22.514 Spk Mode
17:02:48.264 Spk模式测试完成
17:02:48.265 开始计算数据...
17:02:54.231 Mic模式测试开始...
17:03:09.529 Mic模式测试完成
17:03:09.529 开始计算数据...
17:03:16.001 测试完成

17:25:22.135 Start...
17:25:22.135 Config file: D:\soft\LSApp-1218\x64\Debug\Config.ini
17:25:22.136 Script file: D:\soft\LSApp-1218\x64\Debug\Script\PhoneWatch_231123.ini
17:26:06.704 打开Slot1端口(COM6, Baud=921600)成功
17:26:06.921 打开Slot2端口(COM4, Baud=921600)成功
17:26:07.140 打开Slot3端口(COM3, Baud=921600)成功
17:26:07.359 打开Slot4端口(COM7, Baud=921600)成功
17:26:11.965 测试开始...
17:26:11.967 DUT1蓝牙ID: ACB1EEDF216B
17:26:12.024 Slot1执行蓝牙适配器命令(>PROFILE_SET=0&0)成功
17:26:13.833 Slot1执行蓝牙适配器命令(>CONN=ACB1EEDF216B)成功
17:26:14.349 Slot1执行蓝牙适配器命令(>SCO_DISC)成功
17:26:14.865 Slot1执行蓝牙适配器命令(>SCO_CONN)成功
17:26:14.866 Slot1连接蓝牙成功
17:26:14.866 DUT2蓝牙ID: ACB1EEDF22B3
17:26:24.895 [Error] - Slot2执行蓝牙适配器命令(>PROFILE_SET=0&0)超时
17:26:24.896 DUT3蓝牙ID: ACB1EEDF22BC
17:26:24.927 Slot3执行蓝牙适配器命令(>PROFILE_SET=0&0)成功
17:26:26.627 Slot3执行蓝牙适配器命令(>CONN=ACB1EEDF22BC)成功
17:26:27.141 Slot3执行蓝牙适配器命令(>SCO_DISC)成功
17:26:27.655 Slot3执行蓝牙适配器命令(>SCO_CONN)成功
17:26:27.656 Slot3连接蓝牙成功
17:26:27.657 DUT4蓝牙ID: ACB1EEDF21D3
17:26:37.672 [Error] - Slot4执行蓝牙适配器命令(>PROFILE_SET=0&0)超时
17:26:42.968 测试开始...
17:26:42.970 DUT1蓝牙ID: ACB1EEDF216B
17:26:43.042 Slot1执行蓝牙适配器命令(>PROFILE_SET=0&0)成功
17:26:44.903 Slot1执行蓝牙适配器命令(>CONN=ACB1EEDF216B)成功
17:26:45.419 Slot1执行蓝牙适配器命令(>SCO_DISC)成功
17:26:45.935 Slot1执行蓝牙适配器命令(>SCO_CONN)成功
17:26:45.936 Slot1连接蓝牙成功
17:26:45.937 DUT2蓝牙ID: ACB1EEDF22B3
17:26:55.956 [Error] - Slot2执行蓝牙适配器命令(>PROFILE_SET=0&0)超时
17:26:55.957 DUT3蓝牙ID: ACB1EEDF22BC
17:26:55.986 Slot3执行蓝牙适配器命令(>PROFILE_SET=0&0)成功
17:26:57.653 Slot3执行蓝牙适配器命令(>CONN=ACB1EEDF22BC)成功
17:26:58.169 Slot3执行蓝牙适配器命令(>SCO_DISC)成功
17:26:58.685 Slot3执行蓝牙适配器命令(>SCO_CONN)成功
17:26:58.686 Slot3连接蓝牙成功
17:26:58.687 DUT4蓝牙ID: ACB1EEDF21D3
17:27:08.708 [Error] - Slot4执行蓝牙适配器命令(>PROFILE_SET=0&0)超时
17:27:15.814 测试开始...
17:27:15.816 DUT1蓝牙ID: ACB1EEDF216B
17:27:15.876 Slot1执行蓝牙适配器命令(>PROFILE_SET=0&0)成功
17:27:17.709 Slot1执行蓝牙适配器命令(>CONN=ACB1EEDF216B)成功
17:27:18.225 Slot1执行蓝牙适配器命令(>SCO_DISC)成功
17:27:18.742 Slot1执行蓝牙适配器命令(>SCO_CONN)成功
17:27:18.743 Slot1连接蓝牙成功
17:27:18.744 DUT2蓝牙ID: ACB1EEDF22B3
17:27:18.788 Slot2执行蓝牙适配器命令(>PROFILE_SET=0&0)成功
17:27:20.379 Slot2执行蓝牙适配器命令(>CONN=ACB1EEDF22B3)成功
17:27:20.895 Slot2执行蓝牙适配器命令(>SCO_DISC)成功
17:27:21.410 Slot2执行蓝牙适配器命令(>SCO_CONN)成功
17:27:21.411 Slot2连接蓝牙成功
17:27:21.412 DUT3蓝牙ID: ACB1EEDF22BC
17:27:21.441 Slot3执行蓝牙适配器命令(>PROFILE_SET=0&0)成功
17:27:22.754 Slot3执行蓝牙适配器命令(>CONN=ACB1EEDF22BC)成功
17:27:23.268 Slot3执行蓝牙适配器命令(>SCO_DISC)成功
17:27:23.780 Slot3执行蓝牙适配器命令(>SCO_CONN)成功
17:27:23.781 Slot3连接蓝牙成功
17:27:23.782 DUT4蓝牙ID: ACB1EEDF21D3
17:27:23.825 Slot4执行蓝牙适配器命令(>PROFILE_SET=0&0)成功
17:27:25.554 Slot4执行蓝牙适配器命令(>CONN=ACB1EEDF21D3)成功
17:27:26.059 Slot4执行蓝牙适配器命令(>SCO_DISC)成功
17:27:26.576 Slot4执行蓝牙适配器命令(>SCO_CONN)成功
17:27:26.577 Slot4连接蓝牙成功
17:27:26.582 Spk模式测试开始...
17:27:26.583 Spk Mode
17:27:52.682 Spk模式测试完成
17:27:52.683 开始计算数据...
17:28:01.103 Mic模式测试开始...
17:28:16.217 Mic模式测试完成
17:28:16.218 开始计算数据...
17:28:27.331 测试完成

17:37:47.997 Start...
17:37:47.997 Config file: D:\soft\LSApp-1218\x64\Debug\Config.ini
17:37:47.998 Script file: D:\soft\LSApp-1218\x64\Debug\Script\PhoneWatch_231123.ini
17:38:31.525 打开Slot1端口(COM6, Baud=921600)成功
17:38:31.741 打开Slot2端口(COM4, Baud=921600)成功
17:38:31.959 打开Slot3端口(COM3, Baud=921600)成功
17:38:32.177 打开Slot4端口(COM7, Baud=921600)成功
17:38:37.162 测试开始...
17:38:37.164 DUT1蓝牙ID: ACB1EEDF216B
17:38:37.224 Slot1执行蓝牙适配器命令(>PROFILE_SET=0&0)成功
17:38:39.049 Slot1执行蓝牙适配器命令(>CONN=ACB1EEDF216B)成功
17:38:39.564 Slot1执行蓝牙适配器命令(>SCO_DISC)成功
17:38:40.080 Slot1执行蓝牙适配器命令(>SCO_CONN)成功
17:38:40.081 Slot1连接蓝牙成功
17:38:40.082 DUT2蓝牙ID: ACB1EEDF22B3
17:38:40.126 Slot2执行蓝牙适配器命令(>PROFILE_SET=0&0)成功
17:38:41.597 Slot2执行蓝牙适配器命令(>CONN=ACB1EEDF22B3)成功
17:38:42.099 Slot2执行蓝牙适配器命令(>SCO_DISC)成功
17:38:42.615 Slot2执行蓝牙适配器命令(>SCO_CONN)成功
17:38:42.616 Slot2连接蓝牙成功
17:38:42.617 DUT3蓝牙ID: ACB1EEDF22BC
17:38:42.660 Slot3执行蓝牙适配器命令(>PROFILE_SET=0&0)成功
17:38:44.171 Slot3执行蓝牙适配器命令(>CONN=ACB1EEDF22BC)成功
17:38:44.688 Slot3执行蓝牙适配器命令(>SCO_DISC)成功
17:38:45.190 Slot3执行蓝牙适配器命令(>SCO_CONN)成功
17:38:45.191 Slot3连接蓝牙成功
17:38:45.192 DUT4蓝牙ID: ACB1EEDF21D3
17:38:55.232 [Error] - Slot4执行蓝牙适配器命令(>PROFILE_SET=0&0)超时
17:39:01.303 测试开始...
17:39:01.304 DUT1蓝牙ID: ACB1EEDF216B
17:39:01.385 Slot1执行蓝牙适配器命令(>PROFILE_SET=0&0)成功
17:39:03.197 Slot1执行蓝牙适配器命令(>CONN=ACB1EEDF216B)成功
17:39:03.710 Slot1执行蓝牙适配器命令(>SCO_DISC)成功
17:39:04.223 Slot1执行蓝牙适配器命令(>SCO_CONN)成功
17:39:04.224 Slot1连接蓝牙成功
17:39:04.224 DUT2蓝牙ID: ACB1EEDF22B3
17:39:04.254 Slot2执行蓝牙适配器命令(>PROFILE_SET=0&0)成功
17:39:05.735 Slot2执行蓝牙适配器命令(>CONN=ACB1EEDF22B3)成功
17:39:06.250 Slot2执行蓝牙适配器命令(>SCO_DISC)成功
17:39:06.767 Slot2执行蓝牙适配器命令(>SCO_CONN)成功
17:39:06.768 Slot2连接蓝牙成功
17:39:06.769 DUT3蓝牙ID: ACB1EEDF22BC
17:39:06.798 Slot3执行蓝牙适配器命令(>PROFILE_SET=0&0)成功
17:39:08.300 Slot3执行蓝牙适配器命令(>CONN=ACB1EEDF22BC)成功
17:39:08.816 Slot3执行蓝牙适配器命令(>SCO_DISC)成功
17:39:09.328 Slot3执行蓝牙适配器命令(>SCO_CONN)成功
17:39:09.329 Slot3连接蓝牙成功
17:39:09.329 DUT4蓝牙ID: ACB1EEDF21D3
17:39:09.358 Slot4执行蓝牙适配器命令(>PROFILE_SET=0&0)成功
17:39:11.017 Slot4执行蓝牙适配器命令(>CONN=ACB1EEDF21D3)成功
17:39:11.532 Slot4执行蓝牙适配器命令(>SCO_DISC)成功
17:39:12.048 Slot4执行蓝牙适配器命令(>SCO_CONN)成功
17:39:12.049 Slot4连接蓝牙成功
17:39:12.053 Spk模式测试开始...
17:39:12.053 Spk Mode
17:39:38.103 Spk模式测试完成
17:39:38.104 开始计算数据...
17:40:42.873 Start...
17:40:42.874 Config file: D:\soft\LSApp-1218\x64\Debug\Config.ini
17:40:42.874 Script file: D:\soft\LSApp-1218\x64\Debug\Script\PhoneWatch_231123.ini
17:41:26.074 打开Slot1端口(COM6, Baud=921600)成功
17:41:26.292 打开Slot2端口(COM4, Baud=921600)成功
17:41:26.508 打开Slot3端口(COM3, Baud=921600)成功
17:41:26.727 打开Slot4端口(COM7, Baud=921600)成功
17:41:36.873 测试开始...
17:41:36.876 DUT1蓝牙ID: ACB1EEDF216B
17:41:36.944 Slot1执行蓝牙适配器命令(>PROFILE_SET=0&0)成功
17:41:38.784 Slot1执行蓝牙适配器命令(>CONN=ACB1EEDF216B)成功
17:41:39.287 Slot1执行蓝牙适配器命令(>SCO_DISC)成功
17:41:39.802 Slot1执行蓝牙适配器命令(>SCO_CONN)成功
17:41:39.803 Slot1连接蓝牙成功
17:41:39.804 DUT2蓝牙ID: ACB1EEDF22B3
17:41:39.832 Slot2执行蓝牙适配器命令(>PROFILE_SET=0&0)成功
17:41:41.282 Slot2执行蓝牙适配器命令(>CONN=ACB1EEDF22B3)成功
17:41:41.794 Slot2执行蓝牙适配器命令(>SCO_DISC)成功
17:41:42.310 Slot2执行蓝牙适配器命令(>SCO_CONN)成功
17:41:42.312 Slot2连接蓝牙成功
17:41:42.312 DUT3蓝牙ID: ACB1EEDF22BC
17:41:52.341 [Error] - Slot3执行蓝牙适配器命令(>PROFILE_SET=0&0)超时
17:41:52.342 DUT4蓝牙ID: ACB1EEDF21D3
17:41:52.373 Slot4执行蓝牙适配器命令(>PROFILE_SET=0&0)成功
17:41:54.080 Slot4执行蓝牙适配器命令(>CONN=ACB1EEDF21D3)成功
17:41:54.583 Slot4执行蓝牙适配器命令(>SCO_DISC)成功
17:41:55.098 Slot4执行蓝牙适配器命令(>SCO_CONN)成功
17:41:55.100 Slot4连接蓝牙成功
17:41:59.801 测试开始...
17:41:59.803 DUT1蓝牙ID: ACB1EEDF216B
17:41:59.871 Slot1执行蓝牙适配器命令(>PROFILE_SET=0&0)成功
17:42:01.705 Slot1执行蓝牙适配器命令(>CONN=ACB1EEDF216B)成功
17:42:02.221 Slot1执行蓝牙适配器命令(>SCO_DISC)成功
17:42:02.734 Slot1执行蓝牙适配器命令(>SCO_CONN)成功
17:42:02.735 Slot1连接蓝牙成功
17:42:02.736 DUT2蓝牙ID: ACB1EEDF22B3
17:42:02.765 Slot2执行蓝牙适配器命令(>PROFILE_SET=0&0)成功
17:42:04.203 Slot2执行蓝牙适配器命令(>CONN=ACB1EEDF22B3)成功
17:42:04.720 Slot2执行蓝牙适配器命令(>SCO_DISC)成功
17:42:05.223 Slot2执行蓝牙适配器命令(>SCO_CONN)成功
17:42:05.224 Slot2连接蓝牙成功
17:42:05.225 DUT3蓝牙ID: ACB1EEDF22BC
17:42:15.263 [Error] - Slot3执行蓝牙适配器命令(>PROFILE_SET=0&0)超时
17:42:15.264 DUT4蓝牙ID: ACB1EEDF21D3
17:42:15.295 Slot4执行蓝牙适配器命令(>PROFILE_SET=0&0)成功
17:42:17.024 Slot4执行蓝牙适配器命令(>CONN=ACB1EEDF21D3)成功
17:42:17.539 Slot4执行蓝牙适配器命令(>SCO_DISC)成功
17:42:18.057 Slot4执行蓝牙适配器命令(>SCO_CONN)成功
17:42:18.058 Slot4连接蓝牙成功
17:42:22.056 测试开始...
17:42:22.058 DUT1蓝牙ID: ACB1EEDF216B
17:42:22.119 Slot1执行蓝牙适配器命令(>PROFILE_SET=0&0)成功
17:42:23.927 Slot1执行蓝牙适配器命令(>CONN=ACB1EEDF216B)成功
17:42:24.444 Slot1执行蓝牙适配器命令(>SCO_DISC)成功
17:42:24.962 Slot1执行蓝牙适配器命令(>SCO_CONN)成功
17:42:24.963 Slot1连接蓝牙成功
17:42:24.963 DUT2蓝牙ID: ACB1EEDF22B3
17:42:24.993 Slot2执行蓝牙适配器命令(>PROFILE_SET=0&0)成功
17:42:26.489 Slot2执行蓝牙适配器命令(>CONN=ACB1EEDF22B3)成功
17:42:27.006 Slot2执行蓝牙适配器命令(>SCO_DISC)成功
17:42:27.520 Slot2执行蓝牙适配器命令(>SCO_CONN)成功
17:42:27.521 Slot2连接蓝牙成功
17:42:27.522 DUT3蓝牙ID: ACB1EEDF22BC
17:42:37.559 [Error] - Slot3执行蓝牙适配器命令(>PROFILE_SET=0&0)超时
17:42:37.561 DUT4蓝牙ID: ACB1EEDF21D3
17:42:37.590 Slot4执行蓝牙适配器命令(>PROFILE_SET=0&0)成功
17:42:39.305 Slot4执行蓝牙适配器命令(>CONN=ACB1EEDF21D3)成功
17:42:39.809 Slot4执行蓝牙适配器命令(>SCO_DISC)成功
17:42:40.321 Slot4执行蓝牙适配器命令(>SCO_CONN)成功
17:42:40.322 Slot4连接蓝牙成功
17:42:48.169 测试开始...
17:42:48.170 DUT1蓝牙ID: ACB1EEDF216B
17:42:48.235 Slot1执行蓝牙适配器命令(>PROFILE_SET=0&0)成功
17:42:50.075 Slot1执行蓝牙适配器命令(>CONN=ACB1EEDF216B)成功
17:42:50.592 Slot1执行蓝牙适配器命令(>SCO_DISC)成功
17:42:51.108 Slot1执行蓝牙适配器命令(>SCO_CONN)成功
17:42:51.109 Slot1连接蓝牙成功
17:42:51.110 DUT2蓝牙ID: ACB1EEDF22B3
17:42:51.154 Slot2执行蓝牙适配器命令(>PROFILE_SET=0&0)成功
17:42:52.605 Slot2执行蓝牙适配器命令(>CONN=ACB1EEDF22B3)成功
17:42:53.122 Slot2执行蓝牙适配器命令(>SCO_DISC)成功
17:42:53.635 Slot2执行蓝牙适配器命令(>SCO_CONN)成功
17:42:53.636 Slot2连接蓝牙成功
17:42:53.637 DUT3蓝牙ID: ACB1EEDF22BC
17:42:53.680 Slot3执行蓝牙适配器命令(>PROFILE_SET=0&0)成功
17:42:55.536 Slot3执行蓝牙适配器命令(>CONN=ACB1EEDF22BC)成功
17:42:56.052 Slot3执行蓝牙适配器命令(>SCO_DISC)成功
17:42:56.563 Slot3执行蓝牙适配器命令(>SCO_CONN)成功
17:42:56.564 Slot3连接蓝牙成功
17:42:56.565 DUT4蓝牙ID: ACB1EEDF21D3
17:42:56.594 Slot4执行蓝牙适配器命令(>PROFILE_SET=0&0)成功
17:42:57.712 Slot4执行蓝牙适配器命令(>CONN=ACB1EEDF21D3)成功
17:42:58.224 Slot4执行蓝牙适配器命令(>SCO_DISC)成功
17:42:58.738 Slot4执行蓝牙适配器命令(>SCO_CONN)成功
17:42:58.739 Slot4连接蓝牙成功
17:42:58.741 Spk模式测试开始...
17:42:58.741 Spk Mode
17:43:24.766 Spk模式测试完成
17:43:24.768 开始计算数据...
17:43:32.938 Mic模式测试开始...
17:43:48.188 Mic模式测试完成
17:43:48.189 开始计算数据...
17:43:59.982 测试完成

17:48:23.352 Start...
17:48:23.352 Config file: D:\soft\LSApp-1218\x64\Debug\Config.ini
17:48:23.353 Script file: D:\soft\LSApp-1218\x64\Debug\Script\PhoneWatch_231123.ini
17:49:06.849 打开Slot1端口(COM6, Baud=921600)成功
17:49:07.068 打开Slot2端口(COM4, Baud=921600)成功
17:49:07.286 打开Slot3端口(COM3, Baud=921600)成功
17:49:07.503 打开Slot4端口(COM7, Baud=921600)成功
17:49:14.892 测试开始...
17:49:14.893 DUT1蓝牙ID: ACB1EEDF216B
17:49:14.965 Slot1执行蓝牙适配器命令(>PROFILE_SET=0&0)成功
17:49:16.791 Slot1执行蓝牙适配器命令(>CONN=ACB1EEDF216B)成功
17:49:17.308 Slot1执行蓝牙适配器命令(>SCO_DISC)成功
17:49:17.824 Slot1执行蓝牙适配器命令(>SCO_CONN)成功
17:49:17.825 Slot1连接蓝牙成功
17:49:17.826 DUT2蓝牙ID: ACB1EEDF22B3
17:49:17.854 Slot2执行蓝牙适配器命令(>PROFILE_SET=0&0)成功
17:49:19.301 Slot2执行蓝牙适配器命令(>CONN=ACB1EEDF22B3)成功
17:49:19.819 Slot2执行蓝牙适配器命令(>SCO_DISC)成功
17:49:20.336 Slot2执行蓝牙适配器命令(>SCO_CONN)成功
17:49:20.337 Slot2连接蓝牙成功
17:49:20.338 DUT3蓝牙ID: ACB1EEDF22BC
17:49:20.381 Slot3执行蓝牙适配器命令(>PROFILE_SET=0&0)成功
17:49:21.846 Slot3执行蓝牙适配器命令(>CONN=ACB1EEDF22BC)成功
17:49:22.363 Slot3执行蓝牙适配器命令(>SCO_DISC)成功
17:49:22.880 Slot3执行蓝牙适配器命令(>SCO_CONN)成功
17:49:22.881 Slot3连接蓝牙成功
17:49:22.882 DUT4蓝牙ID: ACB1EEDF21D3
17:49:22.926 Slot4执行蓝牙适配器命令(>PROFILE_SET=0&0)成功
17:49:24.423 Slot4执行蓝牙适配器命令(>CONN=ACB1EEDF21D3)成功
17:49:24.939 Slot4执行蓝牙适配器命令(>SCO_DISC)成功
17:49:25.452 Slot4执行蓝牙适配器命令(>SCO_CONN)成功
17:49:25.453 Slot4连接蓝牙成功
17:49:25.457 Spk模式测试开始...
17:49:25.457 Spk Mode
17:49:51.605 Spk模式测试完成
17:49:51.607 开始计算数据...
17:50:21.433 Mic模式测试开始...
17:50:36.728 Mic模式测试完成
17:50:36.728 开始计算数据...
17:52:49.073 测试完成

17:54:55.852 测试开始...
17:54:55.873 DUT1蓝牙ID: ACB1EEDF216B
17:54:55.953 Slot1执行蓝牙适配器命令(>PROFILE_SET=0&0)成功
17:54:57.786 Slot1执行蓝牙适配器命令(>CONN=ACB1EEDF216B)成功
17:54:58.295 Slot1执行蓝牙适配器命令(>SCO_DISC)成功
17:54:58.810 Slot1执行蓝牙适配器命令(>SCO_CONN)成功
17:54:58.812 Slot1连接蓝牙成功
17:54:58.813 DUT2蓝牙ID: ACB1EEDF22B3
17:54:58.857 Slot2执行蓝牙适配器命令(>PROFILE_SET=0&0)成功
17:55:00.307 Slot2执行蓝牙适配器命令(>CONN=ACB1EEDF22B3)成功
17:55:00.808 Slot2执行蓝牙适配器命令(>SCO_DISC)成功
17:55:01.310 Slot2执行蓝牙适配器命令(>SCO_CONN)成功
17:55:01.310 Slot2连接蓝牙成功
17:55:01.311 DUT3蓝牙ID: ACB1EEDF22BC
17:55:01.342 Slot3执行蓝牙适配器命令(>PROFILE_SET=0&0)成功
17:55:02.856 Slot3执行蓝牙适配器命令(>CONN=ACB1EEDF22BC)成功
17:55:03.372 Slot3执行蓝牙适配器命令(>SCO_DISC)成功
17:55:03.890 Slot3执行蓝牙适配器命令(>SCO_CONN)成功
17:55:03.891 Slot3连接蓝牙成功
17:55:03.892 DUT4蓝牙ID: ACB1EEDF21D3
17:55:13.921 [Error] - Slot4执行蓝牙适配器命令(>PROFILE_SET=0&0)超时
17:56:09.033 Start...
17:56:09.034 Config file: D:\soft\LSApp-1218\x64\Debug\Config.ini
17:56:09.034 Script file: D:\soft\LSApp-1218\x64\Debug\Script\PhoneWatch_231123.ini
17:56:53.126 打开Slot1端口(COM6, Baud=921600)成功
17:56:53.345 打开Slot2端口(COM4, Baud=921600)成功
17:56:53.564 打开Slot3端口(COM3, Baud=921600)成功
17:56:53.782 打开Slot4端口(COM7, Baud=921600)成功
17:57:07.224 测试开始...
17:57:07.226 DUT1蓝牙ID: ACB1EEDF216B
17:57:07.303 Slot1执行蓝牙适配器命令(>PROFILE_SET=0&0)成功
17:57:09.103 Slot1执行蓝牙适配器命令(>CONN=ACB1EEDF216B)成功
17:57:09.620 Slot1执行蓝牙适配器命令(>SCO_DISC)成功
17:57:10.137 Slot1执行蓝牙适配器命令(>SCO_CONN)成功
17:57:10.138 Slot1连接蓝牙成功
17:57:10.139 DUT2蓝牙ID: ACB1EEDF22B3
17:57:10.183 Slot2执行蓝牙适配器命令(>PROFILE_SET=0&0)成功
17:57:11.669 Slot2执行蓝牙适配器命令(>CONN=ACB1EEDF22B3)成功
17:57:12.183 Slot2执行蓝牙适配器命令(>SCO_DISC)成功
17:57:12.685 Slot2执行蓝牙适配器命令(>SCO_CONN)成功
17:57:12.686 Slot2连接蓝牙成功
17:57:12.687 DUT3蓝牙ID: ACB1EEDF22BC
17:57:12.730 Slot3执行蓝牙适配器命令(>PROFILE_SET=0&0)成功
17:57:14.216 Slot3执行蓝牙适配器命令(>CONN=ACB1EEDF22BC)成功
17:57:14.731 Slot3执行蓝牙适配器命令(>SCO_DISC)成功
17:57:15.242 Slot3执行蓝牙适配器命令(>SCO_CONN)成功
17:57:15.243 Slot3连接蓝牙成功
17:57:15.244 DUT4蓝牙ID: ACB1EEDF21D3
17:57:15.272 Slot4执行蓝牙适配器命令(>PROFILE_SET=0&0)成功
17:57:17.252 Slot4执行蓝牙适配器命令(>CONN=ACB1EEDF21D3)成功
17:57:17.770 Slot4执行蓝牙适配器命令(>SCO_DISC)成功
17:57:18.285 Slot4执行蓝牙适配器命令(>SCO_CONN)成功
17:57:18.286 Slot4连接蓝牙成功
17:57:18.290 Spk模式测试开始...
17:57:18.290 Spk Mode
17:57:44.220 Spk模式测试完成
17:57:44.221 开始计算数据...
18:00:56.264 Start...
18:00:56.265 Config file: D:\soft\LSApp-1218\x64\Debug\Config.ini
18:00:56.265 Script file: D:\soft\LSApp-1218\x64\Debug\Script\PhoneWatch_231123.ini
18:01:48.986 Start...
18:01:48.987 Config file: D:\soft\LSApp-1218\x64\Debug\Config.ini
18:01:48.987 Script file: D:\soft\LSApp-1218\x64\Debug\Script\PhoneWatch_231123.ini
18:02:33.442 打开Slot1端口(COM6, Baud=921600)成功
18:02:33.659 打开Slot2端口(COM4, Baud=921600)成功
18:02:33.877 打开Slot3端口(COM3, Baud=921600)成功
18:02:34.097 打开Slot4端口(COM7, Baud=921600)成功
18:02:39.385 测试开始...
18:02:39.386 DUT1蓝牙ID: ACB1EEDF216B
18:02:39.465 Slot1执行蓝牙适配器命令(>PROFILE_SET=0&0)成功
18:02:41.297 Slot1执行蓝牙适配器命令(>CONN=ACB1EEDF216B)成功
18:02:41.815 Slot1执行蓝牙适配器命令(>SCO_DISC)成功
18:02:42.327 Slot1执行蓝牙适配器命令(>SCO_CONN)成功
18:02:42.328 Slot1连接蓝牙成功
18:02:42.328 DUT2蓝牙ID: ACB1EEDF22B3
18:02:42.358 Slot2执行蓝牙适配器命令(>PROFILE_SET=0&0)成功
18:02:43.838 Slot2执行蓝牙适配器命令(>CONN=ACB1EEDF22B3)成功
18:02:44.351 Slot2执行蓝牙适配器命令(>SCO_DISC)成功
18:02:44.867 Slot2执行蓝牙适配器命令(>SCO_CONN)成功
18:02:44.868 Slot2连接蓝牙成功
18:02:44.869 DUT3蓝牙ID: ACB1EEDF22BC
18:02:44.912 Slot3执行蓝牙适配器命令(>PROFILE_SET=0&0)成功
18:02:46.360 Slot3执行蓝牙适配器命令(>CONN=ACB1EEDF22BC)成功
18:02:46.874 Slot3执行蓝牙适配器命令(>SCO_DISC)成功
18:02:47.390 Slot3执行蓝牙适配器命令(>SCO_CONN)成功
18:02:47.391 Slot3连接蓝牙成功
18:02:47.392 DUT4蓝牙ID: ACB1EEDF21D3
18:02:47.436 Slot4执行蓝牙适配器命令(>PROFILE_SET=0&0)成功
18:02:48.946 Slot4执行蓝牙适配器命令(>CONN=ACB1EEDF21D3)成功
18:02:49.462 Slot4执行蓝牙适配器命令(>SCO_DISC)成功
18:02:49.975 Slot4执行蓝牙适配器命令(>SCO_CONN)成功
18:02:49.976 Slot4连接蓝牙成功
18:02:49.980 Spk模式测试开始...
18:02:49.980 Spk Mode
18:03:15.943 Spk模式测试完成
18:03:15.945 开始计算数据...
18:04:51.413 Start...
18:04:51.414 Config file: D:\soft\LSApp-1218\x64\Debug\Config.ini
18:04:51.414 Script file: D:\soft\LSApp-1218\x64\Debug\Script\PhoneWatch_231123.ini
18:05:34.742 打开Slot1端口(COM6, Baud=921600)成功
18:05:34.959 打开Slot2端口(COM4, Baud=921600)成功
18:05:35.175 打开Slot3端口(COM3, Baud=921600)成功
18:05:35.395 打开Slot4端口(COM7, Baud=921600)成功
18:05:39.835 测试开始...
18:05:39.836 DUT1蓝牙ID: ACB1EEDF216B
18:05:39.908 Slot1执行蓝牙适配器命令(>PROFILE_SET=0&0)成功
18:05:41.751 Slot1执行蓝牙适配器命令(>CONN=ACB1EEDF216B)成功
18:05:42.267 Slot1执行蓝牙适配器命令(>SCO_DISC)成功
18:05:42.785 Slot1执行蓝牙适配器命令(>SCO_CONN)成功
18:05:42.786 Slot1连接蓝牙成功
18:05:42.787 DUT2蓝牙ID: ACB1EEDF22B3
18:05:52.814 [Error] - Slot2执行蓝牙适配器命令(>PROFILE_SET=0&0)超时
18:05:52.815 DUT3蓝牙ID: ACB1EEDF22BC
18:05:52.846 Slot3执行蓝牙适配器命令(>PROFILE_SET=0&0)成功
18:05:54.473 Slot3执行蓝牙适配器命令(>CONN=ACB1EEDF22BC)成功
18:05:54.989 Slot3执行蓝牙适配器命令(>SCO_DISC)成功
18:05:55.506 Slot3执行蓝牙适配器命令(>SCO_CONN)成功
18:05:55.507 Slot3连接蓝牙成功
18:05:55.508 DUT4蓝牙ID: ACB1EEDF21D3
18:05:55.538 Slot4执行蓝牙适配器命令(>PROFILE_SET=0&0)成功
18:05:57.081 Slot4执行蓝牙适配器命令(>CONN=ACB1EEDF21D3)成功
18:05:57.595 Slot4执行蓝牙适配器命令(>SCO_DISC)成功
18:05:58.098 Slot4执行蓝牙适配器命令(>SCO_CONN)成功
18:05:58.099 Slot4连接蓝牙成功
18:06:14.409 测试开始...
18:06:14.411 DUT1蓝牙ID: ACB1EEDF216B
18:06:14.490 Slot1执行蓝牙适配器命令(>PROFILE_SET=0&0)成功
18:06:16.315 Slot1执行蓝牙适配器命令(>CONN=ACB1EEDF216B)成功
18:06:16.831 Slot1执行蓝牙适配器命令(>SCO_DISC)成功
18:06:17.345 Slot1执行蓝牙适配器命令(>SCO_CONN)成功
18:06:17.346 Slot1连接蓝牙成功
18:06:17.347 DUT2蓝牙ID: ACB1EEDF22B3
18:06:17.390 Slot2执行蓝牙适配器命令(>PROFILE_SET=0&0)成功
18:06:18.825 Slot2执行蓝牙适配器命令(>CONN=ACB1EEDF22B3)成功
18:06:19.342 Slot2执行蓝牙适配器命令(>SCO_DISC)成功
18:06:19.856 Slot2执行蓝牙适配器命令(>SCO_CONN)成功
18:06:19.857 Slot2连接蓝牙成功
18:06:19.858 DUT3蓝牙ID: ACB1EEDF22BC
18:06:19.902 Slot3执行蓝牙适配器命令(>PROFILE_SET=0&0)成功
18:06:21.400 Slot3执行蓝牙适配器命令(>CONN=ACB1EEDF22BC)成功
18:06:21.917 Slot3执行蓝牙适配器命令(>SCO_DISC)成功
18:06:22.429 Slot3执行蓝牙适配器命令(>SCO_CONN)成功
18:06:22.429 Slot3连接蓝牙成功
18:06:22.430 DUT4蓝牙ID: ACB1EEDF21D3
18:06:22.459 Slot4执行蓝牙适配器命令(>PROFILE_SET=0&0)成功
18:06:23.962 Slot4执行蓝牙适配器命令(>CONN=ACB1EEDF21D3)成功
18:06:24.475 Slot4执行蓝牙适配器命令(>SCO_DISC)成功
18:06:24.989 Slot4执行蓝牙适配器命令(>SCO_CONN)成功
18:06:24.990 Slot4连接蓝牙成功
18:06:24.994 Spk模式测试开始...
18:06:24.994 Spk Mode
18:06:51.239 Spk模式测试完成
18:06:51.241 开始计算数据...
18:07:18.301 Mic模式测试开始...
18:07:32.756 Mic模式测试完成
18:07:32.756 开始计算数据...
18:07:44.619 测试完成

18:11:26.623 Start...
18:11:26.624 Config file: D:\soft\LSApp-1218\x64\Debug\Config.ini
18:11:26.624 Script file: D:\soft\LSApp-1218\x64\Debug\Script\PhoneWatch_231123.ini
18:12:39.024 打开Slot1端口(COM6, Baud=921600)成功
18:12:39.241 打开Slot2端口(COM4, Baud=921600)成功
18:12:39.460 打开Slot3端口(COM3, Baud=921600)成功
18:12:39.675 打开Slot4端口(COM7, Baud=921600)成功
18:12:42.540 测试开始...
18:12:42.541 DUT1蓝牙ID: ACB1EEDF216B
18:12:42.609 Slot1执行蓝牙适配器命令(>PROFILE_SET=0&0)成功
18:12:44.419 Slot1执行蓝牙适配器命令(>CONN=ACB1EEDF216B)成功
18:12:44.921 Slot1执行蓝牙适配器命令(>SCO_DISC)成功
18:12:45.425 Slot1执行蓝牙适配器命令(>SCO_CONN)成功
18:12:45.426 Slot1连接蓝牙成功
18:12:45.427 DUT2蓝牙ID: ACB1EEDF22B3
18:12:45.469 Slot2执行蓝牙适配器命令(>PROFILE_SET=0&0)成功
18:12:46.971 Slot2执行蓝牙适配器命令(>CONN=ACB1EEDF22B3)成功
18:12:47.485 Slot2执行蓝牙适配器命令(>SCO_DISC)成功
18:12:47.999 Slot2执行蓝牙适配器命令(>SCO_CONN)成功
18:12:48.000 Slot2连接蓝牙成功
18:12:48.000 DUT3蓝牙ID: ACB1EEDF22BC
18:12:48.031 Slot3执行蓝牙适配器命令(>PROFILE_SET=0&0)成功
18:12:49.519 Slot3执行蓝牙适配器命令(>CONN=ACB1EEDF22BC)成功
18:12:50.034 Slot3执行蓝牙适配器命令(>SCO_DISC)成功
18:12:50.548 Slot3执行蓝牙适配器命令(>SCO_CONN)成功
18:12:50.550 Slot3连接蓝牙成功
18:12:50.551 DUT4蓝牙ID: ACB1EEDF21D3
18:12:50.579 Slot4执行蓝牙适配器命令(>PROFILE_SET=0&0)成功
18:12:52.106 Slot4执行蓝牙适配器命令(>CONN=ACB1EEDF21D3)成功
18:12:52.621 Slot4执行蓝牙适配器命令(>SCO_DISC)成功
18:12:53.139 Slot4执行蓝牙适配器命令(>SCO_CONN)成功
18:12:53.140 Slot4连接蓝牙成功
18:12:53.145 Spk模式测试开始...
18:12:53.145 Spk Mode
18:13:19.263 Spk模式测试完成
18:13:19.264 开始计算数据...
18:13:27.271 Mic模式测试开始...
18:13:42.373 Mic模式测试完成
18:13:42.373 开始计算数据...
18:13:52.296 测试完成

18:26:13.612 测试开始...
18:26:13.635 Spk模式测试开始...
18:26:13.636 Spk Mode
18:26:39.309 Spk模式测试完成
18:26:39.310 开始计算数据...
18:26:45.330 Mic模式测试开始...
18:27:00.589 Mic模式测试完成
18:27:00.589 开始计算数据...
18:27:07.358 测试完成

18:42:33.208 Start...
18:42:33.209 Config file: D:\soft\LSApp-1218\x64\Debug\Config.ini
18:42:33.209 Script file: D:\soft\LSApp-1218\x64\Debug\Script\PhoneWatch_231123.ini
18:43:16.945 打开Slot1端口(COM6, Baud=921600)成功
18:43:17.159 打开Slot2端口(COM4, Baud=921600)成功
18:43:17.375 打开Slot3端口(COM3, Baud=921600)成功
18:43:17.591 打开Slot4端口(COM7, Baud=921600)成功
18:43:21.660 测试开始...
18:43:21.662 DUT1蓝牙ID: ACB1EEDF216B
18:43:21.746 Slot1执行蓝牙适配器命令(>PROFILE_SET=0&0)成功
18:43:23.571 Slot1执行蓝牙适配器命令(>CONN=ACB1EEDF216B)成功
18:43:24.087 Slot1执行蓝牙适配器命令(>SCO_DISC)成功
18:43:24.601 Slot1执行蓝牙适配器命令(>SCO_CONN)成功
18:43:24.602 Slot1连接蓝牙成功
18:43:24.603 DUT2蓝牙ID: ACB1EEDF22B3
18:43:24.647 Slot2执行蓝牙适配器命令(>PROFILE_SET=0&0)成功
18:43:26.115 Slot2执行蓝牙适配器命令(>CONN=ACB1EEDF22B3)成功
18:43:26.619 Slot2执行蓝牙适配器命令(>SCO_DISC)成功
18:43:27.130 Slot2执行蓝牙适配器命令(>SCO_CONN)成功
18:43:27.131 Slot2连接蓝牙成功
18:43:27.132 DUT3蓝牙ID: ACB1EEDF22BC
18:43:27.161 Slot3执行蓝牙适配器命令(>PROFILE_SET=0&0)成功
18:43:28.677 Slot3执行蓝牙适配器命令(>CONN=ACB1EEDF22BC)成功
18:43:29.194 Slot3执行蓝牙适配器命令(>SCO_DISC)成功
18:43:29.712 Slot3执行蓝牙适配器命令(>SCO_CONN)成功
18:43:29.713 Slot3连接蓝牙成功
18:43:29.714 DUT4蓝牙ID: ACB1EEDF21D3
18:43:29.758 Slot4执行蓝牙适配器命令(>PROFILE_SET=0&0)成功
18:43:31.224 Slot4执行蓝牙适配器命令(>CONN=ACB1EEDF21D3)成功
18:43:31.740 Slot4执行蓝牙适配器命令(>SCO_DISC)成功
18:43:32.255 Slot4执行蓝牙适配器命令(>SCO_CONN)成功
18:43:32.256 Slot4连接蓝牙成功
18:43:32.260 Spk模式测试开始...
18:43:32.260 Spk Mode
18:43:58.462 Spk模式测试完成
18:43:58.464 开始计算数据...
18:44:06.818 Mic模式测试开始...
18:44:21.372 Mic模式测试完成
18:44:21.372 开始计算数据...
18:44:32.866 测试完成

18:45:19.261 测试开始...
18:45:19.286 DUT1蓝牙ID: ACB1EEDF216B
18:45:19.367 Slot1执行蓝牙适配器命令(>PROFILE_SET=0&0)成功
18:45:21.196 Slot1执行蓝牙适配器命令(>CONN=ACB1EEDF216B)成功
18:45:21.710 Slot1执行蓝牙适配器命令(>SCO_DISC)成功
18:45:22.220 Slot1执行蓝牙适配器命令(>SCO_CONN)成功
18:45:22.222 Slot1连接蓝牙成功
18:45:22.223 DUT2蓝牙ID: ACB1EEDF22B3
18:45:22.266 Slot2执行蓝牙适配器命令(>PROFILE_SET=0&0)成功
18:45:23.748 Slot2执行蓝牙适配器命令(>CONN=ACB1EEDF22B3)成功
18:45:24.262 Slot2执行蓝牙适配器命令(>SCO_DISC)成功
18:45:24.777 Slot2执行蓝牙适配器命令(>SCO_CONN)成功
18:45:24.778 Slot2连接蓝牙成功
18:45:24.779 DUT3蓝牙ID: ACB1EEDF22BC
18:45:24.807 Slot3执行蓝牙适配器命令(>PROFILE_SET=0&0)成功
18:45:26.252 Slot3执行蓝牙适配器命令(>CONN=ACB1EEDF22BC)成功
18:45:26.755 Slot3执行蓝牙适配器命令(>SCO_DISC)成功
18:45:27.269 Slot3执行蓝牙适配器命令(>SCO_CONN)成功
18:45:27.270 Slot3连接蓝牙成功
18:45:27.271 DUT4蓝牙ID: ACB1EEDF21D3
18:45:27.300 Slot4执行蓝牙适配器命令(>PROFILE_SET=0&0)成功
18:45:28.859 Slot4执行蓝牙适配器命令(>CONN=ACB1EEDF21D3)成功
18:45:29.375 Slot4执行蓝牙适配器命令(>SCO_DISC)成功
18:45:29.892 Slot4执行蓝牙适配器命令(>SCO_CONN)成功
18:45:29.893 Slot4连接蓝牙成功
18:45:29.897 Spk模式测试开始...
18:45:29.897 Spk Mode
18:45:55.642 Spk模式测试完成
18:45:55.644 开始计算数据...
18:46:01.739 Mic模式测试开始...
18:46:17.118 Mic模式测试完成
18:46:17.118 开始计算数据...
18:46:23.954 测试完成

19:26:25.846 Start...
19:26:25.847 Config file: D:\soft\LSApp-1218\x64\Debug\Config.ini
19:26:25.847 Script file: D:\soft\LSApp-1218\x64\Debug\Script\PhoneWatch_231123.ini
19:27:26.067 打开Slot1端口(COM6, Baud=921600)成功
19:27:26.283 打开Slot2端口(COM4, Baud=921600)成功
19:27:26.501 打开Slot3端口(COM3, Baud=921600)成功
19:27:26.717 打开Slot4端口(COM7, Baud=921600)成功
19:31:20.728 测试开始...
19:31:20.730 DUT1蓝牙ID: ACB1EEDF216B
19:31:20.805 Slot1执行蓝牙适配器命令(>PROFILE_SET=0&0)成功
19:31:22.649 Slot1执行蓝牙适配器命令(>CONN=ACB1EEDF216B)成功
19:31:23.167 Slot1执行蓝牙适配器命令(>SCO_DISC)成功
19:31:23.683 Slot1执行蓝牙适配器命令(>SCO_CONN)成功
19:31:23.684 Slot1连接蓝牙成功
19:31:23.685 DUT2蓝牙ID: ACB1EEDF22B3
19:31:23.730 Slot2执行蓝牙适配器命令(>PROFILE_SET=0&0)成功
19:31:25.166 Slot2执行蓝牙适配器命令(>CONN=ACB1EEDF22B3)成功
19:31:25.681 Slot2执行蓝牙适配器命令(>SCO_DISC)成功
19:31:26.196 Slot2执行蓝牙适配器命令(>SCO_CONN)成功
19:31:26.198 Slot2连接蓝牙成功
19:31:26.199 DUT3蓝牙ID: ACB1EEDF22BC
19:31:26.228 Slot3执行蓝牙适配器命令(>PROFILE_SET=0&0)成功
19:31:27.697 Slot3执行蓝牙适配器命令(>CONN=ACB1EEDF22BC)成功
19:31:28.210 Slot3执行蓝牙适配器命令(>SCO_DISC)成功
19:31:28.726 Slot3执行蓝牙适配器命令(>SCO_CONN)成功
19:31:28.727 Slot3连接蓝牙成功
19:31:28.728 DUT4蓝牙ID: ACB1EEDF21D3
19:31:28.757 Slot4执行蓝牙适配器命令(>PROFILE_SET=0&0)成功
19:31:30.272 Slot4执行蓝牙适配器命令(>CONN=ACB1EEDF21D3)成功
19:31:30.787 Slot4执行蓝牙适配器命令(>SCO_DISC)成功
19:31:31.301 Slot4执行蓝牙适配器命令(>SCO_CONN)成功
19:31:31.302 Slot4连接蓝牙成功
19:31:31.305 Spk模式测试开始...
19:31:31.306 Spk Mode
19:31:57.239 Spk模式测试完成
19:31:57.240 开始计算数据...
19:32:05.090 Mic模式测试开始...
19:32:20.505 Mic模式测试完成
19:32:20.505 开始计算数据...
19:32:32.703 测试完成

19:45:25.198 Start...
19:45:25.199 Config file: D:\soft\LSApp-1218\x64\Debug\Config.ini
19:45:25.199 Script file: D:\soft\LSApp-1218\x64\Debug\Script\PhoneWatch_231123.ini
19:46:15.622 打开Slot1端口(COM6, Baud=921600)成功
19:46:15.839 打开Slot2端口(COM4, Baud=921600)成功
19:46:16.059 打开Slot3端口(COM3, Baud=921600)成功
19:46:16.276 打开Slot4端口(COM7, Baud=921600)成功
19:46:22.478 测试开始...
19:46:22.480 DUT1蓝牙ID: ACB1EEDF216B
19:46:22.572 Slot1执行蓝牙适配器命令(>PROFILE_SET=0&0)成功
19:46:24.369 Slot1执行蓝牙适配器命令(>CONN=ACB1EEDF216B)成功
19:46:24.873 Slot1执行蓝牙适配器命令(>SCO_DISC)成功
19:46:25.389 Slot1执行蓝牙适配器命令(>SCO_CONN)成功
19:46:25.390 Slot1连接蓝牙成功
19:46:25.391 DUT2蓝牙ID: ACB1EEDF22B3
19:46:25.435 Slot2执行蓝牙适配器命令(>PROFILE_SET=0&0)成功
19:46:26.903 Slot2执行蓝牙适配器命令(>CONN=ACB1EEDF22B3)成功
19:46:27.418 Slot2执行蓝牙适配器命令(>SCO_DISC)成功
19:46:27.935 Slot2执行蓝牙适配器命令(>SCO_CONN)成功
19:46:27.936 Slot2连接蓝牙成功
19:46:27.937 DUT3蓝牙ID: ACB1EEDF22BC
19:46:27.965 Slot3执行蓝牙适配器命令(>PROFILE_SET=0&0)成功
19:46:29.473 Slot3执行蓝牙适配器命令(>CONN=ACB1EEDF22BC)成功
19:46:29.989 Slot3执行蓝牙适配器命令(>SCO_DISC)成功
19:46:30.491 Slot3执行蓝牙适配器命令(>SCO_CONN)成功
19:46:30.491 Slot3连接蓝牙成功
19:46:30.492 DUT4蓝牙ID: ACB1EEDF21D3
19:46:30.522 Slot4执行蓝牙适配器命令(>PROFILE_SET=0&0)成功
19:46:32.067 Slot4执行蓝牙适配器命令(>CONN=ACB1EEDF21D3)成功
19:46:32.582 Slot4执行蓝牙适配器命令(>SCO_DISC)成功
19:46:33.100 Slot4执行蓝牙适配器命令(>SCO_CONN)成功
19:46:33.101 Slot4连接蓝牙成功
19:46:33.104 Spk模式测试开始...
19:46:33.104 Spk Mode
19:46:59.272 Spk模式测试完成
19:46:59.273 开始计算数据...
19:47:07.425 Mic模式测试开始...
19:47:22.644 Mic模式测试完成
19:47:22.644 开始计算数据...
19:47:35.355 测试完成

19:48:45.152 测试开始...
19:48:45.175 Spk模式测试开始...
19:48:45.175 Spk Mode
19:49:10.950 Spk模式测试完成
19:49:10.951 开始计算数据...
19:49:17.015 Mic模式测试开始...
19:49:32.244 Mic模式测试完成
19:49:32.244 开始计算数据...
19:49:39.111 测试完成

19:50:24.833 测试开始...
19:50:24.854 Spk模式测试开始...
19:50:24.854 Spk Mode
19:50:50.619 Spk模式测试完成
19:50:50.620 开始计算数据...
19:50:57.177 Mic模式测试开始...
19:51:12.398 Mic模式测试完成
19:51:12.398 开始计算数据...
19:51:18.904 测试完成

19:51:40.000 测试开始...
19:51:40.022 Spk模式测试开始...
19:51:40.022 Spk Mode
19:52:05.788 Spk模式测试完成
19:52:05.789 开始计算数据...
19:52:12.737 Mic模式测试开始...
19:52:27.774 Mic模式测试完成
19:52:27.774 开始计算数据...
19:52:34.284 测试完成

19:55:00.152 Start...
19:55:00.153 Config file: D:\soft\LSApp-1218\x64\Debug\Config.ini
19:55:00.153 Script file: D:\soft\LSApp-1218\x64\Debug\Script\PhoneWatch_231123.ini
19:55:44.616 打开Slot1端口(COM6, Baud=921600)成功
19:55:44.834 打开Slot2端口(COM4, Baud=921600)成功
19:55:45.052 打开Slot3端口(COM3, Baud=921600)成功
19:55:45.270 打开Slot4端口(COM7, Baud=921600)成功
19:55:53.631 测试开始...
19:55:53.633 Spk模式测试开始...
19:55:53.633 Spk Mode
19:55:53.633 [Error] - Slot1蓝牙适配器未连接成功！
19:55:53.633 [Error] - Slot2蓝牙适配器未连接成功！
19:55:53.633 [Error] - Slot3蓝牙适配器未连接成功！
19:55:53.634 [Error] - Slot4蓝牙适配器未连接成功！
19:55:53.634 Spk模式测试完成
19:55:53.634 开始计算数据...
19:55:53.724 Mic模式测试开始...
19:56:08.531 Mic模式测试完成
19:56:08.531 开始计算数据...
19:56:19.265 测试完成

19:56:38.591 测试开始...
19:56:38.612 DUT1蓝牙ID: ACB1EEDF216B
19:56:38.697 Slot1执行蓝牙适配器命令(>PROFILE_SET=0&0)成功
19:56:40.497 Slot1执行蓝牙适配器命令(>CONN=ACB1EEDF216B)成功
19:56:40.999 Slot1执行蓝牙适配器命令(>SCO_DISC)成功
19:56:41.511 Slot1执行蓝牙适配器命令(>SCO_CONN)成功
19:56:41.512 Slot1连接蓝牙成功
19:56:41.513 DUT2蓝牙ID: ACB1EEDF22B3
19:56:41.557 Slot2执行蓝牙适配器命令(>PROFILE_SET=0&0)成功
19:56:43.055 Slot2执行蓝牙适配器命令(>CONN=ACB1EEDF22B3)成功
19:56:43.571 Slot2执行蓝牙适配器命令(>SCO_DISC)成功
19:56:44.087 Slot2执行蓝牙适配器命令(>SCO_CONN)成功
19:56:44.088 Slot2连接蓝牙成功
19:56:44.090 DUT3蓝牙ID: ACB1EEDF22BC
19:56:44.133 Slot3执行蓝牙适配器命令(>PROFILE_SET=0&0)成功
19:56:45.604 Slot3执行蓝牙适配器命令(>CONN=ACB1EEDF22BC)成功
19:56:46.120 Slot3执行蓝牙适配器命令(>SCO_DISC)成功
19:56:46.635 Slot3执行蓝牙适配器命令(>SCO_CONN)成功
19:56:46.636 Slot3连接蓝牙成功
19:56:46.637 DUT4蓝牙ID: ACB1EEDF21D3
19:56:46.680 Slot4执行蓝牙适配器命令(>PROFILE_SET=0&0)成功
19:56:48.193 Slot4执行蓝牙适配器命令(>CONN=ACB1EEDF21D3)成功
19:56:48.709 Slot4执行蓝牙适配器命令(>SCO_DISC)成功
19:56:49.223 Slot4执行蓝牙适配器命令(>SCO_CONN)成功
19:56:49.225 Slot4连接蓝牙成功
19:56:49.227 Spk模式测试开始...
19:56:49.228 Spk Mode
19:57:15.096 Spk模式测试完成
19:57:15.097 开始计算数据...
19:57:22.571 Mic模式测试开始...
19:57:37.729 Mic模式测试完成
19:57:37.729 开始计算数据...
19:57:44.512 测试完成

19:59:22.815 测试开始...
19:59:22.838 Spk模式测试开始...
19:59:22.838 Spk Mode
19:59:48.608 Spk模式测试完成
19:59:48.609 开始计算数据...
19:59:55.057 Mic模式测试开始...
20:00:10.259 Mic模式测试完成
20:00:10.259 开始计算数据...
20:00:16.834 测试完成

20:01:09.121 测试开始...
20:01:09.142 Spk模式测试开始...
20:01:09.142 Spk Mode
20:01:34.946 Spk模式测试完成
20:01:34.947 开始计算数据...
20:01:40.913 Mic模式测试开始...
20:01:56.096 Mic模式测试完成
20:01:56.096 开始计算数据...
20:02:03.368 测试完成

20:03:00.832 测试开始...
20:03:00.861 Spk模式测试开始...
20:03:00.861 Spk Mode
20:03:26.654 Spk模式测试完成
20:03:26.655 开始计算数据...
20:03:32.734 Mic模式测试开始...
20:03:47.990 Mic模式测试完成
20:03:47.990 开始计算数据...
20:03:54.570 测试完成

20:06:03.522 测试开始...
20:06:03.546 Spk模式测试开始...
20:06:03.546 Spk Mode
20:06:29.286 Spk模式测试完成
20:06:29.287 开始计算数据...
20:06:35.295 Mic模式测试开始...
20:06:50.205 Mic模式测试完成
20:06:50.205 开始计算数据...
20:06:56.727 测试完成

